2017-11-02 10:25:34 [main] DEBUG e.s.i.a.m.o.p.MonitoringOrchestratorProxy.createMonitorConfigurationForMonitorToolAndMonitorType(118) - Sending message createMonitorConfigurationForMonitorToolAndMonitorType with monitorConfiguration: eu.supersede.integration.api.monitoring.orchestrator.types.MonitorConfiguration@3754a4bf, with monitorToolName: ApacheHttp, with monitorTypeName: QoS to MonitoringOrchestrator at uri http://supersede.es.atos.net:8280/orchestrator/monitoring/MonitorTypes/QoS/Tools/ApacheHttp/ToolConfigurations
2017-11-02 10:25:34 [main] ERROR e.s.i.a.m.o.p.MonitoringOrchestratorProxy.insertandReturnJSONObject(221) - 500 Internal Server Error
org.springframework.web.client.HttpServerErrorException: 500 Internal Server Error
	at org.springframework.web.client.DefaultResponseErrorHandler.handleError(DefaultResponseErrorHandler.java:94)
	at org.springframework.web.client.RestTemplate.handleResponse(RestTemplate.java:667)
	at org.springframework.web.client.RestTemplate.doExecute(RestTemplate.java:620)
	at org.springframework.web.client.RestTemplate.execute(RestTemplate.java:595)
	at org.springframework.web.client.RestTemplate.exchange(RestTemplate.java:557)
	at eu.supersede.integration.rest.client.IFMessageClient.postJsonMessage(IFMessageClient.java:144)
	at eu.supersede.integration.api.proxy.IFServiceProxy.insertandReturnJSONObject(IFServiceProxy.java:211)
	at eu.supersede.integration.api.monitoring.orchestrator.proxies.MonitoringOrchestratorProxy.createMonitorConfigurationForMonitorToolAndMonitorType(MonitoringOrchestratorProxy.java:122)
	at eu.supersede.monitor.reconfiguration.executor.MonitorReconfigExecutor.executeMonitorReconfiguration(MonitorReconfigExecutor.java:53)
	at eu.supersede.monitor.reconfiguration.executor.test.MonitorReconfigExecutorTest.scenario1(MonitorReconfigExecutorTest.java:54)
	at eu.supersede.monitor.reconfiguration.executor.test.MonitorReconfigExecutorTest.UCTest(MonitorReconfigExecutorTest.java:46)
	at sun.reflect.NativeMethodAccessorImpl.invoke0(Native Method)
	at sun.reflect.NativeMethodAccessorImpl.invoke(NativeMethodAccessorImpl.java:62)
	at sun.reflect.DelegatingMethodAccessorImpl.invoke(DelegatingMethodAccessorImpl.java:43)
	at java.lang.reflect.Method.invoke(Method.java:497)
	at org.junit.runners.model.FrameworkMethod$1.runReflectiveCall(FrameworkMethod.java:50)
	at org.junit.internal.runners.model.ReflectiveCallable.run(ReflectiveCallable.java:12)
	at org.junit.runners.model.FrameworkMethod.invokeExplosively(FrameworkMethod.java:47)
	at org.junit.internal.runners.statements.InvokeMethod.evaluate(InvokeMethod.java:17)
	at org.junit.internal.runners.statements.RunBefores.evaluate(RunBefores.java:26)
	at org.junit.runners.ParentRunner.runLeaf(ParentRunner.java:325)
	at org.junit.runners.BlockJUnit4ClassRunner.runChild(BlockJUnit4ClassRunner.java:78)
	at org.junit.runners.BlockJUnit4ClassRunner.runChild(BlockJUnit4ClassRunner.java:57)
	at org.junit.runners.ParentRunner$3.run(ParentRunner.java:290)
	at org.junit.runners.ParentRunner$1.schedule(ParentRunner.java:71)
	at org.junit.runners.ParentRunner.runChildren(ParentRunner.java:288)
	at org.junit.runners.ParentRunner.access$000(ParentRunner.java:58)
	at org.junit.runners.ParentRunner$2.evaluate(ParentRunner.java:268)
	at org.junit.runners.ParentRunner.run(ParentRunner.java:363)
	at org.eclipse.jdt.internal.junit4.runner.JUnit4TestReference.run(JUnit4TestReference.java:86)
	at org.eclipse.jdt.internal.junit.runner.TestExecution.run(TestExecution.java:38)
	at org.eclipse.jdt.internal.junit.runner.RemoteTestRunner.runTests(RemoteTestRunner.java:459)
	at org.eclipse.jdt.internal.junit.runner.RemoteTestRunner.runTests(RemoteTestRunner.java:678)
	at org.eclipse.jdt.internal.junit.runner.RemoteTestRunner.run(RemoteTestRunner.java:382)
	at org.eclipse.jdt.internal.junit.runner.RemoteTestRunner.main(RemoteTestRunner.java:192)
2017-11-02 10:25:34 [main] DEBUG e.s.i.a.m.o.p.MonitoringOrchestratorProxy.updateMonitorConfigurationForMonitorToolAndMonitorType(149) - Sending message updateMonitorConfigurationForMonitorToolAndMonitorType with monitorConfiguration: eu.supersede.integration.api.monitoring.orchestrator.types.MonitorConfiguration@120f102b, with monitorToolName: ApacheHttp, with monitorTypeName: QoS to MonitoringOrchestrator at uri http://supersede.es.atos.net:8280/orchestrator/monitoring/MonitorTypes/QoS/Tools/ApacheHttp/ToolConfigurations/2
2017-11-02 10:25:35 [main] ERROR e.s.i.a.m.o.p.MonitoringOrchestratorProxy.updateAndReturnJSONObject(447) - 404 Not Found
org.springframework.web.client.HttpClientErrorException: 404 Not Found
	at org.springframework.web.client.DefaultResponseErrorHandler.handleError(DefaultResponseErrorHandler.java:91)
	at org.springframework.web.client.RestTemplate.handleResponse(RestTemplate.java:667)
	at org.springframework.web.client.RestTemplate.doExecute(RestTemplate.java:620)
	at org.springframework.web.client.RestTemplate.execute(RestTemplate.java:595)
	at org.springframework.web.client.RestTemplate.exchange(RestTemplate.java:557)
	at eu.supersede.integration.rest.client.IFMessageClient.putJsonMessage(IFMessageClient.java:189)
	at eu.supersede.integration.api.proxy.IFServiceProxy.updateAndReturnJSONObject(IFServiceProxy.java:437)
	at eu.supersede.integration.api.monitoring.orchestrator.proxies.MonitoringOrchestratorProxy.updateMonitorConfigurationForMonitorToolAndMonitorType(MonitoringOrchestratorProxy.java:153)
	at eu.supersede.monitor.reconfiguration.executor.MonitorReconfigExecutor.executeMonitorReconfiguration(MonitorReconfigExecutor.java:57)
	at eu.supersede.monitor.reconfiguration.executor.test.MonitorReconfigExecutorTest.scenario2(MonitorReconfigExecutorTest.java:64)
	at eu.supersede.monitor.reconfiguration.executor.test.MonitorReconfigExecutorTest.UCTest(MonitorReconfigExecutorTest.java:47)
	at sun.reflect.NativeMethodAccessorImpl.invoke0(Native Method)
	at sun.reflect.NativeMethodAccessorImpl.invoke(NativeMethodAccessorImpl.java:62)
	at sun.reflect.DelegatingMethodAccessorImpl.invoke(DelegatingMethodAccessorImpl.java:43)
	at java.lang.reflect.Method.invoke(Method.java:497)
	at org.junit.runners.model.FrameworkMethod$1.runReflectiveCall(FrameworkMethod.java:50)
	at org.junit.internal.runners.model.ReflectiveCallable.run(ReflectiveCallable.java:12)
	at org.junit.runners.model.FrameworkMethod.invokeExplosively(FrameworkMethod.java:47)
	at org.junit.internal.runners.statements.InvokeMethod.evaluate(InvokeMethod.java:17)
	at org.junit.internal.runners.statements.RunBefores.evaluate(RunBefores.java:26)
	at org.junit.runners.ParentRunner.runLeaf(ParentRunner.java:325)
	at org.junit.runners.BlockJUnit4ClassRunner.runChild(BlockJUnit4ClassRunner.java:78)
	at org.junit.runners.BlockJUnit4ClassRunner.runChild(BlockJUnit4ClassRunner.java:57)
	at org.junit.runners.ParentRunner$3.run(ParentRunner.java:290)
	at org.junit.runners.ParentRunner$1.schedule(ParentRunner.java:71)
	at org.junit.runners.ParentRunner.runChildren(ParentRunner.java:288)
	at org.junit.runners.ParentRunner.access$000(ParentRunner.java:58)
	at org.junit.runners.ParentRunner$2.evaluate(ParentRunner.java:268)
	at org.junit.runners.ParentRunner.run(ParentRunner.java:363)
	at org.eclipse.jdt.internal.junit4.runner.JUnit4TestReference.run(JUnit4TestReference.java:86)
	at org.eclipse.jdt.internal.junit.runner.TestExecution.run(TestExecution.java:38)
	at org.eclipse.jdt.internal.junit.runner.RemoteTestRunner.runTests(RemoteTestRunner.java:459)
	at org.eclipse.jdt.internal.junit.runner.RemoteTestRunner.runTests(RemoteTestRunner.java:678)
	at org.eclipse.jdt.internal.junit.runner.RemoteTestRunner.run(RemoteTestRunner.java:382)
	at org.eclipse.jdt.internal.junit.runner.RemoteTestRunner.main(RemoteTestRunner.java:192)
