2017-04-10 13:30:32 [Test worker] INFO  e.s.d.m.m.s.ModelRepositoryControllerTest.logStarting(48) - Starting ModelRepositoryControllerTest on jmotger with PID 8365 (started by jmotger in /home/jmotger/Escritorio/SUPERSEDE/dyn_adapt/Enactment/components/adapter/model/eu.supersede.dynadapt.modelrepository.manager.service)
2017-04-10 13:30:32 [Test worker] DEBUG e.s.d.m.m.s.ModelRepositoryControllerTest.logStarting(51) - Running with Spring Boot v1.4.2.RELEASE, Spring v4.3.4.RELEASE
2017-04-10 13:30:32 [Test worker] INFO  e.s.d.m.m.s.ModelRepositoryControllerTest.logStartupProfileInfo(661) - No active profile set, falling back to default profiles: default
2017-04-10 13:30:32 [Test worker] INFO  o.s.w.c.s.GenericWebApplicationContext.prepareRefresh(582) - Refreshing org.springframework.web.context.support.GenericWebApplicationContext@4bae6661: startup date [Mon Apr 10 13:30:32 CEST 2017]; root of context hierarchy
2017-04-10 13:30:35 [Test worker] INFO  o.s.w.s.m.m.a.RequestMappingHandlerAdapter.initControllerAdviceCache(534) - Looking for @ControllerAdvice: org.springframework.web.context.support.GenericWebApplicationContext@4bae6661: startup date [Mon Apr 10 13:30:32 CEST 2017]; root of context hierarchy
2017-04-10 13:30:35 [Test worker] INFO  o.s.w.s.m.m.a.RequestMappingHandlerMapping.register(543) - Mapped "{[/models/{modelType}],methods=[GET]}" onto public java.lang.String eu.supersede.dynadapt.modelrepository.manager.service.ModelManagerController.listModels(java.lang.String,java.lang.String,java.lang.String,java.lang.String,java.lang.String,java.lang.String,java.lang.String,java.lang.String,java.lang.String,java.lang.String)
2017-04-10 13:30:35 [Test worker] INFO  o.s.w.s.m.m.a.RequestMappingHandlerMapping.register(543) - Mapped "{[/models/{modelType}/{modelId}],methods=[GET]}" onto public java.lang.String eu.supersede.dynadapt.modelrepository.manager.service.ModelManagerController.getModel(java.lang.String,java.lang.String)
2017-04-10 13:30:35 [Test worker] INFO  o.s.w.s.m.m.a.RequestMappingHandlerMapping.register(543) - Mapped "{[/models/{modelType}],methods=[POST]}" onto public java.lang.String eu.supersede.dynadapt.modelrepository.manager.service.ModelManagerController.createModel(java.lang.String,java.lang.String) throws java.lang.Exception
2017-04-10 13:30:35 [Test worker] INFO  o.s.w.s.m.m.a.RequestMappingHandlerMapping.register(543) - Mapped "{[/models/{modelType}/{modelId}],methods=[PUT]}" onto public java.lang.String eu.supersede.dynadapt.modelrepository.manager.service.ModelManagerController.updateModel(java.lang.String,java.lang.String,java.lang.String)
2017-04-10 13:30:35 [Test worker] INFO  o.s.w.s.m.m.a.RequestMappingHandlerMapping.register(543) - Mapped "{[/models/{modelType}/{modelId}],methods=[DELETE]}" onto public void eu.supersede.dynadapt.modelrepository.manager.service.ModelManagerController.deleteModel(java.lang.String,java.lang.String)
2017-04-10 13:30:35 [Test worker] INFO  o.s.w.s.m.m.a.RequestMappingHandlerMapping.register(543) - Mapped "{[/error],produces=[text/html]}" onto public org.springframework.web.servlet.ModelAndView org.springframework.boot.autoconfigure.web.BasicErrorController.errorHtml(javax.servlet.http.HttpServletRequest,javax.servlet.http.HttpServletResponse)
2017-04-10 13:30:35 [Test worker] INFO  o.s.w.s.m.m.a.RequestMappingHandlerMapping.register(543) - Mapped "{[/error]}" onto public org.springframework.http.ResponseEntity<java.util.Map<java.lang.String, java.lang.Object>> org.springframework.boot.autoconfigure.web.BasicErrorController.error(javax.servlet.http.HttpServletRequest)
2017-04-10 13:30:35 [Test worker] INFO  o.s.w.s.h.SimpleUrlHandlerMapping.registerHandler(354) - Mapped URL path [/webjars/**] onto handler of type [class org.springframework.web.servlet.resource.ResourceHttpRequestHandler]
2017-04-10 13:30:35 [Test worker] INFO  o.s.w.s.h.SimpleUrlHandlerMapping.registerHandler(354) - Mapped URL path [/**] onto handler of type [class org.springframework.web.servlet.resource.ResourceHttpRequestHandler]
2017-04-10 13:30:35 [Test worker] INFO  o.s.w.s.h.SimpleUrlHandlerMapping.registerHandler(354) - Mapped URL path [/**/favicon.ico] onto handler of type [class org.springframework.web.servlet.resource.ResourceHttpRequestHandler]
2017-04-10 13:30:35 [Test worker] INFO  e.s.d.m.m.s.ModelRepositoryControllerTest.logStarted(57) - Started ModelRepositoryControllerTest in 3.059 seconds (JVM running for 4.106)
2017-04-10 13:30:35 [Thread-4] INFO  o.s.w.c.s.GenericWebApplicationContext.doClose(987) - Closing org.springframework.web.context.support.GenericWebApplicationContext@4bae6661: startup date [Mon Apr 10 13:30:32 CEST 2017]; root of context hierarchy
2017-04-10 13:39:01 [Test worker] INFO  e.s.d.m.m.s.ModelRepositoryControllerTest.logStarting(48) - Starting ModelRepositoryControllerTest on jmotger with PID 8968 (started by jmotger in /home/jmotger/Escritorio/SUPERSEDE/dyn_adapt/Enactment/components/adapter/model/eu.supersede.dynadapt.modelrepository.manager.service)
2017-04-10 13:39:01 [Test worker] DEBUG e.s.d.m.m.s.ModelRepositoryControllerTest.logStarting(51) - Running with Spring Boot v1.4.2.RELEASE, Spring v4.3.4.RELEASE
2017-04-10 13:39:01 [Test worker] INFO  e.s.d.m.m.s.ModelRepositoryControllerTest.logStartupProfileInfo(661) - No active profile set, falling back to default profiles: default
2017-04-10 13:39:01 [Test worker] INFO  o.s.w.c.s.GenericWebApplicationContext.prepareRefresh(582) - Refreshing org.springframework.web.context.support.GenericWebApplicationContext@4bae6661: startup date [Mon Apr 10 13:39:01 CEST 2017]; root of context hierarchy
2017-04-10 13:39:04 [Test worker] INFO  o.s.w.s.m.m.a.RequestMappingHandlerAdapter.initControllerAdviceCache(534) - Looking for @ControllerAdvice: org.springframework.web.context.support.GenericWebApplicationContext@4bae6661: startup date [Mon Apr 10 13:39:01 CEST 2017]; root of context hierarchy
2017-04-10 13:39:04 [Test worker] INFO  o.s.w.s.m.m.a.RequestMappingHandlerMapping.register(543) - Mapped "{[/models/{modelType}],methods=[GET]}" onto public java.lang.String eu.supersede.dynadapt.modelrepository.manager.service.ModelManagerController.listModels(java.lang.String,java.lang.String,java.lang.String,java.lang.String,java.lang.String,java.lang.String,java.lang.String,java.lang.String,java.lang.String,java.lang.String)
2017-04-10 13:39:04 [Test worker] INFO  o.s.w.s.m.m.a.RequestMappingHandlerMapping.register(543) - Mapped "{[/models/{modelType}/{modelId}],methods=[GET]}" onto public java.lang.String eu.supersede.dynadapt.modelrepository.manager.service.ModelManagerController.getModel(java.lang.String,java.lang.String)
2017-04-10 13:39:04 [Test worker] INFO  o.s.w.s.m.m.a.RequestMappingHandlerMapping.register(543) - Mapped "{[/models/{modelType}],methods=[POST]}" onto public java.lang.String eu.supersede.dynadapt.modelrepository.manager.service.ModelManagerController.createModel(java.lang.String,java.lang.String) throws java.lang.Exception
2017-04-10 13:39:04 [Test worker] INFO  o.s.w.s.m.m.a.RequestMappingHandlerMapping.register(543) - Mapped "{[/models/{modelType}/{modelId}],methods=[PUT]}" onto public java.lang.String eu.supersede.dynadapt.modelrepository.manager.service.ModelManagerController.updateModel(java.lang.String,java.lang.String,java.lang.String)
2017-04-10 13:39:04 [Test worker] INFO  o.s.w.s.m.m.a.RequestMappingHandlerMapping.register(543) - Mapped "{[/models/{modelType}/{modelId}],methods=[DELETE]}" onto public void eu.supersede.dynadapt.modelrepository.manager.service.ModelManagerController.deleteModel(java.lang.String,java.lang.String)
2017-04-10 13:39:04 [Test worker] INFO  o.s.w.s.m.m.a.RequestMappingHandlerMapping.register(543) - Mapped "{[/error],produces=[text/html]}" onto public org.springframework.web.servlet.ModelAndView org.springframework.boot.autoconfigure.web.BasicErrorController.errorHtml(javax.servlet.http.HttpServletRequest,javax.servlet.http.HttpServletResponse)
2017-04-10 13:39:04 [Test worker] INFO  o.s.w.s.m.m.a.RequestMappingHandlerMapping.register(543) - Mapped "{[/error]}" onto public org.springframework.http.ResponseEntity<java.util.Map<java.lang.String, java.lang.Object>> org.springframework.boot.autoconfigure.web.BasicErrorController.error(javax.servlet.http.HttpServletRequest)
2017-04-10 13:39:04 [Test worker] INFO  o.s.w.s.h.SimpleUrlHandlerMapping.registerHandler(354) - Mapped URL path [/webjars/**] onto handler of type [class org.springframework.web.servlet.resource.ResourceHttpRequestHandler]
2017-04-10 13:39:04 [Test worker] INFO  o.s.w.s.h.SimpleUrlHandlerMapping.registerHandler(354) - Mapped URL path [/**] onto handler of type [class org.springframework.web.servlet.resource.ResourceHttpRequestHandler]
2017-04-10 13:39:04 [Test worker] INFO  o.s.w.s.h.SimpleUrlHandlerMapping.registerHandler(354) - Mapped URL path [/**/favicon.ico] onto handler of type [class org.springframework.web.servlet.resource.ResourceHttpRequestHandler]
2017-04-10 13:39:04 [Test worker] INFO  e.s.d.m.m.s.ModelRepositoryControllerTest.logStarted(57) - Started ModelRepositoryControllerTest in 3.09 seconds (JVM running for 4.317)
2017-04-10 13:39:05 [Thread-4] INFO  o.s.w.c.s.GenericWebApplicationContext.doClose(987) - Closing org.springframework.web.context.support.GenericWebApplicationContext@4bae6661: startup date [Mon Apr 10 13:39:01 CEST 2017]; root of context hierarchy
2017-04-10 15:25:47 [Test worker] INFO  e.s.d.m.m.s.ModelRepositoryControllerTest.logStarting(48) - Starting ModelRepositoryControllerTest on jmotger with PID 11776 (started by jmotger in /home/jmotger/Escritorio/SUPERSEDE/dyn_adapt/Enactment/components/adapter/model/eu.supersede.dynadapt.modelrepository.manager.service)
2017-04-10 15:25:47 [Test worker] DEBUG e.s.d.m.m.s.ModelRepositoryControllerTest.logStarting(51) - Running with Spring Boot v1.4.2.RELEASE, Spring v4.3.4.RELEASE
2017-04-10 15:25:47 [Test worker] INFO  e.s.d.m.m.s.ModelRepositoryControllerTest.logStartupProfileInfo(661) - No active profile set, falling back to default profiles: default
2017-04-10 15:25:48 [Test worker] INFO  o.s.w.c.s.GenericWebApplicationContext.prepareRefresh(582) - Refreshing org.springframework.web.context.support.GenericWebApplicationContext@4bae6661: startup date [Mon Apr 10 15:25:48 CEST 2017]; root of context hierarchy
2017-04-10 15:25:50 [Test worker] INFO  o.s.w.s.m.m.a.RequestMappingHandlerAdapter.initControllerAdviceCache(534) - Looking for @ControllerAdvice: org.springframework.web.context.support.GenericWebApplicationContext@4bae6661: startup date [Mon Apr 10 15:25:48 CEST 2017]; root of context hierarchy
2017-04-10 15:25:50 [Test worker] INFO  o.s.w.s.m.m.a.RequestMappingHandlerMapping.register(543) - Mapped "{[/models/{modelType}],methods=[GET]}" onto public java.lang.String eu.supersede.dynadapt.modelrepository.manager.service.ModelManagerController.listModels(java.lang.String,java.lang.String,java.lang.String,java.lang.String,java.lang.String,java.lang.String,java.lang.String,java.lang.String,java.lang.String,java.lang.String)
2017-04-10 15:25:50 [Test worker] INFO  o.s.w.s.m.m.a.RequestMappingHandlerMapping.register(543) - Mapped "{[/models/{modelType}/{modelId}],methods=[GET]}" onto public java.lang.String eu.supersede.dynadapt.modelrepository.manager.service.ModelManagerController.getModel(java.lang.String,java.lang.String)
2017-04-10 15:25:50 [Test worker] INFO  o.s.w.s.m.m.a.RequestMappingHandlerMapping.register(543) - Mapped "{[/models/{modelType}/{modelId}],methods=[PUT]}" onto public java.lang.String eu.supersede.dynadapt.modelrepository.manager.service.ModelManagerController.updateModel(java.lang.String,java.lang.String,java.lang.String)
2017-04-10 15:25:50 [Test worker] INFO  o.s.w.s.m.m.a.RequestMappingHandlerMapping.register(543) - Mapped "{[/models/{modelType}/{modelId}],methods=[DELETE]}" onto public void eu.supersede.dynadapt.modelrepository.manager.service.ModelManagerController.deleteModel(java.lang.String,java.lang.String)
2017-04-10 15:25:50 [Test worker] INFO  o.s.w.s.m.m.a.RequestMappingHandlerMapping.register(543) - Mapped "{[/models/{modelType}],methods=[POST]}" onto public java.lang.String eu.supersede.dynadapt.modelrepository.manager.service.ModelManagerController.createModel(java.lang.String,java.lang.String) throws java.lang.Exception
2017-04-10 15:25:50 [Test worker] INFO  o.s.w.s.m.m.a.RequestMappingHandlerMapping.register(543) - Mapped "{[/error],produces=[text/html]}" onto public org.springframework.web.servlet.ModelAndView org.springframework.boot.autoconfigure.web.BasicErrorController.errorHtml(javax.servlet.http.HttpServletRequest,javax.servlet.http.HttpServletResponse)
2017-04-10 15:25:50 [Test worker] INFO  o.s.w.s.m.m.a.RequestMappingHandlerMapping.register(543) - Mapped "{[/error]}" onto public org.springframework.http.ResponseEntity<java.util.Map<java.lang.String, java.lang.Object>> org.springframework.boot.autoconfigure.web.BasicErrorController.error(javax.servlet.http.HttpServletRequest)
2017-04-10 15:25:50 [Test worker] INFO  o.s.w.s.h.SimpleUrlHandlerMapping.registerHandler(354) - Mapped URL path [/webjars/**] onto handler of type [class org.springframework.web.servlet.resource.ResourceHttpRequestHandler]
2017-04-10 15:25:50 [Test worker] INFO  o.s.w.s.h.SimpleUrlHandlerMapping.registerHandler(354) - Mapped URL path [/**] onto handler of type [class org.springframework.web.servlet.resource.ResourceHttpRequestHandler]
2017-04-10 15:25:50 [Test worker] INFO  o.s.w.s.h.SimpleUrlHandlerMapping.registerHandler(354) - Mapped URL path [/**/favicon.ico] onto handler of type [class org.springframework.web.servlet.resource.ResourceHttpRequestHandler]
2017-04-10 15:25:50 [Test worker] INFO  e.s.d.m.m.s.ModelRepositoryControllerTest.logStarted(57) - Started ModelRepositoryControllerTest in 3.264 seconds (JVM running for 4.22)
2017-04-10 15:25:51 [Thread-4] INFO  o.s.w.c.s.GenericWebApplicationContext.doClose(987) - Closing org.springframework.web.context.support.GenericWebApplicationContext@4bae6661: startup date [Mon Apr 10 15:25:48 CEST 2017]; root of context hierarchy
2017-04-10 15:41:46 [Test worker] INFO  e.s.d.m.m.s.ModelRepositoryControllerTest.logStarting(48) - Starting ModelRepositoryControllerTest on jmotger with PID 12606 (started by jmotger in /home/jmotger/Escritorio/SUPERSEDE/dyn_adapt/Enactment/components/adapter/model/eu.supersede.dynadapt.modelrepository.manager.service)
2017-04-10 15:41:46 [Test worker] DEBUG e.s.d.m.m.s.ModelRepositoryControllerTest.logStarting(51) - Running with Spring Boot v1.4.2.RELEASE, Spring v4.3.4.RELEASE
2017-04-10 15:41:46 [Test worker] INFO  e.s.d.m.m.s.ModelRepositoryControllerTest.logStartupProfileInfo(661) - No active profile set, falling back to default profiles: default
2017-04-10 15:41:47 [Test worker] INFO  o.s.w.c.s.GenericWebApplicationContext.prepareRefresh(582) - Refreshing org.springframework.web.context.support.GenericWebApplicationContext@4bae6661: startup date [Mon Apr 10 15:41:47 CEST 2017]; root of context hierarchy
2017-04-10 15:41:49 [Test worker] INFO  o.s.w.s.m.m.a.RequestMappingHandlerAdapter.initControllerAdviceCache(534) - Looking for @ControllerAdvice: org.springframework.web.context.support.GenericWebApplicationContext@4bae6661: startup date [Mon Apr 10 15:41:47 CEST 2017]; root of context hierarchy
2017-04-10 15:41:49 [Test worker] INFO  o.s.w.s.m.m.a.RequestMappingHandlerMapping.register(543) - Mapped "{[/models/{modelType}],methods=[GET]}" onto public java.lang.String eu.supersede.dynadapt.modelrepository.manager.service.ModelManagerController.listModels(java.lang.String,java.lang.String,java.lang.String,java.lang.String,java.lang.String,java.lang.String,java.lang.String,java.lang.String,java.lang.String,java.lang.String) throws java.lang.Exception
2017-04-10 15:41:49 [Test worker] INFO  o.s.w.s.m.m.a.RequestMappingHandlerMapping.register(543) - Mapped "{[/models/{modelType}/{modelId}],methods=[GET]}" onto public java.lang.String eu.supersede.dynadapt.modelrepository.manager.service.ModelManagerController.getModel(java.lang.String,java.lang.String)
2017-04-10 15:41:49 [Test worker] INFO  o.s.w.s.m.m.a.RequestMappingHandlerMapping.register(543) - Mapped "{[/models/{modelType}/{modelId}],methods=[PUT]}" onto public java.lang.String eu.supersede.dynadapt.modelrepository.manager.service.ModelManagerController.updateModel(java.lang.String,java.lang.String,java.lang.String)
2017-04-10 15:41:49 [Test worker] INFO  o.s.w.s.m.m.a.RequestMappingHandlerMapping.register(543) - Mapped "{[/models/{modelType}/{modelId}],methods=[DELETE]}" onto public void eu.supersede.dynadapt.modelrepository.manager.service.ModelManagerController.deleteModel(java.lang.String,java.lang.String)
2017-04-10 15:41:49 [Test worker] INFO  o.s.w.s.m.m.a.RequestMappingHandlerMapping.register(543) - Mapped "{[/models/{modelType}],methods=[POST]}" onto public java.lang.String eu.supersede.dynadapt.modelrepository.manager.service.ModelManagerController.createModel(java.lang.String,java.lang.String) throws java.lang.Exception
2017-04-10 15:41:49 [Test worker] INFO  o.s.w.s.m.m.a.RequestMappingHandlerMapping.register(543) - Mapped "{[/error],produces=[text/html]}" onto public org.springframework.web.servlet.ModelAndView org.springframework.boot.autoconfigure.web.BasicErrorController.errorHtml(javax.servlet.http.HttpServletRequest,javax.servlet.http.HttpServletResponse)
2017-04-10 15:41:49 [Test worker] INFO  o.s.w.s.m.m.a.RequestMappingHandlerMapping.register(543) - Mapped "{[/error]}" onto public org.springframework.http.ResponseEntity<java.util.Map<java.lang.String, java.lang.Object>> org.springframework.boot.autoconfigure.web.BasicErrorController.error(javax.servlet.http.HttpServletRequest)
2017-04-10 15:41:49 [Test worker] INFO  o.s.w.s.h.SimpleUrlHandlerMapping.registerHandler(354) - Mapped URL path [/webjars/**] onto handler of type [class org.springframework.web.servlet.resource.ResourceHttpRequestHandler]
2017-04-10 15:41:49 [Test worker] INFO  o.s.w.s.h.SimpleUrlHandlerMapping.registerHandler(354) - Mapped URL path [/**] onto handler of type [class org.springframework.web.servlet.resource.ResourceHttpRequestHandler]
2017-04-10 15:41:49 [Test worker] INFO  o.s.w.s.h.SimpleUrlHandlerMapping.registerHandler(354) - Mapped URL path [/**/favicon.ico] onto handler of type [class org.springframework.web.servlet.resource.ResourceHttpRequestHandler]
2017-04-10 15:41:49 [Test worker] INFO  e.s.d.m.m.s.ModelRepositoryControllerTest.logStarted(57) - Started ModelRepositoryControllerTest in 3.028 seconds (JVM running for 3.995)
2017-04-10 15:41:50 [Thread-4] INFO  o.s.w.c.s.GenericWebApplicationContext.doClose(987) - Closing org.springframework.web.context.support.GenericWebApplicationContext@4bae6661: startup date [Mon Apr 10 15:41:47 CEST 2017]; root of context hierarchy
2017-04-10 15:55:53 [Test worker] INFO  e.s.d.m.m.s.ModelRepositoryControllerTest.logStarting(48) - Starting ModelRepositoryControllerTest on jmotger with PID 13448 (started by jmotger in /home/jmotger/Escritorio/SUPERSEDE/dyn_adapt/Enactment/components/adapter/model/eu.supersede.dynadapt.modelrepository.manager.service)
2017-04-10 15:55:53 [Test worker] DEBUG e.s.d.m.m.s.ModelRepositoryControllerTest.logStarting(51) - Running with Spring Boot v1.4.2.RELEASE, Spring v4.3.4.RELEASE
2017-04-10 15:55:53 [Test worker] INFO  e.s.d.m.m.s.ModelRepositoryControllerTest.logStartupProfileInfo(661) - No active profile set, falling back to default profiles: default
2017-04-10 15:55:53 [Test worker] INFO  o.s.w.c.s.GenericWebApplicationContext.prepareRefresh(582) - Refreshing org.springframework.web.context.support.GenericWebApplicationContext@4bae6661: startup date [Mon Apr 10 15:55:53 CEST 2017]; root of context hierarchy
2017-04-10 15:55:55 [Test worker] INFO  o.s.w.s.m.m.a.RequestMappingHandlerAdapter.initControllerAdviceCache(534) - Looking for @ControllerAdvice: org.springframework.web.context.support.GenericWebApplicationContext@4bae6661: startup date [Mon Apr 10 15:55:53 CEST 2017]; root of context hierarchy
2017-04-10 15:55:55 [Test worker] INFO  o.s.w.s.m.m.a.RequestMappingHandlerMapping.register(543) - Mapped "{[/models/{modelType}],methods=[GET]}" onto public java.lang.String eu.supersede.dynadapt.modelrepository.manager.service.ModelManagerController.listModels(java.lang.String,java.lang.String,java.lang.String,java.lang.String,java.lang.String,java.lang.String,java.lang.String,java.lang.String,java.lang.String,java.lang.String) throws java.lang.Exception
2017-04-10 15:55:55 [Test worker] INFO  o.s.w.s.m.m.a.RequestMappingHandlerMapping.register(543) - Mapped "{[/models/{modelType}/{modelId}],methods=[GET]}" onto public java.lang.String eu.supersede.dynadapt.modelrepository.manager.service.ModelManagerController.getModel(java.lang.String,java.lang.String)
2017-04-10 15:55:55 [Test worker] INFO  o.s.w.s.m.m.a.RequestMappingHandlerMapping.register(543) - Mapped "{[/models/{modelType}/{modelId}],methods=[PUT]}" onto public java.lang.String eu.supersede.dynadapt.modelrepository.manager.service.ModelManagerController.updateModel(java.lang.String,java.lang.String,java.lang.String)
2017-04-10 15:55:55 [Test worker] INFO  o.s.w.s.m.m.a.RequestMappingHandlerMapping.register(543) - Mapped "{[/models/{modelType}/{modelId}],methods=[DELETE]}" onto public void eu.supersede.dynadapt.modelrepository.manager.service.ModelManagerController.deleteModel(java.lang.String,java.lang.String)
2017-04-10 15:55:55 [Test worker] INFO  o.s.w.s.m.m.a.RequestMappingHandlerMapping.register(543) - Mapped "{[/models/{modelType}],methods=[POST]}" onto public java.lang.String eu.supersede.dynadapt.modelrepository.manager.service.ModelManagerController.createModel(java.lang.String,java.lang.String) throws java.lang.Exception
2017-04-10 15:55:55 [Test worker] INFO  o.s.w.s.m.m.a.RequestMappingHandlerMapping.register(543) - Mapped "{[/error],produces=[text/html]}" onto public org.springframework.web.servlet.ModelAndView org.springframework.boot.autoconfigure.web.BasicErrorController.errorHtml(javax.servlet.http.HttpServletRequest,javax.servlet.http.HttpServletResponse)
2017-04-10 15:55:55 [Test worker] INFO  o.s.w.s.m.m.a.RequestMappingHandlerMapping.register(543) - Mapped "{[/error]}" onto public org.springframework.http.ResponseEntity<java.util.Map<java.lang.String, java.lang.Object>> org.springframework.boot.autoconfigure.web.BasicErrorController.error(javax.servlet.http.HttpServletRequest)
2017-04-10 15:55:55 [Test worker] INFO  o.s.w.s.h.SimpleUrlHandlerMapping.registerHandler(354) - Mapped URL path [/webjars/**] onto handler of type [class org.springframework.web.servlet.resource.ResourceHttpRequestHandler]
2017-04-10 15:55:55 [Test worker] INFO  o.s.w.s.h.SimpleUrlHandlerMapping.registerHandler(354) - Mapped URL path [/**] onto handler of type [class org.springframework.web.servlet.resource.ResourceHttpRequestHandler]
2017-04-10 15:55:55 [Test worker] INFO  o.s.w.s.h.SimpleUrlHandlerMapping.registerHandler(354) - Mapped URL path [/**/favicon.ico] onto handler of type [class org.springframework.web.servlet.resource.ResourceHttpRequestHandler]
2017-04-10 15:55:55 [Test worker] INFO  e.s.d.m.m.s.ModelRepositoryControllerTest.logStarted(57) - Started ModelRepositoryControllerTest in 2.854 seconds (JVM running for 3.713)
2017-04-10 15:55:56 [Thread-4] INFO  o.s.w.c.s.GenericWebApplicationContext.doClose(987) - Closing org.springframework.web.context.support.GenericWebApplicationContext@4bae6661: startup date [Mon Apr 10 15:55:53 CEST 2017]; root of context hierarchy
2017-04-10 16:45:58 [Test worker] INFO  e.s.d.m.m.s.ModelRepositoryControllerTest.logStarting(48) - Starting ModelRepositoryControllerTest on jmotger with PID 7462 (started by jmotger in /home/jmotger/Escritorio/SUPERSEDE/dyn_adapt/Enactment/components/adapter/model/eu.supersede.dynadapt.modelrepository.manager.service)
2017-04-10 16:45:58 [Test worker] DEBUG e.s.d.m.m.s.ModelRepositoryControllerTest.logStarting(51) - Running with Spring Boot v1.4.2.RELEASE, Spring v4.3.4.RELEASE
2017-04-10 16:45:58 [Test worker] INFO  e.s.d.m.m.s.ModelRepositoryControllerTest.logStartupProfileInfo(661) - No active profile set, falling back to default profiles: default
2017-04-10 16:45:58 [Test worker] INFO  o.s.w.c.s.GenericWebApplicationContext.prepareRefresh(582) - Refreshing org.springframework.web.context.support.GenericWebApplicationContext@7c1141d7: startup date [Mon Apr 10 16:45:58 CEST 2017]; root of context hierarchy
2017-04-10 16:46:02 [Test worker] INFO  o.s.w.s.m.m.a.RequestMappingHandlerAdapter.initControllerAdviceCache(534) - Looking for @ControllerAdvice: org.springframework.web.context.support.GenericWebApplicationContext@7c1141d7: startup date [Mon Apr 10 16:45:58 CEST 2017]; root of context hierarchy
2017-04-10 16:46:02 [Test worker] INFO  o.s.w.s.m.m.a.RequestMappingHandlerMapping.register(543) - Mapped "{[/models/{modelType}],methods=[GET]}" onto public java.lang.String eu.supersede.dynadapt.modelrepository.manager.service.ModelManagerController.listModels(java.lang.String,java.lang.String,java.lang.String,java.lang.String,java.lang.String,java.lang.String,java.lang.String,java.lang.String,java.lang.String,java.lang.String) throws java.lang.Exception
2017-04-10 16:46:02 [Test worker] INFO  o.s.w.s.m.m.a.RequestMappingHandlerMapping.register(543) - Mapped "{[/models/{modelType}/{modelId}],methods=[GET]}" onto public java.lang.String eu.supersede.dynadapt.modelrepository.manager.service.ModelManagerController.getModel(java.lang.String,java.lang.String)
2017-04-10 16:46:02 [Test worker] INFO  o.s.w.s.m.m.a.RequestMappingHandlerMapping.register(543) - Mapped "{[/models/{modelType}/{modelId}],methods=[PUT]}" onto public java.lang.String eu.supersede.dynadapt.modelrepository.manager.service.ModelManagerController.updateModel(java.lang.String,java.lang.String,java.lang.String)
2017-04-10 16:46:02 [Test worker] INFO  o.s.w.s.m.m.a.RequestMappingHandlerMapping.register(543) - Mapped "{[/models/{modelType}/{modelId}],methods=[DELETE]}" onto public void eu.supersede.dynadapt.modelrepository.manager.service.ModelManagerController.deleteModel(java.lang.String,java.lang.String)
2017-04-10 16:46:02 [Test worker] INFO  o.s.w.s.m.m.a.RequestMappingHandlerMapping.register(543) - Mapped "{[/models/{modelType}],methods=[POST]}" onto public java.lang.String eu.supersede.dynadapt.modelrepository.manager.service.ModelManagerController.createModel(java.lang.String,java.lang.String) throws java.lang.Exception
2017-04-10 16:46:02 [Test worker] INFO  o.s.w.s.m.m.a.RequestMappingHandlerMapping.register(543) - Mapped "{[/error],produces=[text/html]}" onto public org.springframework.web.servlet.ModelAndView org.springframework.boot.autoconfigure.web.BasicErrorController.errorHtml(javax.servlet.http.HttpServletRequest,javax.servlet.http.HttpServletResponse)
2017-04-10 16:46:02 [Test worker] INFO  o.s.w.s.m.m.a.RequestMappingHandlerMapping.register(543) - Mapped "{[/error]}" onto public org.springframework.http.ResponseEntity<java.util.Map<java.lang.String, java.lang.Object>> org.springframework.boot.autoconfigure.web.BasicErrorController.error(javax.servlet.http.HttpServletRequest)
2017-04-10 16:46:02 [Test worker] INFO  o.s.w.s.h.SimpleUrlHandlerMapping.registerHandler(354) - Mapped URL path [/webjars/**] onto handler of type [class org.springframework.web.servlet.resource.ResourceHttpRequestHandler]
2017-04-10 16:46:02 [Test worker] INFO  o.s.w.s.h.SimpleUrlHandlerMapping.registerHandler(354) - Mapped URL path [/**] onto handler of type [class org.springframework.web.servlet.resource.ResourceHttpRequestHandler]
2017-04-10 16:46:03 [Test worker] INFO  o.s.w.s.h.SimpleUrlHandlerMapping.registerHandler(354) - Mapped URL path [/**/favicon.ico] onto handler of type [class org.springframework.web.servlet.resource.ResourceHttpRequestHandler]
2017-04-10 16:46:03 [Test worker] INFO  e.s.d.m.m.s.ModelRepositoryControllerTest.logStarted(57) - Started ModelRepositoryControllerTest in 4.95 seconds (JVM running for 6.586)
2017-04-10 16:46:03 [Thread-4] INFO  o.s.w.c.s.GenericWebApplicationContext.doClose(987) - Closing org.springframework.web.context.support.GenericWebApplicationContext@7c1141d7: startup date [Mon Apr 10 16:45:58 CEST 2017]; root of context hierarchy
