2017-04-08 17:05:55 [Test worker] INFO  e.s.d.m.m.s.ModelRepositoryControllerTest.logStarting(48) - Starting ModelRepositoryControllerTest on jmotger with PID 10350 (started by jmotger in /home/jmotger/Escritorio/SUPERSEDE/dyn_adapt/Enactment/components/adapter/model/eu.supersede.dynadapt.modelrepository.manager.service)
2017-04-08 17:05:55 [Test worker] DEBUG e.s.d.m.m.s.ModelRepositoryControllerTest.logStarting(51) - Running with Spring Boot v1.4.2.RELEASE, Spring v4.3.4.RELEASE
2017-04-08 17:05:55 [Test worker] INFO  e.s.d.m.m.s.ModelRepositoryControllerTest.logStartupProfileInfo(661) - No active profile set, falling back to default profiles: default
2017-04-08 17:05:55 [Test worker] INFO  o.s.w.c.s.GenericWebApplicationContext.prepareRefresh(582) - Refreshing org.springframework.web.context.support.GenericWebApplicationContext@43c33436: startup date [Sat Apr 08 17:05:55 CEST 2017]; root of context hierarchy
2017-04-08 17:05:57 [Test worker] INFO  o.s.w.s.m.m.a.RequestMappingHandlerAdapter.initControllerAdviceCache(534) - Looking for @ControllerAdvice: org.springframework.web.context.support.GenericWebApplicationContext@43c33436: startup date [Sat Apr 08 17:05:55 CEST 2017]; root of context hierarchy
2017-04-08 17:05:57 [Test worker] INFO  o.s.w.s.m.m.a.RequestMappingHandlerMapping.register(543) - Mapped "{[/models/{modelType}/{modelId}],methods=[GET]}" onto public java.lang.String eu.supersede.dynadapt.modelrepository.manager.service.ModelManagerController.getModel(java.lang.String,java.lang.String)
2017-04-08 17:05:57 [Test worker] INFO  o.s.w.s.m.m.a.RequestMappingHandlerMapping.register(543) - Mapped "{[/models/{modelType}],methods=[GET]}" onto public java.lang.String eu.supersede.dynadapt.modelrepository.manager.service.ModelManagerController.listModels(java.lang.String,java.lang.String,java.lang.String,java.lang.String,java.lang.String,java.lang.String,java.lang.String,java.lang.String,java.lang.String,java.lang.String)
2017-04-08 17:05:57 [Test worker] INFO  o.s.w.s.m.m.a.RequestMappingHandlerMapping.register(543) - Mapped "{[/models/{modelType}],methods=[POST]}" onto public java.lang.String eu.supersede.dynadapt.modelrepository.manager.service.ModelManagerController.createModel(java.lang.String,java.lang.String)
2017-04-08 17:05:57 [Test worker] INFO  o.s.w.s.m.m.a.RequestMappingHandlerMapping.register(543) - Mapped "{[/models/{modelType}/{modelId}],methods=[PUT]}" onto public java.lang.String eu.supersede.dynadapt.modelrepository.manager.service.ModelManagerController.updateModel(java.lang.String,java.lang.String,java.lang.String)
2017-04-08 17:05:57 [Test worker] INFO  o.s.w.s.m.m.a.RequestMappingHandlerMapping.register(543) - Mapped "{[/models/{modelType}/{modelId}],methods=[DELETE]}" onto public void eu.supersede.dynadapt.modelrepository.manager.service.ModelManagerController.deleteModel(java.lang.String,java.lang.String)
2017-04-08 17:05:57 [Test worker] INFO  o.s.w.s.m.m.a.RequestMappingHandlerMapping.register(543) - Mapped "{[/error],produces=[text/html]}" onto public org.springframework.web.servlet.ModelAndView org.springframework.boot.autoconfigure.web.BasicErrorController.errorHtml(javax.servlet.http.HttpServletRequest,javax.servlet.http.HttpServletResponse)
2017-04-08 17:05:57 [Test worker] INFO  o.s.w.s.m.m.a.RequestMappingHandlerMapping.register(543) - Mapped "{[/error]}" onto public org.springframework.http.ResponseEntity<java.util.Map<java.lang.String, java.lang.Object>> org.springframework.boot.autoconfigure.web.BasicErrorController.error(javax.servlet.http.HttpServletRequest)
2017-04-08 17:05:57 [Test worker] INFO  o.s.w.s.h.SimpleUrlHandlerMapping.registerHandler(354) - Mapped URL path [/webjars/**] onto handler of type [class org.springframework.web.servlet.resource.ResourceHttpRequestHandler]
2017-04-08 17:05:57 [Test worker] INFO  o.s.w.s.h.SimpleUrlHandlerMapping.registerHandler(354) - Mapped URL path [/**] onto handler of type [class org.springframework.web.servlet.resource.ResourceHttpRequestHandler]
2017-04-08 17:05:57 [Test worker] INFO  o.s.w.s.h.SimpleUrlHandlerMapping.registerHandler(354) - Mapped URL path [/**/favicon.ico] onto handler of type [class org.springframework.web.servlet.resource.ResourceHttpRequestHandler]
2017-04-08 17:05:57 [Test worker] INFO  e.s.d.m.m.s.ModelRepositoryControllerTest.logStarted(57) - Started ModelRepositoryControllerTest in 2.93 seconds (JVM running for 3.986)
2017-04-08 17:05:58 [Thread-4] INFO  o.s.w.c.s.GenericWebApplicationContext.doClose(987) - Closing org.springframework.web.context.support.GenericWebApplicationContext@43c33436: startup date [Sat Apr 08 17:05:55 CEST 2017]; root of context hierarchy
2017-04-08 17:46:39 [Test worker] INFO  e.s.d.m.m.s.ModelRepositoryControllerTest.logStarting(48) - Starting ModelRepositoryControllerTest on jmotger with PID 12870 (started by jmotger in /home/jmotger/Escritorio/SUPERSEDE/dyn_adapt/Enactment/components/adapter/model/eu.supersede.dynadapt.modelrepository.manager.service)
2017-04-08 17:46:39 [Test worker] DEBUG e.s.d.m.m.s.ModelRepositoryControllerTest.logStarting(51) - Running with Spring Boot v1.4.2.RELEASE, Spring v4.3.4.RELEASE
2017-04-08 17:46:39 [Test worker] INFO  e.s.d.m.m.s.ModelRepositoryControllerTest.logStartupProfileInfo(661) - No active profile set, falling back to default profiles: default
2017-04-08 17:46:39 [Test worker] INFO  o.s.w.c.s.GenericWebApplicationContext.prepareRefresh(582) - Refreshing org.springframework.web.context.support.GenericWebApplicationContext@43c33436: startup date [Sat Apr 08 17:46:39 CEST 2017]; root of context hierarchy
2017-04-08 17:46:41 [Test worker] INFO  o.s.w.s.m.m.a.RequestMappingHandlerAdapter.initControllerAdviceCache(534) - Looking for @ControllerAdvice: org.springframework.web.context.support.GenericWebApplicationContext@43c33436: startup date [Sat Apr 08 17:46:39 CEST 2017]; root of context hierarchy
2017-04-08 17:46:41 [Test worker] INFO  o.s.w.s.m.m.a.RequestMappingHandlerMapping.register(543) - Mapped "{[/models/{modelType}/{modelId}],methods=[GET]}" onto public java.lang.String eu.supersede.dynadapt.modelrepository.manager.service.ModelManagerController.getModel(java.lang.String,java.lang.String)
2017-04-08 17:46:41 [Test worker] INFO  o.s.w.s.m.m.a.RequestMappingHandlerMapping.register(543) - Mapped "{[/models/{modelType}/{modelId}],methods=[PUT]}" onto public java.lang.String eu.supersede.dynadapt.modelrepository.manager.service.ModelManagerController.updateModel(java.lang.String,java.lang.String,java.lang.String)
2017-04-08 17:46:41 [Test worker] INFO  o.s.w.s.m.m.a.RequestMappingHandlerMapping.register(543) - Mapped "{[/models/{modelType}/{modelId}],methods=[DELETE]}" onto public void eu.supersede.dynadapt.modelrepository.manager.service.ModelManagerController.deleteModel(java.lang.String,java.lang.String)
2017-04-08 17:46:41 [Test worker] INFO  o.s.w.s.m.m.a.RequestMappingHandlerMapping.register(543) - Mapped "{[/models/{modelType}],methods=[GET]}" onto public java.lang.String eu.supersede.dynadapt.modelrepository.manager.service.ModelManagerController.listModels(java.lang.String,java.lang.String,java.lang.String,java.lang.String,java.lang.String,java.lang.String,java.lang.String,java.lang.String,java.lang.String,java.lang.String)
2017-04-08 17:46:41 [Test worker] INFO  o.s.w.s.m.m.a.RequestMappingHandlerMapping.register(543) - Mapped "{[/models/{modelType}],methods=[POST]}" onto public java.lang.String eu.supersede.dynadapt.modelrepository.manager.service.ModelManagerController.createModel(java.lang.String,java.lang.String)
2017-04-08 17:46:41 [Test worker] INFO  o.s.w.s.m.m.a.RequestMappingHandlerMapping.register(543) - Mapped "{[/error],produces=[text/html]}" onto public org.springframework.web.servlet.ModelAndView org.springframework.boot.autoconfigure.web.BasicErrorController.errorHtml(javax.servlet.http.HttpServletRequest,javax.servlet.http.HttpServletResponse)
2017-04-08 17:46:41 [Test worker] INFO  o.s.w.s.m.m.a.RequestMappingHandlerMapping.register(543) - Mapped "{[/error]}" onto public org.springframework.http.ResponseEntity<java.util.Map<java.lang.String, java.lang.Object>> org.springframework.boot.autoconfigure.web.BasicErrorController.error(javax.servlet.http.HttpServletRequest)
2017-04-08 17:46:41 [Test worker] INFO  o.s.w.s.h.SimpleUrlHandlerMapping.registerHandler(354) - Mapped URL path [/webjars/**] onto handler of type [class org.springframework.web.servlet.resource.ResourceHttpRequestHandler]
2017-04-08 17:46:41 [Test worker] INFO  o.s.w.s.h.SimpleUrlHandlerMapping.registerHandler(354) - Mapped URL path [/**] onto handler of type [class org.springframework.web.servlet.resource.ResourceHttpRequestHandler]
2017-04-08 17:46:41 [Test worker] INFO  o.s.w.s.h.SimpleUrlHandlerMapping.registerHandler(354) - Mapped URL path [/**/favicon.ico] onto handler of type [class org.springframework.web.servlet.resource.ResourceHttpRequestHandler]
2017-04-08 17:46:42 [Test worker] INFO  e.s.d.m.m.s.ModelRepositoryControllerTest.logStarted(57) - Started ModelRepositoryControllerTest in 3.482 seconds (JVM running for 5.731)
2017-04-08 17:46:42 [Thread-4] INFO  o.s.w.c.s.GenericWebApplicationContext.doClose(987) - Closing org.springframework.web.context.support.GenericWebApplicationContext@43c33436: startup date [Sat Apr 08 17:46:39 CEST 2017]; root of context hierarchy
2017-04-08 17:49:33 [Test worker] INFO  e.s.d.m.m.s.ModelRepositoryControllerTest.logStarting(48) - Starting ModelRepositoryControllerTest on jmotger with PID 13195 (started by jmotger in /home/jmotger/Escritorio/SUPERSEDE/dyn_adapt/Enactment/components/adapter/model/eu.supersede.dynadapt.modelrepository.manager.service)
2017-04-08 17:49:33 [Test worker] DEBUG e.s.d.m.m.s.ModelRepositoryControllerTest.logStarting(51) - Running with Spring Boot v1.4.2.RELEASE, Spring v4.3.4.RELEASE
2017-04-08 17:49:33 [Test worker] INFO  e.s.d.m.m.s.ModelRepositoryControllerTest.logStartupProfileInfo(661) - No active profile set, falling back to default profiles: default
2017-04-08 17:49:33 [Test worker] INFO  o.s.w.c.s.GenericWebApplicationContext.prepareRefresh(582) - Refreshing org.springframework.web.context.support.GenericWebApplicationContext@571c8f8e: startup date [Sat Apr 08 17:49:33 CEST 2017]; root of context hierarchy
2017-04-08 17:49:36 [Test worker] INFO  o.s.w.s.m.m.a.RequestMappingHandlerAdapter.initControllerAdviceCache(534) - Looking for @ControllerAdvice: org.springframework.web.context.support.GenericWebApplicationContext@571c8f8e: startup date [Sat Apr 08 17:49:33 CEST 2017]; root of context hierarchy
2017-04-08 17:49:36 [Test worker] INFO  o.s.w.s.m.m.a.RequestMappingHandlerMapping.register(543) - Mapped "{[/models/{modelType}/{modelId}],methods=[GET]}" onto public java.lang.String eu.supersede.dynadapt.modelrepository.manager.service.ModelManagerController.getModel(java.lang.String,java.lang.String)
2017-04-08 17:49:36 [Test worker] INFO  o.s.w.s.m.m.a.RequestMappingHandlerMapping.register(543) - Mapped "{[/models/{modelType}/{modelId}],methods=[PUT]}" onto public java.lang.String eu.supersede.dynadapt.modelrepository.manager.service.ModelManagerController.updateModel(java.lang.String,java.lang.String,java.lang.String)
2017-04-08 17:49:36 [Test worker] INFO  o.s.w.s.m.m.a.RequestMappingHandlerMapping.register(543) - Mapped "{[/models/{modelType}/{modelId}],methods=[DELETE]}" onto public void eu.supersede.dynadapt.modelrepository.manager.service.ModelManagerController.deleteModel(java.lang.String,java.lang.String)
2017-04-08 17:49:36 [Test worker] INFO  o.s.w.s.m.m.a.RequestMappingHandlerMapping.register(543) - Mapped "{[/models/{modelType}],methods=[GET]}" onto public java.lang.String eu.supersede.dynadapt.modelrepository.manager.service.ModelManagerController.listModels(java.lang.String,java.lang.String,java.lang.String,java.lang.String,java.lang.String,java.lang.String,java.lang.String,java.lang.String,java.lang.String,java.lang.String)
2017-04-08 17:49:36 [Test worker] INFO  o.s.w.s.m.m.a.RequestMappingHandlerMapping.register(543) - Mapped "{[/models/{modelType}],methods=[POST]}" onto public java.lang.String eu.supersede.dynadapt.modelrepository.manager.service.ModelManagerController.createModel(java.lang.String,java.lang.String)
2017-04-08 17:49:36 [Test worker] INFO  o.s.w.s.m.m.a.RequestMappingHandlerMapping.register(543) - Mapped "{[/error],produces=[text/html]}" onto public org.springframework.web.servlet.ModelAndView org.springframework.boot.autoconfigure.web.BasicErrorController.errorHtml(javax.servlet.http.HttpServletRequest,javax.servlet.http.HttpServletResponse)
2017-04-08 17:49:36 [Test worker] INFO  o.s.w.s.m.m.a.RequestMappingHandlerMapping.register(543) - Mapped "{[/error]}" onto public org.springframework.http.ResponseEntity<java.util.Map<java.lang.String, java.lang.Object>> org.springframework.boot.autoconfigure.web.BasicErrorController.error(javax.servlet.http.HttpServletRequest)
2017-04-08 17:49:36 [Test worker] INFO  o.s.w.s.h.SimpleUrlHandlerMapping.registerHandler(354) - Mapped URL path [/webjars/**] onto handler of type [class org.springframework.web.servlet.resource.ResourceHttpRequestHandler]
2017-04-08 17:49:36 [Test worker] INFO  o.s.w.s.h.SimpleUrlHandlerMapping.registerHandler(354) - Mapped URL path [/**] onto handler of type [class org.springframework.web.servlet.resource.ResourceHttpRequestHandler]
2017-04-08 17:49:36 [Test worker] INFO  o.s.w.s.h.SimpleUrlHandlerMapping.registerHandler(354) - Mapped URL path [/**/favicon.ico] onto handler of type [class org.springframework.web.servlet.resource.ResourceHttpRequestHandler]
2017-04-08 17:49:36 [Test worker] INFO  e.s.d.m.m.s.ModelRepositoryControllerTest.logStarted(57) - Started ModelRepositoryControllerTest in 3.352 seconds (JVM running for 4.214)
2017-04-08 17:49:37 [Thread-4] INFO  o.s.w.c.s.GenericWebApplicationContext.doClose(987) - Closing org.springframework.web.context.support.GenericWebApplicationContext@571c8f8e: startup date [Sat Apr 08 17:49:33 CEST 2017]; root of context hierarchy
2017-04-08 17:56:59 [main] INFO  e.s.d.m.m.s.ModelRepositoryControllerTest.logStarting(48) - Starting ModelRepositoryControllerTest on jmotger with PID 13661 (started by jmotger in /home/jmotger/Escritorio/SUPERSEDE/dyn_adapt/Enactment/components/adapter/model/eu.supersede.dynadapt.modelrepository.manager.service)
2017-04-08 17:56:59 [main] DEBUG e.s.d.m.m.s.ModelRepositoryControllerTest.logStarting(51) - Running with Spring Boot v1.4.2.RELEASE, Spring v4.3.4.RELEASE
2017-04-08 17:56:59 [main] INFO  e.s.d.m.m.s.ModelRepositoryControllerTest.logStartupProfileInfo(661) - No active profile set, falling back to default profiles: default
2017-04-08 17:56:59 [main] INFO  o.s.w.c.s.GenericWebApplicationContext.prepareRefresh(582) - Refreshing org.springframework.web.context.support.GenericWebApplicationContext@35841320: startup date [Sat Apr 08 17:56:59 CEST 2017]; root of context hierarchy
2017-04-08 17:57:02 [main] INFO  o.s.w.s.m.m.a.RequestMappingHandlerAdapter.initControllerAdviceCache(534) - Looking for @ControllerAdvice: org.springframework.web.context.support.GenericWebApplicationContext@35841320: startup date [Sat Apr 08 17:56:59 CEST 2017]; root of context hierarchy
2017-04-08 17:57:02 [main] INFO  o.s.w.s.m.m.a.RequestMappingHandlerMapping.register(543) - Mapped "{[/models/{modelType}/{modelId}],methods=[GET]}" onto public java.lang.String eu.supersede.dynadapt.modelrepository.manager.service.ModelManagerController.getModel(java.lang.String,java.lang.String)
2017-04-08 17:57:02 [main] INFO  o.s.w.s.m.m.a.RequestMappingHandlerMapping.register(543) - Mapped "{[/models/{modelType}],methods=[POST]}" onto public java.lang.String eu.supersede.dynadapt.modelrepository.manager.service.ModelManagerController.createModel(java.lang.String,java.lang.String)
2017-04-08 17:57:02 [main] INFO  o.s.w.s.m.m.a.RequestMappingHandlerMapping.register(543) - Mapped "{[/models/{modelType}/{modelId}],methods=[PUT]}" onto public java.lang.String eu.supersede.dynadapt.modelrepository.manager.service.ModelManagerController.updateModel(java.lang.String,java.lang.String,java.lang.String)
2017-04-08 17:57:02 [main] INFO  o.s.w.s.m.m.a.RequestMappingHandlerMapping.register(543) - Mapped "{[/models/{modelType}/{modelId}],methods=[DELETE]}" onto public void eu.supersede.dynadapt.modelrepository.manager.service.ModelManagerController.deleteModel(java.lang.String,java.lang.String)
2017-04-08 17:57:02 [main] INFO  o.s.w.s.m.m.a.RequestMappingHandlerMapping.register(543) - Mapped "{[/models/{modelType}],methods=[GET]}" onto public java.lang.String eu.supersede.dynadapt.modelrepository.manager.service.ModelManagerController.listModels(java.lang.String,java.lang.String,java.lang.String,java.lang.String,java.lang.String,java.lang.String,java.lang.String,java.lang.String,java.lang.String,java.lang.String)
2017-04-08 17:57:02 [main] INFO  o.s.w.s.m.m.a.RequestMappingHandlerMapping.register(543) - Mapped "{[/error],produces=[text/html]}" onto public org.springframework.web.servlet.ModelAndView org.springframework.boot.autoconfigure.web.BasicErrorController.errorHtml(javax.servlet.http.HttpServletRequest,javax.servlet.http.HttpServletResponse)
2017-04-08 17:57:02 [main] INFO  o.s.w.s.m.m.a.RequestMappingHandlerMapping.register(543) - Mapped "{[/error]}" onto public org.springframework.http.ResponseEntity<java.util.Map<java.lang.String, java.lang.Object>> org.springframework.boot.autoconfigure.web.BasicErrorController.error(javax.servlet.http.HttpServletRequest)
2017-04-08 17:57:02 [main] INFO  o.s.w.s.h.SimpleUrlHandlerMapping.registerHandler(354) - Mapped URL path [/webjars/**] onto handler of type [class org.springframework.web.servlet.resource.ResourceHttpRequestHandler]
2017-04-08 17:57:02 [main] INFO  o.s.w.s.h.SimpleUrlHandlerMapping.registerHandler(354) - Mapped URL path [/**] onto handler of type [class org.springframework.web.servlet.resource.ResourceHttpRequestHandler]
2017-04-08 17:57:02 [main] INFO  o.s.w.s.h.SimpleUrlHandlerMapping.registerHandler(354) - Mapped URL path [/**/favicon.ico] onto handler of type [class org.springframework.web.servlet.resource.ResourceHttpRequestHandler]
2017-04-08 17:57:02 [main] INFO  e.s.d.m.m.s.ModelRepositoryControllerTest.logStarted(57) - Started ModelRepositoryControllerTest in 4.203 seconds (JVM running for 6.013)
2017-04-08 17:57:02 [Thread-1] INFO  o.s.w.c.s.GenericWebApplicationContext.doClose(987) - Closing org.springframework.web.context.support.GenericWebApplicationContext@35841320: startup date [Sat Apr 08 17:56:59 CEST 2017]; root of context hierarchy
2017-04-08 17:57:19 [main] INFO  e.s.d.m.m.s.ModelRepositoryControllerTest.logStarting(48) - Starting ModelRepositoryControllerTest on jmotger with PID 13706 (started by jmotger in /home/jmotger/Escritorio/SUPERSEDE/dyn_adapt/Enactment/components/adapter/model/eu.supersede.dynadapt.modelrepository.manager.service)
2017-04-08 17:57:19 [main] DEBUG e.s.d.m.m.s.ModelRepositoryControllerTest.logStarting(51) - Running with Spring Boot v1.4.2.RELEASE, Spring v4.3.4.RELEASE
2017-04-08 17:57:19 [main] INFO  e.s.d.m.m.s.ModelRepositoryControllerTest.logStartupProfileInfo(661) - No active profile set, falling back to default profiles: default
2017-04-08 17:57:19 [main] INFO  o.s.w.c.s.GenericWebApplicationContext.prepareRefresh(582) - Refreshing org.springframework.web.context.support.GenericWebApplicationContext@28dcca0c: startup date [Sat Apr 08 17:57:19 CEST 2017]; root of context hierarchy
2017-04-08 17:57:21 [main] INFO  o.s.w.s.m.m.a.RequestMappingHandlerAdapter.initControllerAdviceCache(534) - Looking for @ControllerAdvice: org.springframework.web.context.support.GenericWebApplicationContext@28dcca0c: startup date [Sat Apr 08 17:57:19 CEST 2017]; root of context hierarchy
2017-04-08 17:57:21 [main] INFO  o.s.w.s.m.m.a.RequestMappingHandlerMapping.register(543) - Mapped "{[/models/{modelType}/{modelId}],methods=[GET]}" onto public java.lang.String eu.supersede.dynadapt.modelrepository.manager.service.ModelManagerController.getModel(java.lang.String,java.lang.String)
2017-04-08 17:57:21 [main] INFO  o.s.w.s.m.m.a.RequestMappingHandlerMapping.register(543) - Mapped "{[/models/{modelType}],methods=[POST]}" onto public java.lang.String eu.supersede.dynadapt.modelrepository.manager.service.ModelManagerController.createModel(java.lang.String,java.lang.String)
2017-04-08 17:57:21 [main] INFO  o.s.w.s.m.m.a.RequestMappingHandlerMapping.register(543) - Mapped "{[/models/{modelType}/{modelId}],methods=[PUT]}" onto public java.lang.String eu.supersede.dynadapt.modelrepository.manager.service.ModelManagerController.updateModel(java.lang.String,java.lang.String,java.lang.String)
2017-04-08 17:57:21 [main] INFO  o.s.w.s.m.m.a.RequestMappingHandlerMapping.register(543) - Mapped "{[/models/{modelType}/{modelId}],methods=[DELETE]}" onto public void eu.supersede.dynadapt.modelrepository.manager.service.ModelManagerController.deleteModel(java.lang.String,java.lang.String)
2017-04-08 17:57:21 [main] INFO  o.s.w.s.m.m.a.RequestMappingHandlerMapping.register(543) - Mapped "{[/models/{modelType}],methods=[GET]}" onto public java.lang.String eu.supersede.dynadapt.modelrepository.manager.service.ModelManagerController.listModels(java.lang.String,java.lang.String,java.lang.String,java.lang.String,java.lang.String,java.lang.String,java.lang.String,java.lang.String,java.lang.String,java.lang.String)
2017-04-08 17:57:21 [main] INFO  o.s.w.s.m.m.a.RequestMappingHandlerMapping.register(543) - Mapped "{[/error],produces=[text/html]}" onto public org.springframework.web.servlet.ModelAndView org.springframework.boot.autoconfigure.web.BasicErrorController.errorHtml(javax.servlet.http.HttpServletRequest,javax.servlet.http.HttpServletResponse)
2017-04-08 17:57:21 [main] INFO  o.s.w.s.m.m.a.RequestMappingHandlerMapping.register(543) - Mapped "{[/error]}" onto public org.springframework.http.ResponseEntity<java.util.Map<java.lang.String, java.lang.Object>> org.springframework.boot.autoconfigure.web.BasicErrorController.error(javax.servlet.http.HttpServletRequest)
2017-04-08 17:57:21 [main] INFO  o.s.w.s.h.SimpleUrlHandlerMapping.registerHandler(354) - Mapped URL path [/webjars/**] onto handler of type [class org.springframework.web.servlet.resource.ResourceHttpRequestHandler]
2017-04-08 17:57:21 [main] INFO  o.s.w.s.h.SimpleUrlHandlerMapping.registerHandler(354) - Mapped URL path [/**] onto handler of type [class org.springframework.web.servlet.resource.ResourceHttpRequestHandler]
2017-04-08 17:57:21 [main] INFO  o.s.w.s.h.SimpleUrlHandlerMapping.registerHandler(354) - Mapped URL path [/**/favicon.ico] onto handler of type [class org.springframework.web.servlet.resource.ResourceHttpRequestHandler]
2017-04-08 17:57:22 [main] INFO  e.s.d.m.m.s.ModelRepositoryControllerTest.logStarted(57) - Started ModelRepositoryControllerTest in 2.778 seconds (JVM running for 3.434)
2017-04-08 17:57:22 [Thread-1] INFO  o.s.w.c.s.GenericWebApplicationContext.doClose(987) - Closing org.springframework.web.context.support.GenericWebApplicationContext@28dcca0c: startup date [Sat Apr 08 17:57:19 CEST 2017]; root of context hierarchy
2017-04-08 17:58:55 [main] INFO  e.s.d.m.m.s.ModelRepositoryControllerTest.logStarting(48) - Starting ModelRepositoryControllerTest on jmotger with PID 13750 (started by jmotger in /home/jmotger/Escritorio/SUPERSEDE/dyn_adapt/Enactment/components/adapter/model/eu.supersede.dynadapt.modelrepository.manager.service)
2017-04-08 17:58:55 [main] DEBUG e.s.d.m.m.s.ModelRepositoryControllerTest.logStarting(51) - Running with Spring Boot v1.4.2.RELEASE, Spring v4.3.4.RELEASE
2017-04-08 17:58:55 [main] INFO  e.s.d.m.m.s.ModelRepositoryControllerTest.logStartupProfileInfo(661) - No active profile set, falling back to default profiles: default
2017-04-08 17:58:55 [main] INFO  o.s.w.c.s.GenericWebApplicationContext.prepareRefresh(582) - Refreshing org.springframework.web.context.support.GenericWebApplicationContext@6f10d5b6: startup date [Sat Apr 08 17:58:55 CEST 2017]; root of context hierarchy
2017-04-08 17:58:57 [main] INFO  o.s.w.s.m.m.a.RequestMappingHandlerAdapter.initControllerAdviceCache(534) - Looking for @ControllerAdvice: org.springframework.web.context.support.GenericWebApplicationContext@6f10d5b6: startup date [Sat Apr 08 17:58:55 CEST 2017]; root of context hierarchy
2017-04-08 17:58:57 [main] INFO  o.s.w.s.m.m.a.RequestMappingHandlerMapping.register(543) - Mapped "{[/models/{modelType}],methods=[GET]}" onto public java.lang.String eu.supersede.dynadapt.modelrepository.manager.service.ModelManagerController.listModels(java.lang.String,java.lang.String,java.lang.String,java.lang.String,java.lang.String,java.lang.String,java.lang.String,java.lang.String,java.lang.String,java.lang.String)
2017-04-08 17:58:57 [main] INFO  o.s.w.s.m.m.a.RequestMappingHandlerMapping.register(543) - Mapped "{[/models/{modelType}/{modelId}],methods=[GET]}" onto public java.lang.String eu.supersede.dynadapt.modelrepository.manager.service.ModelManagerController.getModel(java.lang.String,java.lang.String)
2017-04-08 17:58:57 [main] INFO  o.s.w.s.m.m.a.RequestMappingHandlerMapping.register(543) - Mapped "{[/models/{modelType}],methods=[POST]}" onto public java.lang.String eu.supersede.dynadapt.modelrepository.manager.service.ModelManagerController.createModel(java.lang.String,java.lang.String)
2017-04-08 17:58:57 [main] INFO  o.s.w.s.m.m.a.RequestMappingHandlerMapping.register(543) - Mapped "{[/models/{modelType}/{modelId}],methods=[PUT]}" onto public java.lang.String eu.supersede.dynadapt.modelrepository.manager.service.ModelManagerController.updateModel(java.lang.String,java.lang.String,java.lang.String)
2017-04-08 17:58:57 [main] INFO  o.s.w.s.m.m.a.RequestMappingHandlerMapping.register(543) - Mapped "{[/models/{modelType}/{modelId}],methods=[DELETE]}" onto public void eu.supersede.dynadapt.modelrepository.manager.service.ModelManagerController.deleteModel(java.lang.String,java.lang.String)
2017-04-08 17:58:57 [main] INFO  o.s.w.s.m.m.a.RequestMappingHandlerMapping.register(543) - Mapped "{[/error],produces=[text/html]}" onto public org.springframework.web.servlet.ModelAndView org.springframework.boot.autoconfigure.web.BasicErrorController.errorHtml(javax.servlet.http.HttpServletRequest,javax.servlet.http.HttpServletResponse)
2017-04-08 17:58:57 [main] INFO  o.s.w.s.m.m.a.RequestMappingHandlerMapping.register(543) - Mapped "{[/error]}" onto public org.springframework.http.ResponseEntity<java.util.Map<java.lang.String, java.lang.Object>> org.springframework.boot.autoconfigure.web.BasicErrorController.error(javax.servlet.http.HttpServletRequest)
2017-04-08 17:58:57 [main] INFO  o.s.w.s.h.SimpleUrlHandlerMapping.registerHandler(354) - Mapped URL path [/webjars/**] onto handler of type [class org.springframework.web.servlet.resource.ResourceHttpRequestHandler]
2017-04-08 17:58:57 [main] INFO  o.s.w.s.h.SimpleUrlHandlerMapping.registerHandler(354) - Mapped URL path [/**] onto handler of type [class org.springframework.web.servlet.resource.ResourceHttpRequestHandler]
2017-04-08 17:58:57 [main] INFO  o.s.w.s.h.SimpleUrlHandlerMapping.registerHandler(354) - Mapped URL path [/**/favicon.ico] onto handler of type [class org.springframework.web.servlet.resource.ResourceHttpRequestHandler]
2017-04-08 17:58:57 [main] INFO  e.s.d.m.m.s.ModelRepositoryControllerTest.logStarted(57) - Started ModelRepositoryControllerTest in 2.623 seconds (JVM running for 3.319)
2017-04-08 17:58:58 [Thread-1] INFO  o.s.w.c.s.GenericWebApplicationContext.doClose(987) - Closing org.springframework.web.context.support.GenericWebApplicationContext@6f10d5b6: startup date [Sat Apr 08 17:58:55 CEST 2017]; root of context hierarchy
2017-04-08 18:00:42 [main] INFO  e.s.d.m.m.s.ModelRepositoryControllerTest.logStarting(48) - Starting ModelRepositoryControllerTest on jmotger with PID 13795 (started by jmotger in /home/jmotger/Escritorio/SUPERSEDE/dyn_adapt/Enactment/components/adapter/model/eu.supersede.dynadapt.modelrepository.manager.service)
2017-04-08 18:00:42 [main] DEBUG e.s.d.m.m.s.ModelRepositoryControllerTest.logStarting(51) - Running with Spring Boot v1.4.2.RELEASE, Spring v4.3.4.RELEASE
2017-04-08 18:00:42 [main] INFO  e.s.d.m.m.s.ModelRepositoryControllerTest.logStartupProfileInfo(661) - No active profile set, falling back to default profiles: default
2017-04-08 18:00:42 [main] INFO  o.s.w.c.s.GenericWebApplicationContext.prepareRefresh(582) - Refreshing org.springframework.web.context.support.GenericWebApplicationContext@6f10d5b6: startup date [Sat Apr 08 18:00:42 CEST 2017]; root of context hierarchy
2017-04-08 18:00:44 [main] INFO  o.s.w.s.m.m.a.RequestMappingHandlerAdapter.initControllerAdviceCache(534) - Looking for @ControllerAdvice: org.springframework.web.context.support.GenericWebApplicationContext@6f10d5b6: startup date [Sat Apr 08 18:00:42 CEST 2017]; root of context hierarchy
2017-04-08 18:00:44 [main] INFO  o.s.w.s.m.m.a.RequestMappingHandlerMapping.register(543) - Mapped "{[/models/{modelType}],methods=[GET]}" onto public java.lang.String eu.supersede.dynadapt.modelrepository.manager.service.ModelManagerController.listModels(java.lang.String,java.lang.String,java.lang.String,java.lang.String,java.lang.String,java.lang.String,java.lang.String,java.lang.String,java.lang.String,java.lang.String)
2017-04-08 18:00:44 [main] INFO  o.s.w.s.m.m.a.RequestMappingHandlerMapping.register(543) - Mapped "{[/models/{modelType}/{modelId}],methods=[GET]}" onto public java.lang.String eu.supersede.dynadapt.modelrepository.manager.service.ModelManagerController.getModel(java.lang.String,java.lang.String)
2017-04-08 18:00:44 [main] INFO  o.s.w.s.m.m.a.RequestMappingHandlerMapping.register(543) - Mapped "{[/models/{modelType}],methods=[POST]}" onto public java.lang.String eu.supersede.dynadapt.modelrepository.manager.service.ModelManagerController.createModel(java.lang.String,java.lang.String)
2017-04-08 18:00:44 [main] INFO  o.s.w.s.m.m.a.RequestMappingHandlerMapping.register(543) - Mapped "{[/models/{modelType}/{modelId}],methods=[PUT]}" onto public java.lang.String eu.supersede.dynadapt.modelrepository.manager.service.ModelManagerController.updateModel(java.lang.String,java.lang.String,java.lang.String)
2017-04-08 18:00:44 [main] INFO  o.s.w.s.m.m.a.RequestMappingHandlerMapping.register(543) - Mapped "{[/models/{modelType}/{modelId}],methods=[DELETE]}" onto public void eu.supersede.dynadapt.modelrepository.manager.service.ModelManagerController.deleteModel(java.lang.String,java.lang.String)
2017-04-08 18:00:44 [main] INFO  o.s.w.s.m.m.a.RequestMappingHandlerMapping.register(543) - Mapped "{[/error],produces=[text/html]}" onto public org.springframework.web.servlet.ModelAndView org.springframework.boot.autoconfigure.web.BasicErrorController.errorHtml(javax.servlet.http.HttpServletRequest,javax.servlet.http.HttpServletResponse)
2017-04-08 18:00:44 [main] INFO  o.s.w.s.m.m.a.RequestMappingHandlerMapping.register(543) - Mapped "{[/error]}" onto public org.springframework.http.ResponseEntity<java.util.Map<java.lang.String, java.lang.Object>> org.springframework.boot.autoconfigure.web.BasicErrorController.error(javax.servlet.http.HttpServletRequest)
2017-04-08 18:00:44 [main] INFO  o.s.w.s.h.SimpleUrlHandlerMapping.registerHandler(354) - Mapped URL path [/webjars/**] onto handler of type [class org.springframework.web.servlet.resource.ResourceHttpRequestHandler]
2017-04-08 18:00:44 [main] INFO  o.s.w.s.h.SimpleUrlHandlerMapping.registerHandler(354) - Mapped URL path [/**] onto handler of type [class org.springframework.web.servlet.resource.ResourceHttpRequestHandler]
2017-04-08 18:00:44 [main] INFO  o.s.w.s.h.SimpleUrlHandlerMapping.registerHandler(354) - Mapped URL path [/**/favicon.ico] onto handler of type [class org.springframework.web.servlet.resource.ResourceHttpRequestHandler]
2017-04-08 18:00:44 [main] INFO  e.s.d.m.m.s.ModelRepositoryControllerTest.logStarted(57) - Started ModelRepositoryControllerTest in 2.643 seconds (JVM running for 3.288)
2017-04-08 18:00:44 [Thread-1] INFO  o.s.w.c.s.GenericWebApplicationContext.doClose(987) - Closing org.springframework.web.context.support.GenericWebApplicationContext@6f10d5b6: startup date [Sat Apr 08 18:00:42 CEST 2017]; root of context hierarchy
2017-04-08 18:05:30 [main] INFO  e.s.d.m.m.s.ModelRepositoryControllerTest.logStarting(48) - Starting ModelRepositoryControllerTest on jmotger with PID 14111 (started by jmotger in /home/jmotger/Escritorio/SUPERSEDE/dyn_adapt/Enactment/components/adapter/model/eu.supersede.dynadapt.modelrepository.manager.service)
2017-04-08 18:05:30 [main] DEBUG e.s.d.m.m.s.ModelRepositoryControllerTest.logStarting(51) - Running with Spring Boot v1.4.2.RELEASE, Spring v4.3.4.RELEASE
2017-04-08 18:05:30 [main] INFO  e.s.d.m.m.s.ModelRepositoryControllerTest.logStartupProfileInfo(661) - No active profile set, falling back to default profiles: default
2017-04-08 18:05:30 [main] INFO  o.s.w.c.s.GenericWebApplicationContext.prepareRefresh(582) - Refreshing org.springframework.web.context.support.GenericWebApplicationContext@6f10d5b6: startup date [Sat Apr 08 18:05:30 CEST 2017]; root of context hierarchy
2017-04-08 18:05:32 [main] INFO  o.s.w.s.m.m.a.RequestMappingHandlerAdapter.initControllerAdviceCache(534) - Looking for @ControllerAdvice: org.springframework.web.context.support.GenericWebApplicationContext@6f10d5b6: startup date [Sat Apr 08 18:05:30 CEST 2017]; root of context hierarchy
2017-04-08 18:05:32 [main] INFO  o.s.w.s.m.m.a.RequestMappingHandlerMapping.register(543) - Mapped "{[/models/{modelType}],methods=[GET]}" onto public java.lang.String eu.supersede.dynadapt.modelrepository.manager.service.ModelManagerController.listModels(java.lang.String,java.lang.String,java.lang.String,java.lang.String,java.lang.String,java.lang.String,java.lang.String,java.lang.String,java.lang.String,java.lang.String)
2017-04-08 18:05:32 [main] INFO  o.s.w.s.m.m.a.RequestMappingHandlerMapping.register(543) - Mapped "{[/models/{modelType}/{modelId}],methods=[GET]}" onto public java.lang.String eu.supersede.dynadapt.modelrepository.manager.service.ModelManagerController.getModel(java.lang.String,java.lang.String)
2017-04-08 18:05:32 [main] INFO  o.s.w.s.m.m.a.RequestMappingHandlerMapping.register(543) - Mapped "{[/models/{modelType}],methods=[POST]}" onto public java.lang.String eu.supersede.dynadapt.modelrepository.manager.service.ModelManagerController.createModel(java.lang.String,java.lang.String)
2017-04-08 18:05:32 [main] INFO  o.s.w.s.m.m.a.RequestMappingHandlerMapping.register(543) - Mapped "{[/models/{modelType}/{modelId}],methods=[PUT]}" onto public java.lang.String eu.supersede.dynadapt.modelrepository.manager.service.ModelManagerController.updateModel(java.lang.String,java.lang.String,java.lang.String)
2017-04-08 18:05:32 [main] INFO  o.s.w.s.m.m.a.RequestMappingHandlerMapping.register(543) - Mapped "{[/models/{modelType}/{modelId}],methods=[DELETE]}" onto public void eu.supersede.dynadapt.modelrepository.manager.service.ModelManagerController.deleteModel(java.lang.String,java.lang.String)
2017-04-08 18:05:32 [main] INFO  o.s.w.s.m.m.a.RequestMappingHandlerMapping.register(543) - Mapped "{[/error],produces=[text/html]}" onto public org.springframework.web.servlet.ModelAndView org.springframework.boot.autoconfigure.web.BasicErrorController.errorHtml(javax.servlet.http.HttpServletRequest,javax.servlet.http.HttpServletResponse)
2017-04-08 18:05:32 [main] INFO  o.s.w.s.m.m.a.RequestMappingHandlerMapping.register(543) - Mapped "{[/error]}" onto public org.springframework.http.ResponseEntity<java.util.Map<java.lang.String, java.lang.Object>> org.springframework.boot.autoconfigure.web.BasicErrorController.error(javax.servlet.http.HttpServletRequest)
2017-04-08 18:05:32 [main] INFO  o.s.w.s.h.SimpleUrlHandlerMapping.registerHandler(354) - Mapped URL path [/webjars/**] onto handler of type [class org.springframework.web.servlet.resource.ResourceHttpRequestHandler]
2017-04-08 18:05:32 [main] INFO  o.s.w.s.h.SimpleUrlHandlerMapping.registerHandler(354) - Mapped URL path [/**] onto handler of type [class org.springframework.web.servlet.resource.ResourceHttpRequestHandler]
2017-04-08 18:05:32 [main] INFO  o.s.w.s.h.SimpleUrlHandlerMapping.registerHandler(354) - Mapped URL path [/**/favicon.ico] onto handler of type [class org.springframework.web.servlet.resource.ResourceHttpRequestHandler]
2017-04-08 18:05:32 [main] INFO  e.s.d.m.m.s.ModelRepositoryControllerTest.logStarted(57) - Started ModelRepositoryControllerTest in 2.792 seconds (JVM running for 3.469)
2017-04-08 18:05:32 [Thread-1] INFO  o.s.w.c.s.GenericWebApplicationContext.doClose(987) - Closing org.springframework.web.context.support.GenericWebApplicationContext@6f10d5b6: startup date [Sat Apr 08 18:05:30 CEST 2017]; root of context hierarchy
2017-04-08 18:06:21 [main] INFO  e.s.d.m.m.s.ModelRepositoryControllerTest.logStarting(48) - Starting ModelRepositoryControllerTest on jmotger with PID 14165 (started by jmotger in /home/jmotger/Escritorio/SUPERSEDE/dyn_adapt/Enactment/components/adapter/model/eu.supersede.dynadapt.modelrepository.manager.service)
2017-04-08 18:06:21 [main] DEBUG e.s.d.m.m.s.ModelRepositoryControllerTest.logStarting(51) - Running with Spring Boot v1.4.2.RELEASE, Spring v4.3.4.RELEASE
2017-04-08 18:06:21 [main] INFO  e.s.d.m.m.s.ModelRepositoryControllerTest.logStartupProfileInfo(661) - No active profile set, falling back to default profiles: default
2017-04-08 18:06:21 [main] INFO  o.s.w.c.s.GenericWebApplicationContext.prepareRefresh(582) - Refreshing org.springframework.web.context.support.GenericWebApplicationContext@6f10d5b6: startup date [Sat Apr 08 18:06:21 CEST 2017]; root of context hierarchy
2017-04-08 18:06:23 [main] INFO  o.s.w.s.m.m.a.RequestMappingHandlerAdapter.initControllerAdviceCache(534) - Looking for @ControllerAdvice: org.springframework.web.context.support.GenericWebApplicationContext@6f10d5b6: startup date [Sat Apr 08 18:06:21 CEST 2017]; root of context hierarchy
2017-04-08 18:06:23 [main] INFO  o.s.w.s.m.m.a.RequestMappingHandlerMapping.register(543) - Mapped "{[/models/{modelType}],methods=[GET]}" onto public java.lang.String eu.supersede.dynadapt.modelrepository.manager.service.ModelManagerController.listModels(java.lang.String,java.lang.String,java.lang.String,java.lang.String,java.lang.String,java.lang.String,java.lang.String,java.lang.String,java.lang.String,java.lang.String)
2017-04-08 18:06:23 [main] INFO  o.s.w.s.m.m.a.RequestMappingHandlerMapping.register(543) - Mapped "{[/models/{modelType}/{modelId}],methods=[GET]}" onto public java.lang.String eu.supersede.dynadapt.modelrepository.manager.service.ModelManagerController.getModel(java.lang.String,java.lang.String)
2017-04-08 18:06:23 [main] INFO  o.s.w.s.m.m.a.RequestMappingHandlerMapping.register(543) - Mapped "{[/models/{modelType}],methods=[POST]}" onto public java.lang.String eu.supersede.dynadapt.modelrepository.manager.service.ModelManagerController.createModel(java.lang.String,java.lang.String)
2017-04-08 18:06:23 [main] INFO  o.s.w.s.m.m.a.RequestMappingHandlerMapping.register(543) - Mapped "{[/models/{modelType}/{modelId}],methods=[PUT]}" onto public java.lang.String eu.supersede.dynadapt.modelrepository.manager.service.ModelManagerController.updateModel(java.lang.String,java.lang.String,java.lang.String)
2017-04-08 18:06:23 [main] INFO  o.s.w.s.m.m.a.RequestMappingHandlerMapping.register(543) - Mapped "{[/models/{modelType}/{modelId}],methods=[DELETE]}" onto public void eu.supersede.dynadapt.modelrepository.manager.service.ModelManagerController.deleteModel(java.lang.String,java.lang.String)
2017-04-08 18:06:23 [main] INFO  o.s.w.s.m.m.a.RequestMappingHandlerMapping.register(543) - Mapped "{[/error],produces=[text/html]}" onto public org.springframework.web.servlet.ModelAndView org.springframework.boot.autoconfigure.web.BasicErrorController.errorHtml(javax.servlet.http.HttpServletRequest,javax.servlet.http.HttpServletResponse)
2017-04-08 18:06:23 [main] INFO  o.s.w.s.m.m.a.RequestMappingHandlerMapping.register(543) - Mapped "{[/error]}" onto public org.springframework.http.ResponseEntity<java.util.Map<java.lang.String, java.lang.Object>> org.springframework.boot.autoconfigure.web.BasicErrorController.error(javax.servlet.http.HttpServletRequest)
2017-04-08 18:06:23 [main] INFO  o.s.w.s.h.SimpleUrlHandlerMapping.registerHandler(354) - Mapped URL path [/webjars/**] onto handler of type [class org.springframework.web.servlet.resource.ResourceHttpRequestHandler]
2017-04-08 18:06:23 [main] INFO  o.s.w.s.h.SimpleUrlHandlerMapping.registerHandler(354) - Mapped URL path [/**] onto handler of type [class org.springframework.web.servlet.resource.ResourceHttpRequestHandler]
2017-04-08 18:06:23 [main] INFO  o.s.w.s.h.SimpleUrlHandlerMapping.registerHandler(354) - Mapped URL path [/**/favicon.ico] onto handler of type [class org.springframework.web.servlet.resource.ResourceHttpRequestHandler]
2017-04-08 18:06:23 [main] INFO  e.s.d.m.m.s.ModelRepositoryControllerTest.logStarted(57) - Started ModelRepositoryControllerTest in 2.833 seconds (JVM running for 3.494)
2017-04-08 18:06:24 [Thread-1] INFO  o.s.w.c.s.GenericWebApplicationContext.doClose(987) - Closing org.springframework.web.context.support.GenericWebApplicationContext@6f10d5b6: startup date [Sat Apr 08 18:06:21 CEST 2017]; root of context hierarchy
2017-04-08 18:06:32 [main] INFO  e.s.d.m.m.s.ModelRepositoryControllerTest.logStarting(48) - Starting ModelRepositoryControllerTest on jmotger with PID 14196 (started by jmotger in /home/jmotger/Escritorio/SUPERSEDE/dyn_adapt/Enactment/components/adapter/model/eu.supersede.dynadapt.modelrepository.manager.service)
2017-04-08 18:06:32 [main] DEBUG e.s.d.m.m.s.ModelRepositoryControllerTest.logStarting(51) - Running with Spring Boot v1.4.2.RELEASE, Spring v4.3.4.RELEASE
2017-04-08 18:06:32 [main] INFO  e.s.d.m.m.s.ModelRepositoryControllerTest.logStartupProfileInfo(661) - No active profile set, falling back to default profiles: default
2017-04-08 18:06:32 [main] INFO  o.s.w.c.s.GenericWebApplicationContext.prepareRefresh(582) - Refreshing org.springframework.web.context.support.GenericWebApplicationContext@6f10d5b6: startup date [Sat Apr 08 18:06:32 CEST 2017]; root of context hierarchy
2017-04-08 18:06:34 [main] INFO  o.s.w.s.m.m.a.RequestMappingHandlerAdapter.initControllerAdviceCache(534) - Looking for @ControllerAdvice: org.springframework.web.context.support.GenericWebApplicationContext@6f10d5b6: startup date [Sat Apr 08 18:06:32 CEST 2017]; root of context hierarchy
2017-04-08 18:06:34 [main] INFO  o.s.w.s.m.m.a.RequestMappingHandlerMapping.register(543) - Mapped "{[/models/{modelType}],methods=[GET]}" onto public java.lang.String eu.supersede.dynadapt.modelrepository.manager.service.ModelManagerController.listModels(java.lang.String,java.lang.String,java.lang.String,java.lang.String,java.lang.String,java.lang.String,java.lang.String,java.lang.String,java.lang.String,java.lang.String)
2017-04-08 18:06:34 [main] INFO  o.s.w.s.m.m.a.RequestMappingHandlerMapping.register(543) - Mapped "{[/models/{modelType}/{modelId}],methods=[GET]}" onto public java.lang.String eu.supersede.dynadapt.modelrepository.manager.service.ModelManagerController.getModel(java.lang.String,java.lang.String)
2017-04-08 18:06:34 [main] INFO  o.s.w.s.m.m.a.RequestMappingHandlerMapping.register(543) - Mapped "{[/models/{modelType}],methods=[POST]}" onto public java.lang.String eu.supersede.dynadapt.modelrepository.manager.service.ModelManagerController.createModel(java.lang.String,java.lang.String)
2017-04-08 18:06:34 [main] INFO  o.s.w.s.m.m.a.RequestMappingHandlerMapping.register(543) - Mapped "{[/models/{modelType}/{modelId}],methods=[PUT]}" onto public java.lang.String eu.supersede.dynadapt.modelrepository.manager.service.ModelManagerController.updateModel(java.lang.String,java.lang.String,java.lang.String)
2017-04-08 18:06:34 [main] INFO  o.s.w.s.m.m.a.RequestMappingHandlerMapping.register(543) - Mapped "{[/models/{modelType}/{modelId}],methods=[DELETE]}" onto public void eu.supersede.dynadapt.modelrepository.manager.service.ModelManagerController.deleteModel(java.lang.String,java.lang.String)
2017-04-08 18:06:34 [main] INFO  o.s.w.s.m.m.a.RequestMappingHandlerMapping.register(543) - Mapped "{[/error],produces=[text/html]}" onto public org.springframework.web.servlet.ModelAndView org.springframework.boot.autoconfigure.web.BasicErrorController.errorHtml(javax.servlet.http.HttpServletRequest,javax.servlet.http.HttpServletResponse)
2017-04-08 18:06:34 [main] INFO  o.s.w.s.m.m.a.RequestMappingHandlerMapping.register(543) - Mapped "{[/error]}" onto public org.springframework.http.ResponseEntity<java.util.Map<java.lang.String, java.lang.Object>> org.springframework.boot.autoconfigure.web.BasicErrorController.error(javax.servlet.http.HttpServletRequest)
2017-04-08 18:06:34 [main] INFO  o.s.w.s.h.SimpleUrlHandlerMapping.registerHandler(354) - Mapped URL path [/webjars/**] onto handler of type [class org.springframework.web.servlet.resource.ResourceHttpRequestHandler]
2017-04-08 18:06:34 [main] INFO  o.s.w.s.h.SimpleUrlHandlerMapping.registerHandler(354) - Mapped URL path [/**] onto handler of type [class org.springframework.web.servlet.resource.ResourceHttpRequestHandler]
2017-04-08 18:06:34 [main] INFO  o.s.w.s.h.SimpleUrlHandlerMapping.registerHandler(354) - Mapped URL path [/**/favicon.ico] onto handler of type [class org.springframework.web.servlet.resource.ResourceHttpRequestHandler]
2017-04-08 18:06:35 [main] INFO  e.s.d.m.m.s.ModelRepositoryControllerTest.logStarted(57) - Started ModelRepositoryControllerTest in 2.812 seconds (JVM running for 3.574)
2017-04-08 18:06:35 [Thread-1] INFO  o.s.w.c.s.GenericWebApplicationContext.doClose(987) - Closing org.springframework.web.context.support.GenericWebApplicationContext@6f10d5b6: startup date [Sat Apr 08 18:06:32 CEST 2017]; root of context hierarchy
2017-04-08 18:06:43 [main] INFO  e.s.d.m.m.s.ModelRepositoryControllerTest.logStarting(48) - Starting ModelRepositoryControllerTest on jmotger with PID 14231 (started by jmotger in /home/jmotger/Escritorio/SUPERSEDE/dyn_adapt/Enactment/components/adapter/model/eu.supersede.dynadapt.modelrepository.manager.service)
2017-04-08 18:06:43 [main] DEBUG e.s.d.m.m.s.ModelRepositoryControllerTest.logStarting(51) - Running with Spring Boot v1.4.2.RELEASE, Spring v4.3.4.RELEASE
2017-04-08 18:06:43 [main] INFO  e.s.d.m.m.s.ModelRepositoryControllerTest.logStartupProfileInfo(661) - No active profile set, falling back to default profiles: default
2017-04-08 18:06:43 [main] INFO  o.s.w.c.s.GenericWebApplicationContext.prepareRefresh(582) - Refreshing org.springframework.web.context.support.GenericWebApplicationContext@6f10d5b6: startup date [Sat Apr 08 18:06:43 CEST 2017]; root of context hierarchy
2017-04-08 18:06:45 [main] INFO  o.s.w.s.m.m.a.RequestMappingHandlerAdapter.initControllerAdviceCache(534) - Looking for @ControllerAdvice: org.springframework.web.context.support.GenericWebApplicationContext@6f10d5b6: startup date [Sat Apr 08 18:06:43 CEST 2017]; root of context hierarchy
2017-04-08 18:06:45 [main] INFO  o.s.w.s.m.m.a.RequestMappingHandlerMapping.register(543) - Mapped "{[/models/{modelType}],methods=[GET]}" onto public java.lang.String eu.supersede.dynadapt.modelrepository.manager.service.ModelManagerController.listModels(java.lang.String,java.lang.String,java.lang.String,java.lang.String,java.lang.String,java.lang.String,java.lang.String,java.lang.String,java.lang.String,java.lang.String)
2017-04-08 18:06:45 [main] INFO  o.s.w.s.m.m.a.RequestMappingHandlerMapping.register(543) - Mapped "{[/models/{modelType}/{modelId}],methods=[GET]}" onto public java.lang.String eu.supersede.dynadapt.modelrepository.manager.service.ModelManagerController.getModel(java.lang.String,java.lang.String)
2017-04-08 18:06:45 [main] INFO  o.s.w.s.m.m.a.RequestMappingHandlerMapping.register(543) - Mapped "{[/models/{modelType}],methods=[POST]}" onto public java.lang.String eu.supersede.dynadapt.modelrepository.manager.service.ModelManagerController.createModel(java.lang.String,java.lang.String)
2017-04-08 18:06:45 [main] INFO  o.s.w.s.m.m.a.RequestMappingHandlerMapping.register(543) - Mapped "{[/models/{modelType}/{modelId}],methods=[PUT]}" onto public java.lang.String eu.supersede.dynadapt.modelrepository.manager.service.ModelManagerController.updateModel(java.lang.String,java.lang.String,java.lang.String)
2017-04-08 18:06:45 [main] INFO  o.s.w.s.m.m.a.RequestMappingHandlerMapping.register(543) - Mapped "{[/models/{modelType}/{modelId}],methods=[DELETE]}" onto public void eu.supersede.dynadapt.modelrepository.manager.service.ModelManagerController.deleteModel(java.lang.String,java.lang.String)
2017-04-08 18:06:45 [main] INFO  o.s.w.s.m.m.a.RequestMappingHandlerMapping.register(543) - Mapped "{[/error],produces=[text/html]}" onto public org.springframework.web.servlet.ModelAndView org.springframework.boot.autoconfigure.web.BasicErrorController.errorHtml(javax.servlet.http.HttpServletRequest,javax.servlet.http.HttpServletResponse)
2017-04-08 18:06:45 [main] INFO  o.s.w.s.m.m.a.RequestMappingHandlerMapping.register(543) - Mapped "{[/error]}" onto public org.springframework.http.ResponseEntity<java.util.Map<java.lang.String, java.lang.Object>> org.springframework.boot.autoconfigure.web.BasicErrorController.error(javax.servlet.http.HttpServletRequest)
2017-04-08 18:06:46 [main] INFO  o.s.w.s.h.SimpleUrlHandlerMapping.registerHandler(354) - Mapped URL path [/webjars/**] onto handler of type [class org.springframework.web.servlet.resource.ResourceHttpRequestHandler]
2017-04-08 18:06:46 [main] INFO  o.s.w.s.h.SimpleUrlHandlerMapping.registerHandler(354) - Mapped URL path [/**] onto handler of type [class org.springframework.web.servlet.resource.ResourceHttpRequestHandler]
2017-04-08 18:06:46 [main] INFO  o.s.w.s.h.SimpleUrlHandlerMapping.registerHandler(354) - Mapped URL path [/**/favicon.ico] onto handler of type [class org.springframework.web.servlet.resource.ResourceHttpRequestHandler]
2017-04-08 18:06:46 [main] INFO  e.s.d.m.m.s.ModelRepositoryControllerTest.logStarted(57) - Started ModelRepositoryControllerTest in 2.777 seconds (JVM running for 3.564)
2017-04-08 18:06:46 [Thread-1] INFO  o.s.w.c.s.GenericWebApplicationContext.doClose(987) - Closing org.springframework.web.context.support.GenericWebApplicationContext@6f10d5b6: startup date [Sat Apr 08 18:06:43 CEST 2017]; root of context hierarchy
2017-04-08 18:06:54 [main] INFO  e.s.d.m.m.s.ModelRepositoryControllerTest.logStarting(48) - Starting ModelRepositoryControllerTest on jmotger with PID 14266 (started by jmotger in /home/jmotger/Escritorio/SUPERSEDE/dyn_adapt/Enactment/components/adapter/model/eu.supersede.dynadapt.modelrepository.manager.service)
2017-04-08 18:06:54 [main] DEBUG e.s.d.m.m.s.ModelRepositoryControllerTest.logStarting(51) - Running with Spring Boot v1.4.2.RELEASE, Spring v4.3.4.RELEASE
2017-04-08 18:06:54 [main] INFO  e.s.d.m.m.s.ModelRepositoryControllerTest.logStartupProfileInfo(661) - No active profile set, falling back to default profiles: default
2017-04-08 18:06:54 [main] INFO  o.s.w.c.s.GenericWebApplicationContext.prepareRefresh(582) - Refreshing org.springframework.web.context.support.GenericWebApplicationContext@6f10d5b6: startup date [Sat Apr 08 18:06:54 CEST 2017]; root of context hierarchy
2017-04-08 18:06:56 [main] INFO  o.s.w.s.m.m.a.RequestMappingHandlerAdapter.initControllerAdviceCache(534) - Looking for @ControllerAdvice: org.springframework.web.context.support.GenericWebApplicationContext@6f10d5b6: startup date [Sat Apr 08 18:06:54 CEST 2017]; root of context hierarchy
2017-04-08 18:06:56 [main] INFO  o.s.w.s.m.m.a.RequestMappingHandlerMapping.register(543) - Mapped "{[/models/{modelType}],methods=[GET]}" onto public java.lang.String eu.supersede.dynadapt.modelrepository.manager.service.ModelManagerController.listModels(java.lang.String,java.lang.String,java.lang.String,java.lang.String,java.lang.String,java.lang.String,java.lang.String,java.lang.String,java.lang.String,java.lang.String)
2017-04-08 18:06:56 [main] INFO  o.s.w.s.m.m.a.RequestMappingHandlerMapping.register(543) - Mapped "{[/models/{modelType}/{modelId}],methods=[GET]}" onto public java.lang.String eu.supersede.dynadapt.modelrepository.manager.service.ModelManagerController.getModel(java.lang.String,java.lang.String)
2017-04-08 18:06:56 [main] INFO  o.s.w.s.m.m.a.RequestMappingHandlerMapping.register(543) - Mapped "{[/models/{modelType}],methods=[POST]}" onto public java.lang.String eu.supersede.dynadapt.modelrepository.manager.service.ModelManagerController.createModel(java.lang.String,java.lang.String)
2017-04-08 18:06:56 [main] INFO  o.s.w.s.m.m.a.RequestMappingHandlerMapping.register(543) - Mapped "{[/models/{modelType}/{modelId}],methods=[PUT]}" onto public java.lang.String eu.supersede.dynadapt.modelrepository.manager.service.ModelManagerController.updateModel(java.lang.String,java.lang.String,java.lang.String)
2017-04-08 18:06:56 [main] INFO  o.s.w.s.m.m.a.RequestMappingHandlerMapping.register(543) - Mapped "{[/models/{modelType}/{modelId}],methods=[DELETE]}" onto public void eu.supersede.dynadapt.modelrepository.manager.service.ModelManagerController.deleteModel(java.lang.String,java.lang.String)
2017-04-08 18:06:56 [main] INFO  o.s.w.s.m.m.a.RequestMappingHandlerMapping.register(543) - Mapped "{[/error],produces=[text/html]}" onto public org.springframework.web.servlet.ModelAndView org.springframework.boot.autoconfigure.web.BasicErrorController.errorHtml(javax.servlet.http.HttpServletRequest,javax.servlet.http.HttpServletResponse)
2017-04-08 18:06:56 [main] INFO  o.s.w.s.m.m.a.RequestMappingHandlerMapping.register(543) - Mapped "{[/error]}" onto public org.springframework.http.ResponseEntity<java.util.Map<java.lang.String, java.lang.Object>> org.springframework.boot.autoconfigure.web.BasicErrorController.error(javax.servlet.http.HttpServletRequest)
2017-04-08 18:06:56 [main] INFO  o.s.w.s.h.SimpleUrlHandlerMapping.registerHandler(354) - Mapped URL path [/webjars/**] onto handler of type [class org.springframework.web.servlet.resource.ResourceHttpRequestHandler]
2017-04-08 18:06:56 [main] INFO  o.s.w.s.h.SimpleUrlHandlerMapping.registerHandler(354) - Mapped URL path [/**] onto handler of type [class org.springframework.web.servlet.resource.ResourceHttpRequestHandler]
2017-04-08 18:06:56 [main] INFO  o.s.w.s.h.SimpleUrlHandlerMapping.registerHandler(354) - Mapped URL path [/**/favicon.ico] onto handler of type [class org.springframework.web.servlet.resource.ResourceHttpRequestHandler]
2017-04-08 18:06:57 [main] INFO  e.s.d.m.m.s.ModelRepositoryControllerTest.logStarted(57) - Started ModelRepositoryControllerTest in 2.669 seconds (JVM running for 3.329)
2017-04-08 18:06:57 [Thread-1] INFO  o.s.w.c.s.GenericWebApplicationContext.doClose(987) - Closing org.springframework.web.context.support.GenericWebApplicationContext@6f10d5b6: startup date [Sat Apr 08 18:06:54 CEST 2017]; root of context hierarchy
2017-04-08 18:07:07 [main] INFO  e.s.d.m.m.s.ModelRepositoryControllerTest.logStarting(48) - Starting ModelRepositoryControllerTest on jmotger with PID 14317 (started by jmotger in /home/jmotger/Escritorio/SUPERSEDE/dyn_adapt/Enactment/components/adapter/model/eu.supersede.dynadapt.modelrepository.manager.service)
2017-04-08 18:07:07 [main] DEBUG e.s.d.m.m.s.ModelRepositoryControllerTest.logStarting(51) - Running with Spring Boot v1.4.2.RELEASE, Spring v4.3.4.RELEASE
2017-04-08 18:07:07 [main] INFO  e.s.d.m.m.s.ModelRepositoryControllerTest.logStartupProfileInfo(661) - No active profile set, falling back to default profiles: default
2017-04-08 18:07:07 [main] INFO  o.s.w.c.s.GenericWebApplicationContext.prepareRefresh(582) - Refreshing org.springframework.web.context.support.GenericWebApplicationContext@6f10d5b6: startup date [Sat Apr 08 18:07:07 CEST 2017]; root of context hierarchy
2017-04-08 18:07:09 [main] INFO  o.s.w.s.m.m.a.RequestMappingHandlerAdapter.initControllerAdviceCache(534) - Looking for @ControllerAdvice: org.springframework.web.context.support.GenericWebApplicationContext@6f10d5b6: startup date [Sat Apr 08 18:07:07 CEST 2017]; root of context hierarchy
2017-04-08 18:07:09 [main] INFO  o.s.w.s.m.m.a.RequestMappingHandlerMapping.register(543) - Mapped "{[/models/{modelType}],methods=[GET]}" onto public java.lang.String eu.supersede.dynadapt.modelrepository.manager.service.ModelManagerController.listModels(java.lang.String,java.lang.String,java.lang.String,java.lang.String,java.lang.String,java.lang.String,java.lang.String,java.lang.String,java.lang.String,java.lang.String)
2017-04-08 18:07:09 [main] INFO  o.s.w.s.m.m.a.RequestMappingHandlerMapping.register(543) - Mapped "{[/models/{modelType}/{modelId}],methods=[GET]}" onto public java.lang.String eu.supersede.dynadapt.modelrepository.manager.service.ModelManagerController.getModel(java.lang.String,java.lang.String)
2017-04-08 18:07:09 [main] INFO  o.s.w.s.m.m.a.RequestMappingHandlerMapping.register(543) - Mapped "{[/models/{modelType}/{modelId}],methods=[PUT]}" onto public java.lang.String eu.supersede.dynadapt.modelrepository.manager.service.ModelManagerController.updateModel(java.lang.String,java.lang.String,java.lang.String)
2017-04-08 18:07:09 [main] INFO  o.s.w.s.m.m.a.RequestMappingHandlerMapping.register(543) - Mapped "{[/models/{modelType}/{modelId}],methods=[DELETE]}" onto public void eu.supersede.dynadapt.modelrepository.manager.service.ModelManagerController.deleteModel(java.lang.String,java.lang.String)
2017-04-08 18:07:09 [main] INFO  o.s.w.s.m.m.a.RequestMappingHandlerMapping.register(543) - Mapped "{[/models/{modelType}],methods=[POST]}" onto public java.lang.String eu.supersede.dynadapt.modelrepository.manager.service.ModelManagerController.createModel(java.lang.String,java.lang.String)
2017-04-08 18:07:09 [main] INFO  o.s.w.s.m.m.a.RequestMappingHandlerMapping.register(543) - Mapped "{[/error],produces=[text/html]}" onto public org.springframework.web.servlet.ModelAndView org.springframework.boot.autoconfigure.web.BasicErrorController.errorHtml(javax.servlet.http.HttpServletRequest,javax.servlet.http.HttpServletResponse)
2017-04-08 18:07:09 [main] INFO  o.s.w.s.m.m.a.RequestMappingHandlerMapping.register(543) - Mapped "{[/error]}" onto public org.springframework.http.ResponseEntity<java.util.Map<java.lang.String, java.lang.Object>> org.springframework.boot.autoconfigure.web.BasicErrorController.error(javax.servlet.http.HttpServletRequest)
2017-04-08 18:07:09 [main] INFO  o.s.w.s.h.SimpleUrlHandlerMapping.registerHandler(354) - Mapped URL path [/webjars/**] onto handler of type [class org.springframework.web.servlet.resource.ResourceHttpRequestHandler]
2017-04-08 18:07:09 [main] INFO  o.s.w.s.h.SimpleUrlHandlerMapping.registerHandler(354) - Mapped URL path [/**] onto handler of type [class org.springframework.web.servlet.resource.ResourceHttpRequestHandler]
2017-04-08 18:07:09 [main] INFO  o.s.w.s.h.SimpleUrlHandlerMapping.registerHandler(354) - Mapped URL path [/**/favicon.ico] onto handler of type [class org.springframework.web.servlet.resource.ResourceHttpRequestHandler]
2017-04-08 18:07:10 [main] INFO  e.s.d.m.m.s.ModelRepositoryControllerTest.logStarted(57) - Started ModelRepositoryControllerTest in 2.918 seconds (JVM running for 3.591)
2017-04-08 18:07:10 [Thread-1] INFO  o.s.w.c.s.GenericWebApplicationContext.doClose(987) - Closing org.springframework.web.context.support.GenericWebApplicationContext@6f10d5b6: startup date [Sat Apr 08 18:07:07 CEST 2017]; root of context hierarchy
2017-04-08 18:09:54 [main] INFO  e.s.d.m.m.s.ModelRepositoryControllerTest.logStarting(48) - Starting ModelRepositoryControllerTest on jmotger with PID 14503 (started by jmotger in /home/jmotger/Escritorio/SUPERSEDE/dyn_adapt/Enactment/components/adapter/model/eu.supersede.dynadapt.modelrepository.manager.service)
2017-04-08 18:09:54 [main] DEBUG e.s.d.m.m.s.ModelRepositoryControllerTest.logStarting(51) - Running with Spring Boot v1.4.2.RELEASE, Spring v4.3.4.RELEASE
2017-04-08 18:09:54 [main] INFO  e.s.d.m.m.s.ModelRepositoryControllerTest.logStartupProfileInfo(661) - No active profile set, falling back to default profiles: default
2017-04-08 18:09:54 [main] INFO  o.s.w.c.s.GenericWebApplicationContext.prepareRefresh(582) - Refreshing org.springframework.web.context.support.GenericWebApplicationContext@6f10d5b6: startup date [Sat Apr 08 18:09:54 CEST 2017]; root of context hierarchy
2017-04-08 18:09:56 [main] INFO  o.s.w.s.m.m.a.RequestMappingHandlerAdapter.initControllerAdviceCache(534) - Looking for @ControllerAdvice: org.springframework.web.context.support.GenericWebApplicationContext@6f10d5b6: startup date [Sat Apr 08 18:09:54 CEST 2017]; root of context hierarchy
2017-04-08 18:09:56 [main] INFO  o.s.w.s.m.m.a.RequestMappingHandlerMapping.register(543) - Mapped "{[/models/{modelType}],methods=[GET]}" onto public java.lang.String eu.supersede.dynadapt.modelrepository.manager.service.ModelManagerController.listModels(java.lang.String,java.lang.String,java.lang.String,java.lang.String,java.lang.String,java.lang.String,java.lang.String,java.lang.String,java.lang.String,java.lang.String)
2017-04-08 18:09:56 [main] INFO  o.s.w.s.m.m.a.RequestMappingHandlerMapping.register(543) - Mapped "{[/models/{modelType}/{modelId}],methods=[GET]}" onto public java.lang.String eu.supersede.dynadapt.modelrepository.manager.service.ModelManagerController.getModel(java.lang.String,java.lang.String)
2017-04-08 18:09:56 [main] INFO  o.s.w.s.m.m.a.RequestMappingHandlerMapping.register(543) - Mapped "{[/models/{modelType}],methods=[POST]}" onto public java.lang.String eu.supersede.dynadapt.modelrepository.manager.service.ModelManagerController.createModel(java.lang.String,java.lang.String)
2017-04-08 18:09:56 [main] INFO  o.s.w.s.m.m.a.RequestMappingHandlerMapping.register(543) - Mapped "{[/models/{modelType}/{modelId}],methods=[PUT]}" onto public java.lang.String eu.supersede.dynadapt.modelrepository.manager.service.ModelManagerController.updateModel(java.lang.String,java.lang.String,java.lang.String)
2017-04-08 18:09:56 [main] INFO  o.s.w.s.m.m.a.RequestMappingHandlerMapping.register(543) - Mapped "{[/models/{modelType}/{modelId}],methods=[DELETE]}" onto public void eu.supersede.dynadapt.modelrepository.manager.service.ModelManagerController.deleteModel(java.lang.String,java.lang.String)
2017-04-08 18:09:56 [main] INFO  o.s.w.s.m.m.a.RequestMappingHandlerMapping.register(543) - Mapped "{[/error],produces=[text/html]}" onto public org.springframework.web.servlet.ModelAndView org.springframework.boot.autoconfigure.web.BasicErrorController.errorHtml(javax.servlet.http.HttpServletRequest,javax.servlet.http.HttpServletResponse)
2017-04-08 18:09:56 [main] INFO  o.s.w.s.m.m.a.RequestMappingHandlerMapping.register(543) - Mapped "{[/error]}" onto public org.springframework.http.ResponseEntity<java.util.Map<java.lang.String, java.lang.Object>> org.springframework.boot.autoconfigure.web.BasicErrorController.error(javax.servlet.http.HttpServletRequest)
2017-04-08 18:09:56 [main] INFO  o.s.w.s.h.SimpleUrlHandlerMapping.registerHandler(354) - Mapped URL path [/webjars/**] onto handler of type [class org.springframework.web.servlet.resource.ResourceHttpRequestHandler]
2017-04-08 18:09:56 [main] INFO  o.s.w.s.h.SimpleUrlHandlerMapping.registerHandler(354) - Mapped URL path [/**] onto handler of type [class org.springframework.web.servlet.resource.ResourceHttpRequestHandler]
2017-04-08 18:09:56 [main] INFO  o.s.w.s.h.SimpleUrlHandlerMapping.registerHandler(354) - Mapped URL path [/**/favicon.ico] onto handler of type [class org.springframework.web.servlet.resource.ResourceHttpRequestHandler]
2017-04-08 18:09:56 [main] INFO  e.s.d.m.m.s.ModelRepositoryControllerTest.logStarted(57) - Started ModelRepositoryControllerTest in 2.682 seconds (JVM running for 3.31)
2017-04-08 18:09:56 [Thread-1] INFO  o.s.w.c.s.GenericWebApplicationContext.doClose(987) - Closing org.springframework.web.context.support.GenericWebApplicationContext@6f10d5b6: startup date [Sat Apr 08 18:09:54 CEST 2017]; root of context hierarchy
2017-04-08 18:15:09 [Test worker] INFO  e.s.d.m.m.s.ModelRepositoryControllerTest.logStarting(48) - Starting ModelRepositoryControllerTest on jmotger with PID 14834 (started by jmotger in /home/jmotger/Escritorio/SUPERSEDE/dyn_adapt/Enactment/components/adapter/model/eu.supersede.dynadapt.modelrepository.manager.service)
2017-04-08 18:15:09 [Test worker] DEBUG e.s.d.m.m.s.ModelRepositoryControllerTest.logStarting(51) - Running with Spring Boot v1.4.2.RELEASE, Spring v4.3.4.RELEASE
2017-04-08 18:15:09 [Test worker] INFO  e.s.d.m.m.s.ModelRepositoryControllerTest.logStartupProfileInfo(661) - No active profile set, falling back to default profiles: default
2017-04-08 18:15:09 [Test worker] INFO  o.s.w.c.s.GenericWebApplicationContext.prepareRefresh(582) - Refreshing org.springframework.web.context.support.GenericWebApplicationContext@7c1141d7: startup date [Sat Apr 08 18:15:09 CEST 2017]; root of context hierarchy
2017-04-08 18:15:11 [Test worker] INFO  o.s.w.s.m.m.a.RequestMappingHandlerAdapter.initControllerAdviceCache(534) - Looking for @ControllerAdvice: org.springframework.web.context.support.GenericWebApplicationContext@7c1141d7: startup date [Sat Apr 08 18:15:09 CEST 2017]; root of context hierarchy
2017-04-08 18:15:11 [Test worker] INFO  o.s.w.s.m.m.a.RequestMappingHandlerMapping.register(543) - Mapped "{[/models/{modelType}],methods=[GET]}" onto public java.lang.String eu.supersede.dynadapt.modelrepository.manager.service.ModelManagerController.listModels(java.lang.String,java.lang.String,java.lang.String,java.lang.String,java.lang.String,java.lang.String,java.lang.String,java.lang.String,java.lang.String,java.lang.String)
2017-04-08 18:15:11 [Test worker] INFO  o.s.w.s.m.m.a.RequestMappingHandlerMapping.register(543) - Mapped "{[/models/{modelType}/{modelId}],methods=[GET]}" onto public java.lang.String eu.supersede.dynadapt.modelrepository.manager.service.ModelManagerController.getModel(java.lang.String,java.lang.String)
2017-04-08 18:15:11 [Test worker] INFO  o.s.w.s.m.m.a.RequestMappingHandlerMapping.register(543) - Mapped "{[/models/{modelType}/{modelId}],methods=[PUT]}" onto public java.lang.String eu.supersede.dynadapt.modelrepository.manager.service.ModelManagerController.updateModel(java.lang.String,java.lang.String,java.lang.String)
2017-04-08 18:15:11 [Test worker] INFO  o.s.w.s.m.m.a.RequestMappingHandlerMapping.register(543) - Mapped "{[/models/{modelType}/{modelId}],methods=[DELETE]}" onto public void eu.supersede.dynadapt.modelrepository.manager.service.ModelManagerController.deleteModel(java.lang.String,java.lang.String)
2017-04-08 18:15:11 [Test worker] INFO  o.s.w.s.m.m.a.RequestMappingHandlerMapping.register(543) - Mapped "{[/models/{modelType}],methods=[POST]}" onto public java.lang.String eu.supersede.dynadapt.modelrepository.manager.service.ModelManagerController.createModel(java.lang.String,java.lang.String)
2017-04-08 18:15:11 [Test worker] INFO  o.s.w.s.m.m.a.RequestMappingHandlerMapping.register(543) - Mapped "{[/error],produces=[text/html]}" onto public org.springframework.web.servlet.ModelAndView org.springframework.boot.autoconfigure.web.BasicErrorController.errorHtml(javax.servlet.http.HttpServletRequest,javax.servlet.http.HttpServletResponse)
2017-04-08 18:15:11 [Test worker] INFO  o.s.w.s.m.m.a.RequestMappingHandlerMapping.register(543) - Mapped "{[/error]}" onto public org.springframework.http.ResponseEntity<java.util.Map<java.lang.String, java.lang.Object>> org.springframework.boot.autoconfigure.web.BasicErrorController.error(javax.servlet.http.HttpServletRequest)
2017-04-08 18:15:11 [Test worker] INFO  o.s.w.s.h.SimpleUrlHandlerMapping.registerHandler(354) - Mapped URL path [/webjars/**] onto handler of type [class org.springframework.web.servlet.resource.ResourceHttpRequestHandler]
2017-04-08 18:15:11 [Test worker] INFO  o.s.w.s.h.SimpleUrlHandlerMapping.registerHandler(354) - Mapped URL path [/**] onto handler of type [class org.springframework.web.servlet.resource.ResourceHttpRequestHandler]
2017-04-08 18:15:11 [Test worker] INFO  o.s.w.s.h.SimpleUrlHandlerMapping.registerHandler(354) - Mapped URL path [/**/favicon.ico] onto handler of type [class org.springframework.web.servlet.resource.ResourceHttpRequestHandler]
2017-04-08 18:15:11 [Test worker] INFO  e.s.d.m.m.s.ModelRepositoryControllerTest.logStarted(57) - Started ModelRepositoryControllerTest in 3.067 seconds (JVM running for 4.087)
2017-04-08 18:15:11 [Thread-4] INFO  o.s.w.c.s.GenericWebApplicationContext.doClose(987) - Closing org.springframework.web.context.support.GenericWebApplicationContext@7c1141d7: startup date [Sat Apr 08 18:15:09 CEST 2017]; root of context hierarchy
2017-04-08 18:36:55 [Test worker] INFO  e.s.d.m.m.s.ModelRepositoryControllerTest.logStarting(48) - Starting ModelRepositoryControllerTest on jmotger with PID 15817 (started by jmotger in /home/jmotger/Escritorio/SUPERSEDE/dyn_adapt/Enactment/components/adapter/model/eu.supersede.dynadapt.modelrepository.manager.service)
2017-04-08 18:36:55 [Test worker] DEBUG e.s.d.m.m.s.ModelRepositoryControllerTest.logStarting(51) - Running with Spring Boot v1.4.2.RELEASE, Spring v4.3.4.RELEASE
2017-04-08 18:36:55 [Test worker] INFO  e.s.d.m.m.s.ModelRepositoryControllerTest.logStartupProfileInfo(661) - No active profile set, falling back to default profiles: default
2017-04-08 18:36:55 [Test worker] INFO  o.s.w.c.s.GenericWebApplicationContext.prepareRefresh(582) - Refreshing org.springframework.web.context.support.GenericWebApplicationContext@4fc17a6d: startup date [Sat Apr 08 18:36:55 CEST 2017]; root of context hierarchy
2017-04-08 18:36:59 [Test worker] INFO  o.s.w.s.m.m.a.RequestMappingHandlerAdapter.initControllerAdviceCache(534) - Looking for @ControllerAdvice: org.springframework.web.context.support.GenericWebApplicationContext@4fc17a6d: startup date [Sat Apr 08 18:36:55 CEST 2017]; root of context hierarchy
2017-04-08 18:36:59 [Test worker] INFO  o.s.w.s.m.m.a.RequestMappingHandlerMapping.register(543) - Mapped "{[/models/{modelType}],methods=[GET]}" onto public java.lang.String eu.supersede.dynadapt.modelrepository.manager.service.ModelManagerController.listModels(java.lang.String,java.lang.String,java.lang.String,java.lang.String,java.lang.String,java.lang.String,java.lang.String,java.lang.String,java.lang.String,java.lang.String)
2017-04-08 18:36:59 [Test worker] INFO  o.s.w.s.m.m.a.RequestMappingHandlerMapping.register(543) - Mapped "{[/models/{modelType}/{modelId}],methods=[GET]}" onto public java.lang.String eu.supersede.dynadapt.modelrepository.manager.service.ModelManagerController.getModel(java.lang.String,java.lang.String)
2017-04-08 18:36:59 [Test worker] INFO  o.s.w.s.m.m.a.RequestMappingHandlerMapping.register(543) - Mapped "{[/models/{modelType}],methods=[POST]}" onto public java.lang.String eu.supersede.dynadapt.modelrepository.manager.service.ModelManagerController.createModel(java.lang.String,java.lang.String)
2017-04-08 18:36:59 [Test worker] INFO  o.s.w.s.m.m.a.RequestMappingHandlerMapping.register(543) - Mapped "{[/models/{modelType}/{modelId}],methods=[PUT]}" onto public java.lang.String eu.supersede.dynadapt.modelrepository.manager.service.ModelManagerController.updateModel(java.lang.String,java.lang.String,java.lang.String)
2017-04-08 18:36:59 [Test worker] INFO  o.s.w.s.m.m.a.RequestMappingHandlerMapping.register(543) - Mapped "{[/models/{modelType}/{modelId}],methods=[DELETE]}" onto public void eu.supersede.dynadapt.modelrepository.manager.service.ModelManagerController.deleteModel(java.lang.String,java.lang.String)
2017-04-08 18:36:59 [Test worker] INFO  o.s.w.s.m.m.a.RequestMappingHandlerMapping.register(543) - Mapped "{[/error],produces=[text/html]}" onto public org.springframework.web.servlet.ModelAndView org.springframework.boot.autoconfigure.web.BasicErrorController.errorHtml(javax.servlet.http.HttpServletRequest,javax.servlet.http.HttpServletResponse)
2017-04-08 18:36:59 [Test worker] INFO  o.s.w.s.m.m.a.RequestMappingHandlerMapping.register(543) - Mapped "{[/error]}" onto public org.springframework.http.ResponseEntity<java.util.Map<java.lang.String, java.lang.Object>> org.springframework.boot.autoconfigure.web.BasicErrorController.error(javax.servlet.http.HttpServletRequest)
2017-04-08 18:36:59 [Test worker] INFO  o.s.w.s.h.SimpleUrlHandlerMapping.registerHandler(354) - Mapped URL path [/webjars/**] onto handler of type [class org.springframework.web.servlet.resource.ResourceHttpRequestHandler]
2017-04-08 18:36:59 [Test worker] INFO  o.s.w.s.h.SimpleUrlHandlerMapping.registerHandler(354) - Mapped URL path [/**] onto handler of type [class org.springframework.web.servlet.resource.ResourceHttpRequestHandler]
2017-04-08 18:36:59 [Test worker] INFO  o.s.w.s.h.SimpleUrlHandlerMapping.registerHandler(354) - Mapped URL path [/**/favicon.ico] onto handler of type [class org.springframework.web.servlet.resource.ResourceHttpRequestHandler]
2017-04-08 18:37:00 [Test worker] INFO  e.s.d.m.m.s.ModelRepositoryControllerTest.logStarted(57) - Started ModelRepositoryControllerTest in 5.101 seconds (JVM running for 6.003)
2017-04-08 18:37:00 [Thread-4] INFO  o.s.w.c.s.GenericWebApplicationContext.doClose(987) - Closing org.springframework.web.context.support.GenericWebApplicationContext@4fc17a6d: startup date [Sat Apr 08 18:36:55 CEST 2017]; root of context hierarchy
2017-04-08 18:48:54 [Test worker] INFO  e.s.d.m.m.s.ModelRepositoryControllerTest.logStarting(48) - Starting ModelRepositoryControllerTest on jmotger with PID 16686 (started by jmotger in /home/jmotger/Escritorio/SUPERSEDE/dyn_adapt/Enactment/components/adapter/model/eu.supersede.dynadapt.modelrepository.manager.service)
2017-04-08 18:48:54 [Test worker] DEBUG e.s.d.m.m.s.ModelRepositoryControllerTest.logStarting(51) - Running with Spring Boot v1.4.2.RELEASE, Spring v4.3.4.RELEASE
2017-04-08 18:48:54 [Test worker] INFO  e.s.d.m.m.s.ModelRepositoryControllerTest.logStartupProfileInfo(661) - No active profile set, falling back to default profiles: default
2017-04-08 18:48:54 [Test worker] INFO  o.s.w.c.s.GenericWebApplicationContext.prepareRefresh(582) - Refreshing org.springframework.web.context.support.GenericWebApplicationContext@7c1141d7: startup date [Sat Apr 08 18:48:54 CEST 2017]; root of context hierarchy
2017-04-08 18:48:56 [Test worker] INFO  o.s.w.s.m.m.a.RequestMappingHandlerAdapter.initControllerAdviceCache(534) - Looking for @ControllerAdvice: org.springframework.web.context.support.GenericWebApplicationContext@7c1141d7: startup date [Sat Apr 08 18:48:54 CEST 2017]; root of context hierarchy
2017-04-08 18:48:56 [Test worker] INFO  o.s.w.s.m.m.a.RequestMappingHandlerMapping.register(543) - Mapped "{[/models/{modelType}],methods=[GET]}" onto public java.lang.String eu.supersede.dynadapt.modelrepository.manager.service.ModelManagerController.listModels(java.lang.String,java.lang.String,java.lang.String,java.lang.String,java.lang.String,java.lang.String,java.lang.String,java.lang.String,java.lang.String,java.lang.String)
2017-04-08 18:48:56 [Test worker] INFO  o.s.w.s.m.m.a.RequestMappingHandlerMapping.register(543) - Mapped "{[/models/{modelType}/{modelId}],methods=[GET]}" onto public java.lang.String eu.supersede.dynadapt.modelrepository.manager.service.ModelManagerController.getModel(java.lang.String,java.lang.String)
2017-04-08 18:48:56 [Test worker] INFO  o.s.w.s.m.m.a.RequestMappingHandlerMapping.register(543) - Mapped "{[/models/{modelType}],methods=[POST]}" onto public java.lang.String eu.supersede.dynadapt.modelrepository.manager.service.ModelManagerController.createModel(java.lang.String,java.lang.String)
2017-04-08 18:48:56 [Test worker] INFO  o.s.w.s.m.m.a.RequestMappingHandlerMapping.register(543) - Mapped "{[/models/{modelType}/{modelId}],methods=[PUT]}" onto public java.lang.String eu.supersede.dynadapt.modelrepository.manager.service.ModelManagerController.updateModel(java.lang.String,java.lang.String,java.lang.String)
2017-04-08 18:48:56 [Test worker] INFO  o.s.w.s.m.m.a.RequestMappingHandlerMapping.register(543) - Mapped "{[/models/{modelType}/{modelId}],methods=[DELETE]}" onto public void eu.supersede.dynadapt.modelrepository.manager.service.ModelManagerController.deleteModel(java.lang.String,java.lang.String)
2017-04-08 18:48:56 [Test worker] INFO  o.s.w.s.m.m.a.RequestMappingHandlerMapping.register(543) - Mapped "{[/error],produces=[text/html]}" onto public org.springframework.web.servlet.ModelAndView org.springframework.boot.autoconfigure.web.BasicErrorController.errorHtml(javax.servlet.http.HttpServletRequest,javax.servlet.http.HttpServletResponse)
2017-04-08 18:48:56 [Test worker] INFO  o.s.w.s.m.m.a.RequestMappingHandlerMapping.register(543) - Mapped "{[/error]}" onto public org.springframework.http.ResponseEntity<java.util.Map<java.lang.String, java.lang.Object>> org.springframework.boot.autoconfigure.web.BasicErrorController.error(javax.servlet.http.HttpServletRequest)
2017-04-08 18:48:56 [Test worker] INFO  o.s.w.s.h.SimpleUrlHandlerMapping.registerHandler(354) - Mapped URL path [/webjars/**] onto handler of type [class org.springframework.web.servlet.resource.ResourceHttpRequestHandler]
2017-04-08 18:48:56 [Test worker] INFO  o.s.w.s.h.SimpleUrlHandlerMapping.registerHandler(354) - Mapped URL path [/**] onto handler of type [class org.springframework.web.servlet.resource.ResourceHttpRequestHandler]
2017-04-08 18:48:56 [Test worker] INFO  o.s.w.s.h.SimpleUrlHandlerMapping.registerHandler(354) - Mapped URL path [/**/favicon.ico] onto handler of type [class org.springframework.web.servlet.resource.ResourceHttpRequestHandler]
2017-04-08 18:48:56 [Test worker] INFO  e.s.d.m.m.s.ModelRepositoryControllerTest.logStarted(57) - Started ModelRepositoryControllerTest in 2.772 seconds (JVM running for 3.585)
2017-04-08 18:48:56 [Thread-4] INFO  o.s.w.c.s.GenericWebApplicationContext.doClose(987) - Closing org.springframework.web.context.support.GenericWebApplicationContext@7c1141d7: startup date [Sat Apr 08 18:48:54 CEST 2017]; root of context hierarchy
2017-04-08 18:55:20 [main] INFO  e.s.d.m.m.s.ModelRepositoryControllerTest.logStarting(48) - Starting ModelRepositoryControllerTest on jmotger with PID 16905 (started by jmotger in /home/jmotger/Escritorio/SUPERSEDE/dyn_adapt/Enactment/components/adapter/model/eu.supersede.dynadapt.modelrepository.manager.service)
2017-04-08 18:55:20 [main] DEBUG e.s.d.m.m.s.ModelRepositoryControllerTest.logStarting(51) - Running with Spring Boot v1.4.2.RELEASE, Spring v4.3.4.RELEASE
2017-04-08 18:55:20 [main] INFO  e.s.d.m.m.s.ModelRepositoryControllerTest.logStartupProfileInfo(661) - No active profile set, falling back to default profiles: default
2017-04-08 18:55:20 [main] INFO  o.s.w.c.s.GenericWebApplicationContext.prepareRefresh(582) - Refreshing org.springframework.web.context.support.GenericWebApplicationContext@28dcca0c: startup date [Sat Apr 08 18:55:20 CEST 2017]; root of context hierarchy
2017-04-08 18:55:22 [main] INFO  o.s.w.s.m.m.a.RequestMappingHandlerAdapter.initControllerAdviceCache(534) - Looking for @ControllerAdvice: org.springframework.web.context.support.GenericWebApplicationContext@28dcca0c: startup date [Sat Apr 08 18:55:20 CEST 2017]; root of context hierarchy
2017-04-08 18:55:22 [main] INFO  o.s.w.s.m.m.a.RequestMappingHandlerMapping.register(543) - Mapped "{[/models/{modelType}],methods=[GET]}" onto public java.lang.String eu.supersede.dynadapt.modelrepository.manager.service.ModelManagerController.listModels(java.lang.String,java.lang.String,java.lang.String,java.lang.String,java.lang.String,java.lang.String,java.lang.String,java.lang.String,java.lang.String,java.lang.String)
2017-04-08 18:55:22 [main] INFO  o.s.w.s.m.m.a.RequestMappingHandlerMapping.register(543) - Mapped "{[/models/{modelType}/{modelId}],methods=[GET]}" onto public java.lang.String eu.supersede.dynadapt.modelrepository.manager.service.ModelManagerController.getModel(java.lang.String,java.lang.String)
2017-04-08 18:55:22 [main] INFO  o.s.w.s.m.m.a.RequestMappingHandlerMapping.register(543) - Mapped "{[/models/{modelType}],methods=[POST]}" onto public java.lang.String eu.supersede.dynadapt.modelrepository.manager.service.ModelManagerController.createModel(java.lang.String,java.lang.String)
2017-04-08 18:55:22 [main] INFO  o.s.w.s.m.m.a.RequestMappingHandlerMapping.register(543) - Mapped "{[/models/{modelType}/{modelId}],methods=[PUT]}" onto public java.lang.String eu.supersede.dynadapt.modelrepository.manager.service.ModelManagerController.updateModel(java.lang.String,java.lang.String,java.lang.String)
2017-04-08 18:55:22 [main] INFO  o.s.w.s.m.m.a.RequestMappingHandlerMapping.register(543) - Mapped "{[/models/{modelType}/{modelId}],methods=[DELETE]}" onto public void eu.supersede.dynadapt.modelrepository.manager.service.ModelManagerController.deleteModel(java.lang.String,java.lang.String)
2017-04-08 18:55:22 [main] INFO  o.s.w.s.m.m.a.RequestMappingHandlerMapping.register(543) - Mapped "{[/error],produces=[text/html]}" onto public org.springframework.web.servlet.ModelAndView org.springframework.boot.autoconfigure.web.BasicErrorController.errorHtml(javax.servlet.http.HttpServletRequest,javax.servlet.http.HttpServletResponse)
2017-04-08 18:55:22 [main] INFO  o.s.w.s.m.m.a.RequestMappingHandlerMapping.register(543) - Mapped "{[/error]}" onto public org.springframework.http.ResponseEntity<java.util.Map<java.lang.String, java.lang.Object>> org.springframework.boot.autoconfigure.web.BasicErrorController.error(javax.servlet.http.HttpServletRequest)
2017-04-08 18:55:22 [main] INFO  o.s.w.s.h.SimpleUrlHandlerMapping.registerHandler(354) - Mapped URL path [/webjars/**] onto handler of type [class org.springframework.web.servlet.resource.ResourceHttpRequestHandler]
2017-04-08 18:55:22 [main] INFO  o.s.w.s.h.SimpleUrlHandlerMapping.registerHandler(354) - Mapped URL path [/**] onto handler of type [class org.springframework.web.servlet.resource.ResourceHttpRequestHandler]
2017-04-08 18:55:22 [main] INFO  o.s.w.s.h.SimpleUrlHandlerMapping.registerHandler(354) - Mapped URL path [/**/favicon.ico] onto handler of type [class org.springframework.web.servlet.resource.ResourceHttpRequestHandler]
2017-04-08 18:55:22 [main] INFO  e.s.d.m.m.s.ModelRepositoryControllerTest.logStarted(57) - Started ModelRepositoryControllerTest in 2.694 seconds (JVM running for 3.319)
2017-04-08 18:55:22 [Thread-1] INFO  o.s.w.c.s.GenericWebApplicationContext.doClose(987) - Closing org.springframework.web.context.support.GenericWebApplicationContext@28dcca0c: startup date [Sat Apr 08 18:55:20 CEST 2017]; root of context hierarchy
2017-04-08 18:56:27 [main] INFO  e.s.d.m.m.s.ModelRepositoryControllerTest.logStarting(48) - Starting ModelRepositoryControllerTest on jmotger with PID 16956 (started by jmotger in /home/jmotger/Escritorio/SUPERSEDE/dyn_adapt/Enactment/components/adapter/model/eu.supersede.dynadapt.modelrepository.manager.service)
2017-04-08 18:56:27 [main] DEBUG e.s.d.m.m.s.ModelRepositoryControllerTest.logStarting(51) - Running with Spring Boot v1.4.2.RELEASE, Spring v4.3.4.RELEASE
2017-04-08 18:56:27 [main] INFO  e.s.d.m.m.s.ModelRepositoryControllerTest.logStartupProfileInfo(661) - No active profile set, falling back to default profiles: default
2017-04-08 18:56:27 [main] INFO  o.s.w.c.s.GenericWebApplicationContext.prepareRefresh(582) - Refreshing org.springframework.web.context.support.GenericWebApplicationContext@28dcca0c: startup date [Sat Apr 08 18:56:27 CEST 2017]; root of context hierarchy
2017-04-08 18:56:29 [main] INFO  o.s.w.s.m.m.a.RequestMappingHandlerAdapter.initControllerAdviceCache(534) - Looking for @ControllerAdvice: org.springframework.web.context.support.GenericWebApplicationContext@28dcca0c: startup date [Sat Apr 08 18:56:27 CEST 2017]; root of context hierarchy
2017-04-08 18:56:29 [main] INFO  o.s.w.s.m.m.a.RequestMappingHandlerMapping.register(543) - Mapped "{[/models/{modelType}],methods=[GET]}" onto public java.lang.String eu.supersede.dynadapt.modelrepository.manager.service.ModelManagerController.listModels(java.lang.String,java.lang.String,java.lang.String,java.lang.String,java.lang.String,java.lang.String,java.lang.String,java.lang.String,java.lang.String,java.lang.String)
2017-04-08 18:56:29 [main] INFO  o.s.w.s.m.m.a.RequestMappingHandlerMapping.register(543) - Mapped "{[/models/{modelType}/{modelId}],methods=[GET]}" onto public java.lang.String eu.supersede.dynadapt.modelrepository.manager.service.ModelManagerController.getModel(java.lang.String,java.lang.String)
2017-04-08 18:56:29 [main] INFO  o.s.w.s.m.m.a.RequestMappingHandlerMapping.register(543) - Mapped "{[/models/{modelType}],methods=[POST]}" onto public java.lang.String eu.supersede.dynadapt.modelrepository.manager.service.ModelManagerController.createModel(java.lang.String,java.lang.String)
2017-04-08 18:56:29 [main] INFO  o.s.w.s.m.m.a.RequestMappingHandlerMapping.register(543) - Mapped "{[/models/{modelType}/{modelId}],methods=[PUT]}" onto public java.lang.String eu.supersede.dynadapt.modelrepository.manager.service.ModelManagerController.updateModel(java.lang.String,java.lang.String,java.lang.String)
2017-04-08 18:56:29 [main] INFO  o.s.w.s.m.m.a.RequestMappingHandlerMapping.register(543) - Mapped "{[/models/{modelType}/{modelId}],methods=[DELETE]}" onto public void eu.supersede.dynadapt.modelrepository.manager.service.ModelManagerController.deleteModel(java.lang.String,java.lang.String)
2017-04-08 18:56:29 [main] INFO  o.s.w.s.m.m.a.RequestMappingHandlerMapping.register(543) - Mapped "{[/error],produces=[text/html]}" onto public org.springframework.web.servlet.ModelAndView org.springframework.boot.autoconfigure.web.BasicErrorController.errorHtml(javax.servlet.http.HttpServletRequest,javax.servlet.http.HttpServletResponse)
2017-04-08 18:56:29 [main] INFO  o.s.w.s.m.m.a.RequestMappingHandlerMapping.register(543) - Mapped "{[/error]}" onto public org.springframework.http.ResponseEntity<java.util.Map<java.lang.String, java.lang.Object>> org.springframework.boot.autoconfigure.web.BasicErrorController.error(javax.servlet.http.HttpServletRequest)
2017-04-08 18:56:29 [main] INFO  o.s.w.s.h.SimpleUrlHandlerMapping.registerHandler(354) - Mapped URL path [/webjars/**] onto handler of type [class org.springframework.web.servlet.resource.ResourceHttpRequestHandler]
2017-04-08 18:56:29 [main] INFO  o.s.w.s.h.SimpleUrlHandlerMapping.registerHandler(354) - Mapped URL path [/**] onto handler of type [class org.springframework.web.servlet.resource.ResourceHttpRequestHandler]
2017-04-08 18:56:29 [main] INFO  o.s.w.s.h.SimpleUrlHandlerMapping.registerHandler(354) - Mapped URL path [/**/favicon.ico] onto handler of type [class org.springframework.web.servlet.resource.ResourceHttpRequestHandler]
2017-04-08 18:56:29 [main] INFO  e.s.d.m.m.s.ModelRepositoryControllerTest.logStarted(57) - Started ModelRepositoryControllerTest in 2.744 seconds (JVM running for 3.379)
2017-04-08 18:56:29 [Thread-1] INFO  o.s.w.c.s.GenericWebApplicationContext.doClose(987) - Closing org.springframework.web.context.support.GenericWebApplicationContext@28dcca0c: startup date [Sat Apr 08 18:56:27 CEST 2017]; root of context hierarchy
2017-04-08 19:00:44 [Test worker] INFO  e.s.d.m.m.s.ModelRepositoryControllerTest.logStarting(48) - Starting ModelRepositoryControllerTest on jmotger with PID 17154 (started by jmotger in /home/jmotger/Escritorio/SUPERSEDE/dyn_adapt/Enactment/components/adapter/model/eu.supersede.dynadapt.modelrepository.manager.service)
2017-04-08 19:00:44 [Test worker] DEBUG e.s.d.m.m.s.ModelRepositoryControllerTest.logStarting(51) - Running with Spring Boot v1.4.2.RELEASE, Spring v4.3.4.RELEASE
2017-04-08 19:00:44 [Test worker] INFO  e.s.d.m.m.s.ModelRepositoryControllerTest.logStartupProfileInfo(661) - No active profile set, falling back to default profiles: default
2017-04-08 19:00:44 [Test worker] INFO  o.s.w.c.s.GenericWebApplicationContext.prepareRefresh(582) - Refreshing org.springframework.web.context.support.GenericWebApplicationContext@4fc17a6d: startup date [Sat Apr 08 19:00:44 CEST 2017]; root of context hierarchy
2017-04-08 19:00:46 [Test worker] INFO  o.s.w.s.m.m.a.RequestMappingHandlerAdapter.initControllerAdviceCache(534) - Looking for @ControllerAdvice: org.springframework.web.context.support.GenericWebApplicationContext@4fc17a6d: startup date [Sat Apr 08 19:00:44 CEST 2017]; root of context hierarchy
2017-04-08 19:00:46 [Test worker] INFO  o.s.w.s.m.m.a.RequestMappingHandlerMapping.register(543) - Mapped "{[/models/{modelType}],methods=[GET]}" onto public java.lang.String eu.supersede.dynadapt.modelrepository.manager.service.ModelManagerController.listModels(java.lang.String,java.lang.String,java.lang.String,java.lang.String,java.lang.String,java.lang.String,java.lang.String,java.lang.String,java.lang.String,java.lang.String)
2017-04-08 19:00:46 [Test worker] INFO  o.s.w.s.m.m.a.RequestMappingHandlerMapping.register(543) - Mapped "{[/models/{modelType}/{modelId}],methods=[GET]}" onto public java.lang.String eu.supersede.dynadapt.modelrepository.manager.service.ModelManagerController.getModel(java.lang.String,java.lang.String)
2017-04-08 19:00:46 [Test worker] INFO  o.s.w.s.m.m.a.RequestMappingHandlerMapping.register(543) - Mapped "{[/models/{modelType}],methods=[POST]}" onto public java.lang.String eu.supersede.dynadapt.modelrepository.manager.service.ModelManagerController.createModel(java.lang.String,java.lang.String) throws java.lang.Exception
2017-04-08 19:00:46 [Test worker] INFO  o.s.w.s.m.m.a.RequestMappingHandlerMapping.register(543) - Mapped "{[/models/{modelType}/{modelId}],methods=[PUT]}" onto public java.lang.String eu.supersede.dynadapt.modelrepository.manager.service.ModelManagerController.updateModel(java.lang.String,java.lang.String,java.lang.String)
2017-04-08 19:00:46 [Test worker] INFO  o.s.w.s.m.m.a.RequestMappingHandlerMapping.register(543) - Mapped "{[/models/{modelType}/{modelId}],methods=[DELETE]}" onto public void eu.supersede.dynadapt.modelrepository.manager.service.ModelManagerController.deleteModel(java.lang.String,java.lang.String)
2017-04-08 19:00:46 [Test worker] INFO  o.s.w.s.m.m.a.RequestMappingHandlerMapping.register(543) - Mapped "{[/error],produces=[text/html]}" onto public org.springframework.web.servlet.ModelAndView org.springframework.boot.autoconfigure.web.BasicErrorController.errorHtml(javax.servlet.http.HttpServletRequest,javax.servlet.http.HttpServletResponse)
2017-04-08 19:00:46 [Test worker] INFO  o.s.w.s.m.m.a.RequestMappingHandlerMapping.register(543) - Mapped "{[/error]}" onto public org.springframework.http.ResponseEntity<java.util.Map<java.lang.String, java.lang.Object>> org.springframework.boot.autoconfigure.web.BasicErrorController.error(javax.servlet.http.HttpServletRequest)
2017-04-08 19:00:46 [Test worker] INFO  o.s.w.s.h.SimpleUrlHandlerMapping.registerHandler(354) - Mapped URL path [/webjars/**] onto handler of type [class org.springframework.web.servlet.resource.ResourceHttpRequestHandler]
2017-04-08 19:00:46 [Test worker] INFO  o.s.w.s.h.SimpleUrlHandlerMapping.registerHandler(354) - Mapped URL path [/**] onto handler of type [class org.springframework.web.servlet.resource.ResourceHttpRequestHandler]
2017-04-08 19:00:46 [Test worker] INFO  o.s.w.s.h.SimpleUrlHandlerMapping.registerHandler(354) - Mapped URL path [/**/favicon.ico] onto handler of type [class org.springframework.web.servlet.resource.ResourceHttpRequestHandler]
2017-04-08 19:00:46 [Test worker] INFO  e.s.d.m.m.s.ModelRepositoryControllerTest.logStarted(57) - Started ModelRepositoryControllerTest in 3.0 seconds (JVM running for 3.919)
2017-04-08 19:00:46 [Thread-4] INFO  o.s.w.c.s.GenericWebApplicationContext.doClose(987) - Closing org.springframework.web.context.support.GenericWebApplicationContext@4fc17a6d: startup date [Sat Apr 08 19:00:44 CEST 2017]; root of context hierarchy
2017-04-08 19:06:48 [Test worker] INFO  e.s.d.m.m.s.ModelRepositoryControllerTest.logStarting(48) - Starting ModelRepositoryControllerTest on jmotger with PID 17566 (started by jmotger in /home/jmotger/Escritorio/SUPERSEDE/dyn_adapt/Enactment/components/adapter/model/eu.supersede.dynadapt.modelrepository.manager.service)
2017-04-08 19:06:48 [Test worker] DEBUG e.s.d.m.m.s.ModelRepositoryControllerTest.logStarting(51) - Running with Spring Boot v1.4.2.RELEASE, Spring v4.3.4.RELEASE
2017-04-08 19:06:48 [Test worker] INFO  e.s.d.m.m.s.ModelRepositoryControllerTest.logStartupProfileInfo(661) - No active profile set, falling back to default profiles: default
2017-04-08 19:06:49 [Test worker] INFO  o.s.w.c.s.GenericWebApplicationContext.prepareRefresh(582) - Refreshing org.springframework.web.context.support.GenericWebApplicationContext@7c1141d7: startup date [Sat Apr 08 19:06:49 CEST 2017]; root of context hierarchy
2017-04-08 19:06:50 [Test worker] INFO  o.s.w.s.m.m.a.RequestMappingHandlerAdapter.initControllerAdviceCache(534) - Looking for @ControllerAdvice: org.springframework.web.context.support.GenericWebApplicationContext@7c1141d7: startup date [Sat Apr 08 19:06:49 CEST 2017]; root of context hierarchy
2017-04-08 19:06:50 [Test worker] INFO  o.s.w.s.m.m.a.RequestMappingHandlerMapping.register(543) - Mapped "{[/models/{modelType}],methods=[GET]}" onto public java.lang.String eu.supersede.dynadapt.modelrepository.manager.service.ModelManagerController.listModels(java.lang.String,java.lang.String,java.lang.String,java.lang.String,java.lang.String,java.lang.String,java.lang.String,java.lang.String,java.lang.String,java.lang.String)
2017-04-08 19:06:50 [Test worker] INFO  o.s.w.s.m.m.a.RequestMappingHandlerMapping.register(543) - Mapped "{[/models/{modelType}/{modelId}],methods=[GET]}" onto public java.lang.String eu.supersede.dynadapt.modelrepository.manager.service.ModelManagerController.getModel(java.lang.String,java.lang.String)
2017-04-08 19:06:50 [Test worker] INFO  o.s.w.s.m.m.a.RequestMappingHandlerMapping.register(543) - Mapped "{[/models/{modelType}],methods=[POST]}" onto public java.lang.String eu.supersede.dynadapt.modelrepository.manager.service.ModelManagerController.createModel(java.lang.String,java.lang.String) throws java.lang.Exception
2017-04-08 19:06:50 [Test worker] INFO  o.s.w.s.m.m.a.RequestMappingHandlerMapping.register(543) - Mapped "{[/models/{modelType}/{modelId}],methods=[PUT]}" onto public java.lang.String eu.supersede.dynadapt.modelrepository.manager.service.ModelManagerController.updateModel(java.lang.String,java.lang.String,java.lang.String)
2017-04-08 19:06:50 [Test worker] INFO  o.s.w.s.m.m.a.RequestMappingHandlerMapping.register(543) - Mapped "{[/models/{modelType}/{modelId}],methods=[DELETE]}" onto public void eu.supersede.dynadapt.modelrepository.manager.service.ModelManagerController.deleteModel(java.lang.String,java.lang.String)
2017-04-08 19:06:50 [Test worker] INFO  o.s.w.s.m.m.a.RequestMappingHandlerMapping.register(543) - Mapped "{[/error],produces=[text/html]}" onto public org.springframework.web.servlet.ModelAndView org.springframework.boot.autoconfigure.web.BasicErrorController.errorHtml(javax.servlet.http.HttpServletRequest,javax.servlet.http.HttpServletResponse)
2017-04-08 19:06:50 [Test worker] INFO  o.s.w.s.m.m.a.RequestMappingHandlerMapping.register(543) - Mapped "{[/error]}" onto public org.springframework.http.ResponseEntity<java.util.Map<java.lang.String, java.lang.Object>> org.springframework.boot.autoconfigure.web.BasicErrorController.error(javax.servlet.http.HttpServletRequest)
2017-04-08 19:06:51 [Test worker] INFO  o.s.w.s.h.SimpleUrlHandlerMapping.registerHandler(354) - Mapped URL path [/webjars/**] onto handler of type [class org.springframework.web.servlet.resource.ResourceHttpRequestHandler]
2017-04-08 19:06:51 [Test worker] INFO  o.s.w.s.h.SimpleUrlHandlerMapping.registerHandler(354) - Mapped URL path [/**] onto handler of type [class org.springframework.web.servlet.resource.ResourceHttpRequestHandler]
2017-04-08 19:06:51 [Test worker] INFO  o.s.w.s.h.SimpleUrlHandlerMapping.registerHandler(354) - Mapped URL path [/**/favicon.ico] onto handler of type [class org.springframework.web.servlet.resource.ResourceHttpRequestHandler]
2017-04-08 19:06:51 [Test worker] INFO  e.s.d.m.m.s.ModelRepositoryControllerTest.logStarted(57) - Started ModelRepositoryControllerTest in 2.773 seconds (JVM running for 3.552)
2017-04-08 19:06:51 [Thread-4] INFO  o.s.w.c.s.GenericWebApplicationContext.doClose(987) - Closing org.springframework.web.context.support.GenericWebApplicationContext@7c1141d7: startup date [Sat Apr 08 19:06:49 CEST 2017]; root of context hierarchy
