2017-03-01 16:31:51 [Test worker] INFO  e.s.d.m.m.s.ModelRepositoryControllerTest.logStarting(48) - Starting ModelRepositoryControllerTest on jmotger with PID 13646 (started by jmotger in /home/jmotger/Escritorio/SUPERSEDE/dyn_adapt/Enactment/components/adapter/model/eu.supersede.dynadapt.modelrepository.manager.service)
2017-03-01 16:31:51 [Test worker] DEBUG e.s.d.m.m.s.ModelRepositoryControllerTest.logStarting(51) - Running with Spring Boot v1.4.2.RELEASE, Spring v4.3.4.RELEASE
2017-03-01 16:31:51 [Test worker] INFO  e.s.d.m.m.s.ModelRepositoryControllerTest.logStartupProfileInfo(661) - No active profile set, falling back to default profiles: default
2017-03-01 16:31:51 [Test worker] INFO  o.s.w.c.s.GenericWebApplicationContext.prepareRefresh(582) - Refreshing org.springframework.web.context.support.GenericWebApplicationContext@56c6826b: startup date [Wed Mar 01 16:31:51 CET 2017]; root of context hierarchy
2017-03-01 16:31:53 [Test worker] INFO  o.s.w.s.m.m.a.RequestMappingHandlerAdapter.initControllerAdviceCache(534) - Looking for @ControllerAdvice: org.springframework.web.context.support.GenericWebApplicationContext@56c6826b: startup date [Wed Mar 01 16:31:51 CET 2017]; root of context hierarchy
2017-03-01 16:31:53 [Test worker] INFO  o.s.w.s.m.m.a.RequestMappingHandlerMapping.register(543) - Mapped "{[/models/{modelType}/{modelId}],methods=[GET]}" onto public java.lang.String eu.supersede.dynadapt.modelrepository.manager.service.ModelManagerController.getModel(java.lang.String,java.lang.String)
2017-03-01 16:31:53 [Test worker] INFO  o.s.w.s.m.m.a.RequestMappingHandlerMapping.register(543) - Mapped "{[/models/{modelType}/{modelId}],methods=[PUT]}" onto public java.lang.String eu.supersede.dynadapt.modelrepository.manager.service.ModelManagerController.updateModel(java.lang.String,java.lang.String,java.lang.String)
2017-03-01 16:31:53 [Test worker] INFO  o.s.w.s.m.m.a.RequestMappingHandlerMapping.register(543) - Mapped "{[/models/{modelType}/{modelId}],methods=[DELETE]}" onto public void eu.supersede.dynadapt.modelrepository.manager.service.ModelManagerController.deleteModel(java.lang.String,java.lang.String)
2017-03-01 16:31:53 [Test worker] INFO  o.s.w.s.m.m.a.RequestMappingHandlerMapping.register(543) - Mapped "{[/models/{modelType}],methods=[POST]}" onto public java.lang.String eu.supersede.dynadapt.modelrepository.manager.service.ModelManagerController.createModel(java.lang.String,java.lang.String)
2017-03-01 16:31:53 [Test worker] INFO  o.s.w.s.m.m.a.RequestMappingHandlerMapping.register(543) - Mapped "{[/models/{modelType}],methods=[GET]}" onto public java.lang.String eu.supersede.dynadapt.modelrepository.manager.service.ModelManagerController.listModels(java.lang.String,java.lang.String,java.lang.String)
2017-03-01 16:31:53 [Test worker] INFO  o.s.w.s.m.m.a.RequestMappingHandlerMapping.register(543) - Mapped "{[/error],produces=[text/html]}" onto public org.springframework.web.servlet.ModelAndView org.springframework.boot.autoconfigure.web.BasicErrorController.errorHtml(javax.servlet.http.HttpServletRequest,javax.servlet.http.HttpServletResponse)
2017-03-01 16:31:53 [Test worker] INFO  o.s.w.s.m.m.a.RequestMappingHandlerMapping.register(543) - Mapped "{[/error]}" onto public org.springframework.http.ResponseEntity<java.util.Map<java.lang.String, java.lang.Object>> org.springframework.boot.autoconfigure.web.BasicErrorController.error(javax.servlet.http.HttpServletRequest)
2017-03-01 16:31:53 [Test worker] INFO  o.s.w.s.h.SimpleUrlHandlerMapping.registerHandler(354) - Mapped URL path [/webjars/**] onto handler of type [class org.springframework.web.servlet.resource.ResourceHttpRequestHandler]
2017-03-01 16:31:53 [Test worker] INFO  o.s.w.s.h.SimpleUrlHandlerMapping.registerHandler(354) - Mapped URL path [/**] onto handler of type [class org.springframework.web.servlet.resource.ResourceHttpRequestHandler]
2017-03-01 16:31:53 [Test worker] INFO  o.s.w.s.h.SimpleUrlHandlerMapping.registerHandler(354) - Mapped URL path [/**/favicon.ico] onto handler of type [class org.springframework.web.servlet.resource.ResourceHttpRequestHandler]
2017-03-01 16:31:54 [Test worker] INFO  e.s.d.m.m.s.ModelRepositoryControllerTest.logStarted(57) - Started ModelRepositoryControllerTest in 3.352 seconds (JVM running for 4.36)
2017-03-01 16:31:54 [Thread-4] INFO  o.s.w.c.s.GenericWebApplicationContext.doClose(987) - Closing org.springframework.web.context.support.GenericWebApplicationContext@56c6826b: startup date [Wed Mar 01 16:31:51 CET 2017]; root of context hierarchy
2017-03-01 16:41:10 [Test worker] INFO  e.s.d.m.m.s.ModelRepositoryControllerTest.logStarting(48) - Starting ModelRepositoryControllerTest on jmotger with PID 14340 (started by jmotger in /home/jmotger/Escritorio/SUPERSEDE/dyn_adapt/Enactment/components/adapter/model/eu.supersede.dynadapt.modelrepository.manager.service)
2017-03-01 16:41:10 [Test worker] DEBUG e.s.d.m.m.s.ModelRepositoryControllerTest.logStarting(51) - Running with Spring Boot v1.4.2.RELEASE, Spring v4.3.4.RELEASE
2017-03-01 16:41:10 [Test worker] INFO  e.s.d.m.m.s.ModelRepositoryControllerTest.logStartupProfileInfo(661) - No active profile set, falling back to default profiles: default
2017-03-01 16:41:10 [Test worker] INFO  o.s.w.c.s.GenericWebApplicationContext.prepareRefresh(582) - Refreshing org.springframework.web.context.support.GenericWebApplicationContext@56966627: startup date [Wed Mar 01 16:41:10 CET 2017]; root of context hierarchy
2017-03-01 16:41:12 [Test worker] INFO  o.s.w.s.m.m.a.RequestMappingHandlerAdapter.initControllerAdviceCache(534) - Looking for @ControllerAdvice: org.springframework.web.context.support.GenericWebApplicationContext@56966627: startup date [Wed Mar 01 16:41:10 CET 2017]; root of context hierarchy
2017-03-01 16:41:12 [Test worker] INFO  o.s.w.s.m.m.a.RequestMappingHandlerMapping.register(543) - Mapped "{[/models/{modelType}/{modelId}],methods=[GET]}" onto public java.lang.String eu.supersede.dynadapt.modelrepository.manager.service.ModelManagerController.getModel(java.lang.String,java.lang.String)
2017-03-01 16:41:12 [Test worker] INFO  o.s.w.s.m.m.a.RequestMappingHandlerMapping.register(543) - Mapped "{[/models/{modelType}/{modelId}],methods=[PUT]}" onto public java.lang.String eu.supersede.dynadapt.modelrepository.manager.service.ModelManagerController.updateModel(java.lang.String,java.lang.String,java.lang.String)
2017-03-01 16:41:12 [Test worker] INFO  o.s.w.s.m.m.a.RequestMappingHandlerMapping.register(543) - Mapped "{[/models/{modelType}/{modelId}],methods=[DELETE]}" onto public void eu.supersede.dynadapt.modelrepository.manager.service.ModelManagerController.deleteModel(java.lang.String,java.lang.String)
2017-03-01 16:41:12 [Test worker] INFO  o.s.w.s.m.m.a.RequestMappingHandlerMapping.register(543) - Mapped "{[/models/{modelType}],methods=[GET]}" onto public java.lang.String eu.supersede.dynadapt.modelrepository.manager.service.ModelManagerController.listModels(java.lang.String,java.lang.String,java.lang.String)
2017-03-01 16:41:12 [Test worker] INFO  o.s.w.s.m.m.a.RequestMappingHandlerMapping.register(543) - Mapped "{[/models/{modelType}],methods=[POST]}" onto public java.lang.String eu.supersede.dynadapt.modelrepository.manager.service.ModelManagerController.createModel(java.lang.String,java.lang.String)
2017-03-01 16:41:12 [Test worker] INFO  o.s.w.s.m.m.a.RequestMappingHandlerMapping.register(543) - Mapped "{[/error],produces=[text/html]}" onto public org.springframework.web.servlet.ModelAndView org.springframework.boot.autoconfigure.web.BasicErrorController.errorHtml(javax.servlet.http.HttpServletRequest,javax.servlet.http.HttpServletResponse)
2017-03-01 16:41:12 [Test worker] INFO  o.s.w.s.m.m.a.RequestMappingHandlerMapping.register(543) - Mapped "{[/error]}" onto public org.springframework.http.ResponseEntity<java.util.Map<java.lang.String, java.lang.Object>> org.springframework.boot.autoconfigure.web.BasicErrorController.error(javax.servlet.http.HttpServletRequest)
2017-03-01 16:41:12 [Test worker] INFO  o.s.w.s.h.SimpleUrlHandlerMapping.registerHandler(354) - Mapped URL path [/webjars/**] onto handler of type [class org.springframework.web.servlet.resource.ResourceHttpRequestHandler]
2017-03-01 16:41:12 [Test worker] INFO  o.s.w.s.h.SimpleUrlHandlerMapping.registerHandler(354) - Mapped URL path [/**] onto handler of type [class org.springframework.web.servlet.resource.ResourceHttpRequestHandler]
2017-03-01 16:41:12 [Test worker] INFO  o.s.w.s.h.SimpleUrlHandlerMapping.registerHandler(354) - Mapped URL path [/**/favicon.ico] onto handler of type [class org.springframework.web.servlet.resource.ResourceHttpRequestHandler]
2017-03-01 16:41:12 [Test worker] INFO  e.s.d.m.m.s.ModelRepositoryControllerTest.logStarted(57) - Started ModelRepositoryControllerTest in 3.119 seconds (JVM running for 4.066)
2017-03-01 16:41:13 [Thread-4] INFO  o.s.w.c.s.GenericWebApplicationContext.doClose(987) - Closing org.springframework.web.context.support.GenericWebApplicationContext@56966627: startup date [Wed Mar 01 16:41:10 CET 2017]; root of context hierarchy
2017-03-01 17:16:41 [Test worker] INFO  e.s.d.m.m.s.ModelRepositoryControllerTest.logStarting(48) - Starting ModelRepositoryControllerTest on jmotger with PID 16310 (started by jmotger in /home/jmotger/Escritorio/SUPERSEDE/dyn_adapt/Enactment/components/adapter/model/eu.supersede.dynadapt.modelrepository.manager.service)
2017-03-01 17:16:41 [Test worker] DEBUG e.s.d.m.m.s.ModelRepositoryControllerTest.logStarting(51) - Running with Spring Boot v1.4.2.RELEASE, Spring v4.3.4.RELEASE
2017-03-01 17:16:41 [Test worker] INFO  e.s.d.m.m.s.ModelRepositoryControllerTest.logStartupProfileInfo(661) - No active profile set, falling back to default profiles: default
2017-03-01 17:16:41 [Test worker] INFO  o.s.w.c.s.GenericWebApplicationContext.prepareRefresh(582) - Refreshing org.springframework.web.context.support.GenericWebApplicationContext@43c33436: startup date [Wed Mar 01 17:16:41 CET 2017]; root of context hierarchy
2017-03-01 17:16:47 [Test worker] INFO  o.s.w.s.m.m.a.RequestMappingHandlerAdapter.initControllerAdviceCache(534) - Looking for @ControllerAdvice: org.springframework.web.context.support.GenericWebApplicationContext@43c33436: startup date [Wed Mar 01 17:16:41 CET 2017]; root of context hierarchy
2017-03-01 17:16:47 [Test worker] INFO  o.s.w.s.m.m.a.RequestMappingHandlerMapping.register(543) - Mapped "{[/models/{modelType}/{modelId}],methods=[GET]}" onto public java.lang.String eu.supersede.dynadapt.modelrepository.manager.service.ModelManagerController.getModel(java.lang.String,java.lang.String)
2017-03-01 17:16:47 [Test worker] INFO  o.s.w.s.m.m.a.RequestMappingHandlerMapping.register(543) - Mapped "{[/models/{modelType}],methods=[GET]}" onto public java.lang.String eu.supersede.dynadapt.modelrepository.manager.service.ModelManagerController.listModels(java.lang.String,java.lang.String,java.lang.String)
2017-03-01 17:16:47 [Test worker] INFO  o.s.w.s.m.m.a.RequestMappingHandlerMapping.register(543) - Mapped "{[/models/{modelType}/{modelId}],methods=[PUT]}" onto public java.lang.String eu.supersede.dynadapt.modelrepository.manager.service.ModelManagerController.updateModel(java.lang.String,java.lang.String,java.lang.String)
2017-03-01 17:16:47 [Test worker] INFO  o.s.w.s.m.m.a.RequestMappingHandlerMapping.register(543) - Mapped "{[/models/{modelType}/{modelId}],methods=[DELETE]}" onto public void eu.supersede.dynadapt.modelrepository.manager.service.ModelManagerController.deleteModel(java.lang.String,java.lang.String)
2017-03-01 17:16:47 [Test worker] INFO  o.s.w.s.m.m.a.RequestMappingHandlerMapping.register(543) - Mapped "{[/models/{modelType}],methods=[POST]}" onto public java.lang.String eu.supersede.dynadapt.modelrepository.manager.service.ModelManagerController.createModel(java.lang.String,java.lang.String)
2017-03-01 17:16:47 [Test worker] INFO  o.s.w.s.m.m.a.RequestMappingHandlerMapping.register(543) - Mapped "{[/error],produces=[text/html]}" onto public org.springframework.web.servlet.ModelAndView org.springframework.boot.autoconfigure.web.BasicErrorController.errorHtml(javax.servlet.http.HttpServletRequest,javax.servlet.http.HttpServletResponse)
2017-03-01 17:16:47 [Test worker] INFO  o.s.w.s.m.m.a.RequestMappingHandlerMapping.register(543) - Mapped "{[/error]}" onto public org.springframework.http.ResponseEntity<java.util.Map<java.lang.String, java.lang.Object>> org.springframework.boot.autoconfigure.web.BasicErrorController.error(javax.servlet.http.HttpServletRequest)
2017-03-01 17:16:47 [Test worker] INFO  o.s.w.s.h.SimpleUrlHandlerMapping.registerHandler(354) - Mapped URL path [/webjars/**] onto handler of type [class org.springframework.web.servlet.resource.ResourceHttpRequestHandler]
2017-03-01 17:16:47 [Test worker] INFO  o.s.w.s.h.SimpleUrlHandlerMapping.registerHandler(354) - Mapped URL path [/**] onto handler of type [class org.springframework.web.servlet.resource.ResourceHttpRequestHandler]
2017-03-01 17:16:47 [Test worker] INFO  o.s.w.s.h.SimpleUrlHandlerMapping.registerHandler(354) - Mapped URL path [/**/favicon.ico] onto handler of type [class org.springframework.web.servlet.resource.ResourceHttpRequestHandler]
2017-03-01 17:16:47 [Test worker] INFO  e.s.d.m.m.s.ModelRepositoryControllerTest.logStarted(57) - Started ModelRepositoryControllerTest in 6.999 seconds (JVM running for 8.711)
2017-03-01 17:16:48 [Thread-4] INFO  o.s.w.c.s.GenericWebApplicationContext.doClose(987) - Closing org.springframework.web.context.support.GenericWebApplicationContext@43c33436: startup date [Wed Mar 01 17:16:41 CET 2017]; root of context hierarchy
