2017-03-27 17:18:46 [main] DEBUG e.s.i.api.pubsub.TopicPublisher.openTopicConnection(46) - Open topic connection with Message Broker
2017-03-27 17:18:47 [main] DEBUG e.s.i.api.pubsub.TopicPublisher.publishTextMesssageInTopic(52) - Publishing on the Topic analysis.event.dm.adaptation.topic
2017-03-27 17:18:47 [main] DEBUG e.s.i.api.pubsub.TopicPublisher.publishTextMesssageInTopic(57) - Publishing message Body:
{"ID":"id1490627926905","applicationID":"feedback","timestamp":1481717773760,"tenant":"atos","conditions":[{"idMonitoredData":{"nameComponent":"Tool","nameQualityMonitored":"response_time"},"operator":"GEq","value":10.0}]}
JMS Correlation ID: null
JMS timestamp: 1490627927453
JMS expiration: 0
JMS priority: 4
JMS delivery mode: 2
JMS reply to: null
JMS Redelivered: false
JMS Destination: topic://amq.topic/analysis.event.dm.adaptation.topic/?routingkey='analysis.event.dm.adaptation.topic'&exclusive='true'&autodelete='true'
JMS Type: null
JMS MessageID: ID:4bf5ead7-185d-3b5b-90d7-95b8535bc745
JMS Content-Type: text/plain
AMQ message number: -1
Properties:
	JMS_QPID_DESTTYPE = 2

2017-03-27 17:18:47 [main] DEBUG e.s.i.api.pubsub.TopicPublisher.closeTopicConnection(65) - Close topic connection with Message Broker
2017-03-27 17:20:00 [main] DEBUG e.s.i.api.pubsub.TopicPublisher.openTopicConnection(46) - Open topic connection with Message Broker
2017-03-27 17:20:00 [main] DEBUG e.s.i.api.pubsub.TopicPublisher.publishTextMesssageInTopic(52) - Publishing on the Topic analysis.event.dm.adaptation.topic
2017-03-27 17:20:00 [main] DEBUG e.s.i.api.pubsub.TopicPublisher.publishTextMesssageInTopic(57) - Publishing message Body:
{"ID":"id1490628000800","applicationID":"feedback","timestamp":1481717773760,"tenant":"atos","conditions":[{"idMonitoredData":{"nameComponent":"Tool","nameQualityMonitored":"response_time"},"operator":"GEq","value":10.0}]}
JMS Correlation ID: null
JMS timestamp: 1490628000922
JMS expiration: 0
JMS priority: 4
JMS delivery mode: 2
JMS reply to: null
JMS Redelivered: false
JMS Destination: topic://amq.topic/analysis.event.dm.adaptation.topic/?routingkey='analysis.event.dm.adaptation.topic'&exclusive='true'&autodelete='true'
JMS Type: null
JMS MessageID: ID:1d57257d-7786-33c4-9e6f-5a7a2e1458d9
JMS Content-Type: text/plain
AMQ message number: -1
Properties:
	JMS_QPID_DESTTYPE = 2

2017-03-27 17:20:00 [main] DEBUG e.s.i.api.pubsub.TopicPublisher.closeTopicConnection(65) - Close topic connection with Message Broker
2017-03-27 17:26:36 [main] DEBUG e.s.i.api.pubsub.TopicPublisher.openTopicConnection(46) - Open topic connection with Message Broker
2017-03-27 17:26:36 [main] DEBUG e.s.i.api.pubsub.TopicPublisher.publishTextMesssageInTopic(52) - Publishing on the Topic analysis.event.dm.adaptation.topic
2017-03-27 17:26:36 [main] DEBUG e.s.i.api.pubsub.TopicPublisher.publishTextMesssageInTopic(57) - Publishing message Body:
{"ID":"id1490628396432","applicationID":"feedback","timestamp":1481717773760,"tenant":"atos","conditions":[{"idMonitoredData":{"nameComponent":"Tool","nameQualityMonitored":"response_time"},"operator":"GEq","value":10.0}]}
JMS Correlation ID: null
JMS timestamp: 1490628396558
JMS expiration: 0
JMS priority: 4
JMS delivery mode: 2
JMS reply to: null
JMS Redelivered: false
JMS Destination: topic://amq.topic/analysis.event.dm.adaptation.topic/?routingkey='analysis.event.dm.adaptation.topic'&exclusive='true'&autodelete='true'
JMS Type: null
JMS MessageID: ID:9d4f6bb4-573d-36e6-8445-4b4939b35a23
JMS Content-Type: text/plain
AMQ message number: -1
Properties:
	JMS_QPID_DESTTYPE = 2

2017-03-27 17:26:36 [main] DEBUG e.s.i.api.pubsub.TopicPublisher.closeTopicConnection(65) - Close topic connection with Message Broker
2017-03-27 17:28:17 [main] DEBUG e.s.i.api.pubsub.TopicPublisher.openTopicConnection(46) - Open topic connection with Message Broker
2017-03-27 17:28:17 [main] DEBUG e.s.i.api.pubsub.TopicPublisher.publishTextMesssageInTopic(52) - Publishing on the Topic analysis.event.dm.adaptation.topic
2017-03-27 17:28:17 [main] DEBUG e.s.i.api.pubsub.TopicPublisher.publishTextMesssageInTopic(57) - Publishing message Body:
{"ID":"id1490628497295","applicationID":"feedback","timestamp":1481717773760,"tenant":"atos","conditions":[{"idMonitoredData":{"nameComponent":"Tool","nameQualityMonitored":"response_time"},"operator":"GEq","value":10.0}]}
JMS Correlation ID: null
JMS timestamp: 1490628497414
JMS expiration: 0
JMS priority: 4
JMS delivery mode: 2
JMS reply to: null
JMS Redelivered: false
JMS Destination: topic://amq.topic/analysis.event.dm.adaptation.topic/?routingkey='analysis.event.dm.adaptation.topic'&exclusive='true'&autodelete='true'
JMS Type: null
JMS MessageID: ID:436ae01d-bcbc-3e49-9f07-e5fbb22f4b7d
JMS Content-Type: text/plain
AMQ message number: -1
Properties:
	JMS_QPID_DESTTYPE = 2

2017-03-27 17:28:17 [main] DEBUG e.s.i.api.pubsub.TopicPublisher.closeTopicConnection(65) - Close topic connection with Message Broker
2017-03-27 17:29:24 [main] DEBUG e.s.i.api.pubsub.TopicPublisher.openTopicConnection(46) - Open topic connection with Message Broker
2017-03-27 17:29:25 [main] DEBUG e.s.i.api.pubsub.TopicPublisher.publishTextMesssageInTopic(52) - Publishing on the Topic analysis.event.dm.adaptation.topic
2017-03-27 17:29:25 [main] DEBUG e.s.i.api.pubsub.TopicPublisher.publishTextMesssageInTopic(57) - Publishing message Body:
{"ID":"id1490628565006","applicationID":"feedback","timestamp":1481717773760,"tenant":"atos","conditions":[{"idMonitoredData":{"nameComponent":"Tool","nameQualityMonitored":"response_time"},"operator":"GEq","value":10.0}]}
JMS Correlation ID: null
JMS timestamp: 1490628565136
JMS expiration: 0
JMS priority: 4
JMS delivery mode: 2
JMS reply to: null
JMS Redelivered: false
JMS Destination: topic://amq.topic/analysis.event.dm.adaptation.topic/?routingkey='analysis.event.dm.adaptation.topic'&exclusive='true'&autodelete='true'
JMS Type: null
JMS MessageID: ID:7981e946-4a83-321f-a404-55efbcf08382
JMS Content-Type: text/plain
AMQ message number: -1
Properties:
	JMS_QPID_DESTTYPE = 2

2017-03-27 17:29:25 [main] DEBUG e.s.i.api.pubsub.TopicPublisher.closeTopicConnection(65) - Close topic connection with Message Broker
2017-03-27 17:38:01 [main] DEBUG e.s.i.api.pubsub.TopicPublisher.openTopicConnection(46) - Open topic connection with Message Broker
2017-03-27 17:38:02 [main] DEBUG e.s.i.api.pubsub.TopicPublisher.publishTextMesssageInTopic(52) - Publishing on the Topic analysis.event.dm.adaptation.topic
2017-03-27 17:38:02 [main] DEBUG e.s.i.api.pubsub.TopicPublisher.publishTextMesssageInTopic(57) - Publishing message Body:
{"ID":"id1490629082603","applicationID":"feedback","timestamp":1481717773760,"tenant":"atos","conditions":[{"idMonitoredData":{"nameComponent":"Tool","nameQualityMonitored":"response_time"},"operator":"GEq","value":10.0}]}
JMS Correlation ID: null
JMS timestamp: 1490629082932
JMS expiration: 0
JMS priority: 4
JMS delivery mode: 2
JMS reply to: null
JMS Redelivered: false
JMS Destination: topic://amq.topic/analysis.event.dm.adaptation.topic/?routingkey='analysis.event.dm.adaptation.topic'&exclusive='true'&autodelete='true'
JMS Type: null
JMS MessageID: ID:faf74971-a537-35d7-8821-e89216d9cfe6
JMS Content-Type: text/plain
AMQ message number: -1
Properties:
	JMS_QPID_DESTTYPE = 2

2017-03-27 17:38:03 [main] DEBUG e.s.i.api.pubsub.TopicPublisher.closeTopicConnection(65) - Close topic connection with Message Broker
2017-03-27 18:19:56 [main] DEBUG e.s.i.api.pubsub.TopicPublisher.openTopicConnection(46) - Open topic connection with Message Broker
2017-03-27 18:19:57 [main] DEBUG e.s.i.api.pubsub.TopicPublisher.publishTextMesssageInTopic(52) - Publishing on the Topic analysis.event.dm.adaptation.topic
2017-03-27 18:19:57 [main] DEBUG e.s.i.api.pubsub.TopicPublisher.publishTextMesssageInTopic(57) - Publishing message Body:
{"ID":"id1490631597083","applicationID":"feedback","timestamp":1481717773760,"tenant":"atos","conditions":[{"idMonitoredData":{"nameComponent":"Tool","nameQualityMonitored":"response_time"},"operator":"GEq","value":10.0}]}
JMS Correlation ID: null
JMS timestamp: 1490631597333
JMS expiration: 0
JMS priority: 4
JMS delivery mode: 2
JMS reply to: null
JMS Redelivered: false
JMS Destination: topic://amq.topic/analysis.event.dm.adaptation.topic/?routingkey='analysis.event.dm.adaptation.topic'&exclusive='true'&autodelete='true'
JMS Type: null
JMS MessageID: ID:d178438c-b23a-31b4-8dcc-06dcb005dae6
JMS Content-Type: text/plain
AMQ message number: -1
Properties:
	JMS_QPID_DESTTYPE = 2

2017-03-27 18:19:57 [main] DEBUG e.s.i.api.pubsub.TopicPublisher.closeTopicConnection(65) - Close topic connection with Message Broker
2017-03-27 18:21:46 [main] DEBUG e.s.i.api.pubsub.TopicPublisher.openTopicConnection(46) - Open topic connection with Message Broker
2017-03-27 18:21:46 [main] DEBUG e.s.i.api.pubsub.TopicPublisher.publishTextMesssageInTopic(52) - Publishing on the Topic analysis.event.dm.adaptation.topic
2017-03-27 18:21:46 [main] DEBUG e.s.i.api.pubsub.TopicPublisher.publishTextMesssageInTopic(57) - Publishing message Body:
{"ID":"id1490631706710","applicationID":"feedback","timestamp":1481717773760,"tenant":"atos","conditions":[{"idMonitoredData":{"nameComponent":"Tool","nameQualityMonitored":"response_time"},"operator":"GEq","value":10.0}]}
JMS Correlation ID: null
JMS timestamp: 1490631706836
JMS expiration: 0
JMS priority: 4
JMS delivery mode: 2
JMS reply to: null
JMS Redelivered: false
JMS Destination: topic://amq.topic/analysis.event.dm.adaptation.topic/?routingkey='analysis.event.dm.adaptation.topic'&exclusive='true'&autodelete='true'
JMS Type: null
JMS MessageID: ID:37494a06-84db-3010-8ae6-867af6c6aba2
JMS Content-Type: text/plain
AMQ message number: -1
Properties:
	JMS_QPID_DESTTYPE = 2

2017-03-27 18:21:46 [main] DEBUG e.s.i.api.pubsub.TopicPublisher.closeTopicConnection(65) - Close topic connection with Message Broker
