2017-03-30 11:01:50 [main] DEBUG e.s.i.api.pubsub.TopicPublisher.openTopicConnection(46) - Open topic connection with Message Broker
2017-03-30 11:01:50 [main] DEBUG e.s.i.api.pubsub.TopicPublisher.publishTextMesssageInTopic(52) - Publishing on the Topic analysis.event.dm.adaptation.topic
2017-03-30 11:01:50 [main] DEBUG e.s.i.api.pubsub.TopicPublisher.publishTextMesssageInTopic(57) - Publishing message Body:
{"ID":"id1490864510290","applicationID":"feedback","timestamp":1481717773760,"tenant":"atos","conditions":[{"idMonitoredData":{"nameComponent":"Tool","nameQualityMonitored":"response_time"},"operator":"GEq","value":10.0}]}
JMS Correlation ID: null
JMS timestamp: 1490864510554
JMS expiration: 0
JMS priority: 4
JMS delivery mode: 2
JMS reply to: null
JMS Redelivered: false
JMS Destination: topic://amq.topic/analysis.event.dm.adaptation.topic/?routingkey='analysis.event.dm.adaptation.topic'&exclusive='true'&autodelete='true'
JMS Type: null
JMS MessageID: ID:9b68f048-1cfa-34d4-be40-824e5a33b8be
JMS Content-Type: text/plain
AMQ message number: -1
Properties:
	JMS_QPID_DESTTYPE = 2

2017-03-30 11:01:50 [main] DEBUG e.s.i.api.pubsub.TopicPublisher.closeTopicConnection(65) - Close topic connection with Message Broker
2017-03-30 11:05:32 [main] DEBUG e.s.i.api.pubsub.TopicPublisher.openTopicConnection(46) - Open topic connection with Message Broker
2017-03-30 11:05:32 [main] DEBUG e.s.i.api.pubsub.TopicPublisher.publishTextMesssageInTopic(52) - Publishing on the Topic analysis.event.dm.adaptation.topic
2017-03-30 11:05:32 [main] DEBUG e.s.i.api.pubsub.TopicPublisher.publishTextMesssageInTopic(57) - Publishing message Body:
{"id":"id1490864732790","applicationId":"feedback","timestamp":1481717773760,"tenant":"atos","conditions":[{"idMonitoredData":{"nameComponent":"Tool","nameQualityMonitored":"response_time"},"operator":"GEq","value":10.0}]}
JMS Correlation ID: null
JMS timestamp: 1490864732909
JMS expiration: 0
JMS priority: 4
JMS delivery mode: 2
JMS reply to: null
JMS Redelivered: false
JMS Destination: topic://amq.topic/analysis.event.dm.adaptation.topic/?routingkey='analysis.event.dm.adaptation.topic'&exclusive='true'&autodelete='true'
JMS Type: null
JMS MessageID: ID:9050fe17-f544-3d49-9153-266fde7fdf63
JMS Content-Type: text/plain
AMQ message number: -1
Properties:
	JMS_QPID_DESTTYPE = 2

2017-03-30 11:05:32 [main] DEBUG e.s.i.api.pubsub.TopicPublisher.closeTopicConnection(65) - Close topic connection with Message Broker
2017-03-30 11:11:23 [main] DEBUG e.s.i.api.pubsub.TopicPublisher.openTopicConnection(46) - Open topic connection with Message Broker
2017-03-30 11:11:23 [main] DEBUG e.s.i.api.pubsub.TopicPublisher.publishTextMesssageInTopic(52) - Publishing on the Topic analysis.event.dm.adaptation.topic
2017-03-30 11:11:23 [main] DEBUG e.s.i.api.pubsub.TopicPublisher.publishTextMesssageInTopic(57) - Publishing message Body:
{"id":"id1490865083243","applicationId":"feedback","timestamp":1481717773760,"tenant":"atos","conditions":[{"idMonitoredData":{"nameComponent":"Tool","nameQualityMonitored":"response_time"},"operator":"GEq","value":10.0}]}
JMS Correlation ID: null
JMS timestamp: 1490865083367
JMS expiration: 0
JMS priority: 4
JMS delivery mode: 2
JMS reply to: null
JMS Redelivered: false
JMS Destination: topic://amq.topic/analysis.event.dm.adaptation.topic/?routingkey='analysis.event.dm.adaptation.topic'&exclusive='true'&autodelete='true'
JMS Type: null
JMS MessageID: ID:dc459c6a-640a-3021-a86e-a4aa1ac0c880
JMS Content-Type: text/plain
AMQ message number: -1
Properties:
	JMS_QPID_DESTTYPE = 2

2017-03-30 11:11:23 [main] DEBUG e.s.i.api.pubsub.TopicPublisher.closeTopicConnection(65) - Close topic connection with Message Broker
2017-03-30 11:20:19 [main] DEBUG e.s.i.api.pubsub.TopicPublisher.openTopicConnection(46) - Open topic connection with Message Broker
2017-03-30 11:20:19 [main] DEBUG e.s.i.api.pubsub.TopicPublisher.publishTextMesssageInTopic(52) - Publishing on the Topic analysis.event.dm.adaptation.topic
2017-03-30 11:20:19 [main] DEBUG e.s.i.api.pubsub.TopicPublisher.publishTextMesssageInTopic(57) - Publishing message Body:
{"id":"id1490865619446","applicationId":"feedback","timestamp":1481717773760,"tenant":"atos","conditions":[{"idMonitoredData":{"nameComponent":"Tool","nameQualityMonitored":"response_time"},"operator":"GEq","value":10.0}]}
JMS Correlation ID: null
JMS timestamp: 1490865619590
JMS expiration: 0
JMS priority: 4
JMS delivery mode: 2
JMS reply to: null
JMS Redelivered: false
JMS Destination: topic://amq.topic/analysis.event.dm.adaptation.topic/?routingkey='analysis.event.dm.adaptation.topic'&exclusive='true'&autodelete='true'
JMS Type: null
JMS MessageID: ID:b4df23a9-4f2b-301b-aeff-4ced6e8410bc
JMS Content-Type: text/plain
AMQ message number: -1
Properties:
	JMS_QPID_DESTTYPE = 2

2017-03-30 11:20:19 [main] DEBUG e.s.i.api.pubsub.TopicPublisher.closeTopicConnection(65) - Close topic connection with Message Broker
2017-03-30 11:41:28 [main] DEBUG e.s.i.api.pubsub.TopicPublisher.openTopicConnection(46) - Open topic connection with Message Broker
2017-03-30 11:41:28 [main] DEBUG e.s.i.api.pubsub.TopicPublisher.publishTextMesssageInTopic(52) - Publishing on the Topic analysis.event.dm.adaptation.topic
2017-03-30 11:41:28 [main] DEBUG e.s.i.api.pubsub.TopicPublisher.publishTextMesssageInTopic(57) - Publishing message Body:
{"id":"id1490866888847","applicationId":"feedback","timestamp":1481717773760,"tenant":"atos","conditions":[{"idMonitoredData":{"nameComponent":"Tool","nameQualityMonitored":"response_time"},"operator":"GEq","value":10.0}]}
JMS Correlation ID: null
JMS timestamp: 1490866888974
JMS expiration: 0
JMS priority: 4
JMS delivery mode: 2
JMS reply to: null
JMS Redelivered: false
JMS Destination: topic://amq.topic/analysis.event.dm.adaptation.topic/?routingkey='analysis.event.dm.adaptation.topic'&exclusive='true'&autodelete='true'
JMS Type: null
JMS MessageID: ID:6c58c408-7902-31b5-a9df-ffa9f21a1540
JMS Content-Type: text/plain
AMQ message number: -1
Properties:
	JMS_QPID_DESTTYPE = 2

2017-03-30 11:41:29 [main] DEBUG e.s.i.api.pubsub.TopicPublisher.closeTopicConnection(65) - Close topic connection with Message Broker
