2017-04-10 15:16:16 [main] DEBUG e.s.d.m.m.d.DatabaseConnection.init(40) - Connecting to DB...
2017-04-10 15:16:17 [main] DEBUG e.s.d.m.m.d.DatabaseConnection.init(44) - Database connection - SUCCESS
2017-04-10 15:16:17 [main] DEBUG e.s.d.m.m.d.DatabaseController.<init>(41) - Database connection - SUCCESS
2017-04-10 15:16:17 [main] DEBUG e.s.d.m.manager.Manager.<init>(26) - Model repository manager initialization - SUCCESS
2017-04-10 15:16:17 [main] DEBUG e.s.d.m.m.d.DatabaseConnection.init(40) - Connecting to DB...
2017-04-10 15:16:17 [main] DEBUG e.s.d.m.m.d.DatabaseConnection.init(44) - Database connection - SUCCESS
2017-04-10 15:16:17 [main] DEBUG e.s.d.m.m.d.DatabaseController.<init>(41) - Database connection - SUCCESS
2017-04-10 15:16:17 [main] DEBUG e.s.d.m.manager.Manager.<init>(26) - Model repository manager initialization - SUCCESS
2017-04-10 15:16:17 [main] DEBUG e.s.d.m.m.d.DatabaseConnection.init(40) - Connecting to DB...
2017-04-10 15:16:17 [main] DEBUG e.s.d.m.m.d.DatabaseConnection.init(44) - Database connection - SUCCESS
2017-04-10 15:16:17 [main] DEBUG e.s.d.m.m.d.DatabaseController.<init>(41) - Database connection - SUCCESS
2017-04-10 15:16:17 [main] DEBUG e.s.d.m.manager.Manager.<init>(26) - Model repository manager initialization - SUCCESS
2017-04-10 15:16:17 [main] DEBUG e.s.d.m.m.d.DatabaseConnection.init(40) - Connecting to DB...
2017-04-10 15:16:17 [main] DEBUG e.s.d.m.m.d.DatabaseConnection.init(44) - Database connection - SUCCESS
2017-04-10 15:16:17 [main] DEBUG e.s.d.m.m.d.DatabaseController.<init>(41) - Database connection - SUCCESS
2017-04-10 15:16:17 [main] DEBUG e.s.d.m.manager.Manager.<init>(26) - Model repository manager initialization - SUCCESS
2017-04-10 15:16:17 [main] DEBUG e.s.d.m.m.d.DatabaseConnection.init(40) - Connecting to DB...
2017-04-10 15:16:17 [main] DEBUG e.s.d.m.m.d.DatabaseConnection.init(44) - Database connection - SUCCESS
2017-04-10 15:16:17 [main] DEBUG e.s.d.m.m.d.DatabaseController.<init>(41) - Database connection - SUCCESS
2017-04-10 15:16:17 [main] DEBUG e.s.d.m.manager.Manager.<init>(26) - Model repository manager initialization - SUCCESS
2017-04-10 15:16:17 [main] DEBUG e.s.d.m.m.d.DatabaseConnection.init(40) - Connecting to DB...
2017-04-10 15:16:17 [main] DEBUG e.s.d.m.m.d.DatabaseConnection.init(44) - Database connection - SUCCESS
2017-04-10 15:16:17 [main] DEBUG e.s.d.m.m.d.DatabaseController.<init>(41) - Database connection - SUCCESS
2017-04-10 15:16:17 [main] DEBUG e.s.d.m.manager.Manager.<init>(26) - Model repository manager initialization - SUCCESS
2017-04-10 15:16:18 [main] DEBUG e.s.d.m.m.d.DatabaseConnection.init(40) - Connecting to DB...
2017-04-10 15:16:18 [main] DEBUG e.s.d.m.m.d.DatabaseConnection.init(44) - Database connection - SUCCESS
2017-04-10 15:16:18 [main] DEBUG e.s.d.m.m.d.DatabaseController.<init>(41) - Database connection - SUCCESS
2017-04-10 15:16:18 [main] DEBUG e.s.d.m.manager.Manager.<init>(26) - Model repository manager initialization - SUCCESS
2017-04-10 15:16:18 [main] DEBUG e.s.d.m.m.d.DatabaseConnection.init(40) - Connecting to DB...
2017-04-10 15:16:18 [main] DEBUG e.s.d.m.m.d.DatabaseConnection.init(44) - Database connection - SUCCESS
2017-04-10 15:16:18 [main] DEBUG e.s.d.m.m.d.DatabaseController.<init>(41) - Database connection - SUCCESS
2017-04-10 15:16:18 [main] DEBUG e.s.d.m.manager.Manager.<init>(26) - Model repository manager initialization - SUCCESS
2017-04-10 15:16:18 [main] DEBUG e.s.d.m.m.d.DatabaseConnection.init(40) - Connecting to DB...
2017-04-10 15:16:18 [main] DEBUG e.s.d.m.m.d.DatabaseConnection.init(44) - Database connection - SUCCESS
2017-04-10 15:16:18 [main] DEBUG e.s.d.m.m.d.DatabaseController.<init>(41) - Database connection - SUCCESS
2017-04-10 15:16:18 [main] DEBUG e.s.d.m.manager.Manager.<init>(26) - Model repository manager initialization - SUCCESS
2017-04-10 15:16:18 [main] DEBUG e.s.d.m.m.d.DatabaseConnection.init(40) - Connecting to DB...
2017-04-10 15:16:18 [main] DEBUG e.s.d.m.m.d.DatabaseConnection.init(44) - Database connection - SUCCESS
2017-04-10 15:16:18 [main] DEBUG e.s.d.m.m.d.DatabaseController.<init>(41) - Database connection - SUCCESS
2017-04-10 15:16:18 [main] DEBUG e.s.d.m.manager.Manager.<init>(26) - Model repository manager initialization - SUCCESS
2017-04-10 15:17:15 [main] DEBUG e.s.d.m.m.d.DatabaseConnection.init(40) - Connecting to DB...
2017-04-10 15:17:15 [main] DEBUG e.s.d.m.m.d.DatabaseConnection.init(44) - Database connection - SUCCESS
2017-04-10 15:17:15 [main] DEBUG e.s.d.m.m.d.DatabaseController.<init>(41) - Database connection - SUCCESS
2017-04-10 15:17:15 [main] DEBUG e.s.d.m.manager.Manager.<init>(26) - Model repository manager initialization - SUCCESS
2017-04-10 15:17:16 [main] DEBUG e.s.d.m.m.d.DatabaseConnection.init(40) - Connecting to DB...
2017-04-10 15:17:16 [main] DEBUG e.s.d.m.m.d.DatabaseConnection.init(44) - Database connection - SUCCESS
2017-04-10 15:17:16 [main] DEBUG e.s.d.m.m.d.DatabaseController.<init>(41) - Database connection - SUCCESS
2017-04-10 15:17:16 [main] DEBUG e.s.d.m.manager.Manager.<init>(26) - Model repository manager initialization - SUCCESS
2017-04-10 15:17:16 [main] DEBUG e.s.d.m.m.d.DatabaseConnection.init(40) - Connecting to DB...
2017-04-10 15:17:16 [main] DEBUG e.s.d.m.m.d.DatabaseConnection.init(44) - Database connection - SUCCESS
2017-04-10 15:17:16 [main] DEBUG e.s.d.m.m.d.DatabaseController.<init>(41) - Database connection - SUCCESS
2017-04-10 15:17:16 [main] DEBUG e.s.d.m.manager.Manager.<init>(26) - Model repository manager initialization - SUCCESS
2017-04-10 15:17:16 [main] DEBUG e.s.d.m.m.d.DatabaseConnection.init(40) - Connecting to DB...
2017-04-10 15:17:16 [main] DEBUG e.s.d.m.m.d.DatabaseConnection.init(44) - Database connection - SUCCESS
2017-04-10 15:17:16 [main] DEBUG e.s.d.m.m.d.DatabaseController.<init>(41) - Database connection - SUCCESS
2017-04-10 15:17:16 [main] DEBUG e.s.d.m.manager.Manager.<init>(26) - Model repository manager initialization - SUCCESS
2017-04-10 15:17:16 [main] DEBUG e.s.d.m.m.d.DatabaseConnection.init(40) - Connecting to DB...
2017-04-10 15:17:16 [main] DEBUG e.s.d.m.m.d.DatabaseConnection.init(44) - Database connection - SUCCESS
2017-04-10 15:17:16 [main] DEBUG e.s.d.m.m.d.DatabaseController.<init>(41) - Database connection - SUCCESS
2017-04-10 15:17:16 [main] DEBUG e.s.d.m.manager.Manager.<init>(26) - Model repository manager initialization - SUCCESS
2017-04-10 15:17:16 [main] DEBUG e.s.d.m.m.d.DatabaseConnection.init(40) - Connecting to DB...
2017-04-10 15:17:16 [main] DEBUG e.s.d.m.m.d.DatabaseConnection.init(44) - Database connection - SUCCESS
2017-04-10 15:17:16 [main] DEBUG e.s.d.m.m.d.DatabaseController.<init>(41) - Database connection - SUCCESS
2017-04-10 15:17:16 [main] DEBUG e.s.d.m.manager.Manager.<init>(26) - Model repository manager initialization - SUCCESS
2017-04-10 15:17:16 [main] DEBUG e.s.d.m.m.d.DatabaseConnection.init(40) - Connecting to DB...
2017-04-10 15:17:16 [main] DEBUG e.s.d.m.m.d.DatabaseConnection.init(44) - Database connection - SUCCESS
2017-04-10 15:17:16 [main] DEBUG e.s.d.m.m.d.DatabaseController.<init>(41) - Database connection - SUCCESS
2017-04-10 15:17:16 [main] DEBUG e.s.d.m.manager.Manager.<init>(26) - Model repository manager initialization - SUCCESS
2017-04-10 15:17:17 [main] DEBUG e.s.d.m.m.d.DatabaseConnection.init(40) - Connecting to DB...
2017-04-10 15:17:17 [main] DEBUG e.s.d.m.m.d.DatabaseConnection.init(44) - Database connection - SUCCESS
2017-04-10 15:17:17 [main] DEBUG e.s.d.m.m.d.DatabaseController.<init>(41) - Database connection - SUCCESS
2017-04-10 15:17:17 [main] DEBUG e.s.d.m.manager.Manager.<init>(26) - Model repository manager initialization - SUCCESS
2017-04-10 15:17:17 [main] DEBUG e.s.d.m.m.d.DatabaseConnection.init(40) - Connecting to DB...
2017-04-10 15:17:17 [main] DEBUG e.s.d.m.m.d.DatabaseConnection.init(44) - Database connection - SUCCESS
2017-04-10 15:17:17 [main] DEBUG e.s.d.m.m.d.DatabaseController.<init>(41) - Database connection - SUCCESS
2017-04-10 15:17:17 [main] DEBUG e.s.d.m.manager.Manager.<init>(26) - Model repository manager initialization - SUCCESS
2017-04-10 15:17:17 [main] DEBUG e.s.d.m.m.d.DatabaseConnection.init(40) - Connecting to DB...
2017-04-10 15:17:17 [main] DEBUG e.s.d.m.m.d.DatabaseConnection.init(44) - Database connection - SUCCESS
2017-04-10 15:17:17 [main] DEBUG e.s.d.m.m.d.DatabaseController.<init>(41) - Database connection - SUCCESS
2017-04-10 15:17:17 [main] DEBUG e.s.d.m.manager.Manager.<init>(26) - Model repository manager initialization - SUCCESS
2017-04-10 15:17:17 [main] DEBUG e.s.d.m.m.d.DatabaseConnection.init(40) - Connecting to DB...
2017-04-10 15:17:17 [main] DEBUG e.s.d.m.m.d.DatabaseConnection.init(44) - Database connection - SUCCESS
2017-04-10 15:17:17 [main] DEBUG e.s.d.m.m.d.DatabaseController.<init>(41) - Database connection - SUCCESS
2017-04-10 15:17:17 [main] DEBUG e.s.d.m.manager.Manager.<init>(26) - Model repository manager initialization - SUCCESS
2017-04-10 15:18:25 [main] DEBUG e.s.d.m.m.d.DatabaseConnection.init(40) - Connecting to DB...
2017-04-10 15:18:26 [main] DEBUG e.s.d.m.m.d.DatabaseConnection.init(44) - Database connection - SUCCESS
2017-04-10 15:18:26 [main] DEBUG e.s.d.m.m.d.DatabaseController.<init>(41) - Database connection - SUCCESS
2017-04-10 15:18:26 [main] DEBUG e.s.d.m.manager.Manager.<init>(26) - Model repository manager initialization - SUCCESS
2017-04-10 15:18:26 [main] DEBUG e.s.d.m.manager.ManagerTest.createSetOfAdaptabilityModels(98) - Models created successfully (id list = 87/88/)
2017-04-10 15:18:26 [main] DEBUG e.s.d.m.m.d.DatabaseConnection.init(40) - Connecting to DB...
2017-04-10 15:18:26 [main] DEBUG e.s.d.m.m.d.DatabaseConnection.init(44) - Database connection - SUCCESS
2017-04-10 15:18:26 [main] DEBUG e.s.d.m.m.d.DatabaseController.<init>(41) - Database connection - SUCCESS
2017-04-10 15:18:26 [main] DEBUG e.s.d.m.manager.Manager.<init>(26) - Model repository manager initialization - SUCCESS
2017-04-10 15:18:26 [main] DEBUG e.s.d.m.manager.ManagerTest.listAdaptabilityModels(51) - Number of AdaptabilityModels: 27
2017-04-10 15:18:26 [main] DEBUG e.s.d.m.manager.ManagerTest.listAdaptabilityModels(52) - 	Model id: 19
2017-04-10 15:18:26 [main] DEBUG e.s.d.m.manager.ManagerTest.listAdaptabilityModels(52) - 	Model id: 20
2017-04-10 15:18:26 [main] DEBUG e.s.d.m.manager.ManagerTest.listAdaptabilityModels(52) - 	Model id: 21
2017-04-10 15:18:26 [main] DEBUG e.s.d.m.manager.ManagerTest.listAdaptabilityModels(52) - 	Model id: 22
2017-04-10 15:18:26 [main] DEBUG e.s.d.m.manager.ManagerTest.listAdaptabilityModels(52) - 	Model id: 23
2017-04-10 15:18:26 [main] DEBUG e.s.d.m.manager.ManagerTest.listAdaptabilityModels(52) - 	Model id: 24
2017-04-10 15:18:26 [main] DEBUG e.s.d.m.manager.ManagerTest.listAdaptabilityModels(52) - 	Model id: 25
2017-04-10 15:18:26 [main] DEBUG e.s.d.m.manager.ManagerTest.listAdaptabilityModels(52) - 	Model id: 26
2017-04-10 15:18:26 [main] DEBUG e.s.d.m.manager.ManagerTest.listAdaptabilityModels(52) - 	Model id: 27
2017-04-10 15:18:26 [main] DEBUG e.s.d.m.manager.ManagerTest.listAdaptabilityModels(52) - 	Model id: 28
2017-04-10 15:18:26 [main] DEBUG e.s.d.m.manager.ManagerTest.listAdaptabilityModels(52) - 	Model id: 29
2017-04-10 15:18:26 [main] DEBUG e.s.d.m.manager.ManagerTest.listAdaptabilityModels(52) - 	Model id: 30
2017-04-10 15:18:26 [main] DEBUG e.s.d.m.manager.ManagerTest.listAdaptabilityModels(52) - 	Model id: 31
2017-04-10 15:18:26 [main] DEBUG e.s.d.m.manager.ManagerTest.listAdaptabilityModels(52) - 	Model id: 32
2017-04-10 15:18:26 [main] DEBUG e.s.d.m.manager.ManagerTest.listAdaptabilityModels(52) - 	Model id: 33
2017-04-10 15:18:26 [main] DEBUG e.s.d.m.manager.ManagerTest.listAdaptabilityModels(52) - 	Model id: 34
2017-04-10 15:18:26 [main] DEBUG e.s.d.m.manager.ManagerTest.listAdaptabilityModels(52) - 	Model id: 35
2017-04-10 15:18:26 [main] DEBUG e.s.d.m.manager.ManagerTest.listAdaptabilityModels(52) - 	Model id: 36
2017-04-10 15:18:26 [main] DEBUG e.s.d.m.manager.ManagerTest.listAdaptabilityModels(52) - 	Model id: 37
2017-04-10 15:18:26 [main] DEBUG e.s.d.m.manager.ManagerTest.listAdaptabilityModels(52) - 	Model id: 38
2017-04-10 15:18:26 [main] DEBUG e.s.d.m.manager.ManagerTest.listAdaptabilityModels(52) - 	Model id: 39
2017-04-10 15:18:26 [main] DEBUG e.s.d.m.manager.ManagerTest.listAdaptabilityModels(52) - 	Model id: 40
2017-04-10 15:18:26 [main] DEBUG e.s.d.m.manager.ManagerTest.listAdaptabilityModels(52) - 	Model id: 41
2017-04-10 15:18:26 [main] DEBUG e.s.d.m.manager.ManagerTest.listAdaptabilityModels(52) - 	Model id: 42
2017-04-10 15:18:26 [main] DEBUG e.s.d.m.manager.ManagerTest.listAdaptabilityModels(52) - 	Model id: 43
2017-04-10 15:18:26 [main] DEBUG e.s.d.m.manager.ManagerTest.listAdaptabilityModels(52) - 	Model id: 44
2017-04-10 15:18:26 [main] DEBUG e.s.d.m.manager.ManagerTest.listAdaptabilityModels(52) - 	Model id: 76
2017-04-10 15:18:26 [main] DEBUG e.s.d.m.m.d.DatabaseConnection.init(40) - Connecting to DB...
2017-04-10 15:18:26 [main] DEBUG e.s.d.m.m.d.DatabaseConnection.init(44) - Database connection - SUCCESS
2017-04-10 15:18:26 [main] DEBUG e.s.d.m.m.d.DatabaseController.<init>(41) - Database connection - SUCCESS
2017-04-10 15:18:26 [main] DEBUG e.s.d.m.manager.Manager.<init>(26) - Model repository manager initialization - SUCCESS
2017-04-10 15:18:26 [main] DEBUG e.s.d.m.m.d.DatabaseConnection.init(40) - Connecting to DB...
2017-04-10 15:18:26 [main] DEBUG e.s.d.m.m.d.DatabaseConnection.init(44) - Database connection - SUCCESS
2017-04-10 15:18:26 [main] DEBUG e.s.d.m.m.d.DatabaseController.<init>(41) - Database connection - SUCCESS
2017-04-10 15:18:26 [main] DEBUG e.s.d.m.manager.Manager.<init>(26) - Model repository manager initialization - SUCCESS
2017-04-10 15:18:26 [main] DEBUG e.s.d.m.manager.ManagerTest.createAdaptabilityModel(72) - Model created successfully (id = 89)
2017-04-10 15:18:26 [main] DEBUG e.s.d.m.m.d.DatabaseConnection.init(40) - Connecting to DB...
2017-04-10 15:18:26 [main] DEBUG e.s.d.m.m.d.DatabaseConnection.init(44) - Database connection - SUCCESS
2017-04-10 15:18:26 [main] DEBUG e.s.d.m.m.d.DatabaseController.<init>(41) - Database connection - SUCCESS
2017-04-10 15:18:26 [main] DEBUG e.s.d.m.manager.Manager.<init>(26) - Model repository manager initialization - SUCCESS
2017-04-10 15:18:26 [main] DEBUG e.s.d.m.manager.ManagerTest.createAndGetBaseModel(191) - Model created and retrieved successfully (id = 86)
2017-04-10 15:18:26 [main] DEBUG e.s.d.m.m.d.DatabaseConnection.init(40) - Connecting to DB...
2017-04-10 15:18:26 [main] DEBUG e.s.d.m.m.d.DatabaseConnection.init(44) - Database connection - SUCCESS
2017-04-10 15:18:26 [main] DEBUG e.s.d.m.m.d.DatabaseController.<init>(41) - Database connection - SUCCESS
2017-04-10 15:18:26 [main] DEBUG e.s.d.m.manager.Manager.<init>(26) - Model repository manager initialization - SUCCESS
2017-04-10 15:18:27 [main] DEBUG e.s.d.m.manager.ManagerTest.createAndDeleteModel(137) - Model created and deleted successfully (id = 90)
2017-04-10 15:18:27 [main] DEBUG e.s.d.m.m.d.DatabaseConnection.init(40) - Connecting to DB...
2017-04-10 15:18:27 [main] DEBUG e.s.d.m.m.d.DatabaseConnection.init(44) - Database connection - SUCCESS
2017-04-10 15:18:27 [main] DEBUG e.s.d.m.m.d.DatabaseController.<init>(41) - Database connection - SUCCESS
2017-04-10 15:18:27 [main] DEBUG e.s.d.m.manager.Manager.<init>(26) - Model repository manager initialization - SUCCESS
2017-04-10 15:18:27 [main] DEBUG e.s.d.m.m.d.DatabaseConnection.init(40) - Connecting to DB...
2017-04-10 15:18:27 [main] DEBUG e.s.d.m.m.d.DatabaseConnection.init(44) - Database connection - SUCCESS
2017-04-10 15:18:27 [main] DEBUG e.s.d.m.m.d.DatabaseController.<init>(41) - Database connection - SUCCESS
2017-04-10 15:18:27 [main] DEBUG e.s.d.m.manager.Manager.<init>(26) - Model repository manager initialization - SUCCESS
2017-04-10 15:18:27 [main] DEBUG e.s.d.m.manager.ManagerTest.createAndUpdateModel(166) - Model created and updated successfully (id = 88)
2017-04-10 15:18:27 [main] DEBUG e.s.d.m.m.d.DatabaseConnection.init(40) - Connecting to DB...
2017-04-10 15:18:27 [main] DEBUG e.s.d.m.m.d.DatabaseConnection.init(44) - Database connection - SUCCESS
2017-04-10 15:18:27 [main] DEBUG e.s.d.m.m.d.DatabaseController.<init>(41) - Database connection - SUCCESS
2017-04-10 15:18:27 [main] DEBUG e.s.d.m.manager.Manager.<init>(26) - Model repository manager initialization - SUCCESS
2017-04-10 15:18:27 [main] DEBUG e.s.d.m.manager.ManagerTest.createAndGetAdaptabilityModel(121) - Model created and retrieved successfully (id = 91)
2017-04-10 15:18:27 [main] DEBUG e.s.d.m.m.d.DatabaseConnection.init(40) - Connecting to DB...
2017-04-10 15:18:27 [main] DEBUG e.s.d.m.m.d.DatabaseConnection.init(44) - Database connection - SUCCESS
2017-04-10 15:18:27 [main] DEBUG e.s.d.m.m.d.DatabaseController.<init>(41) - Database connection - SUCCESS
2017-04-10 15:18:27 [main] DEBUG e.s.d.m.manager.Manager.<init>(26) - Model repository manager initialization - SUCCESS
2017-04-10 15:18:56 [main] DEBUG e.s.d.m.m.d.DatabaseConnection.init(40) - Connecting to DB...
2017-04-10 15:18:56 [main] DEBUG e.s.d.m.m.d.DatabaseConnection.init(44) - Database connection - SUCCESS
2017-04-10 15:18:56 [main] DEBUG e.s.d.m.m.d.DatabaseController.<init>(41) - Database connection - SUCCESS
2017-04-10 15:18:56 [main] DEBUG e.s.d.m.manager.Manager.<init>(26) - Model repository manager initialization - SUCCESS
2017-04-10 15:18:57 [main] DEBUG e.s.d.m.manager.ManagerTest.createSetOfAdaptabilityModels(98) - Models created successfully (id list = 92/93/)
2017-04-10 15:18:57 [main] DEBUG e.s.d.m.m.d.DatabaseConnection.init(40) - Connecting to DB...
2017-04-10 15:18:57 [main] DEBUG e.s.d.m.m.d.DatabaseConnection.init(44) - Database connection - SUCCESS
2017-04-10 15:18:57 [main] DEBUG e.s.d.m.m.d.DatabaseController.<init>(41) - Database connection - SUCCESS
2017-04-10 15:18:57 [main] DEBUG e.s.d.m.manager.Manager.<init>(26) - Model repository manager initialization - SUCCESS
2017-04-10 15:18:57 [main] DEBUG e.s.d.m.manager.ManagerTest.listAdaptabilityModels(51) - Number of AdaptabilityModels: 27
2017-04-10 15:18:57 [main] DEBUG e.s.d.m.manager.ManagerTest.listAdaptabilityModels(52) - 	Model id: 19
2017-04-10 15:18:57 [main] DEBUG e.s.d.m.manager.ManagerTest.listAdaptabilityModels(52) - 	Model id: 20
2017-04-10 15:18:57 [main] DEBUG e.s.d.m.manager.ManagerTest.listAdaptabilityModels(52) - 	Model id: 21
2017-04-10 15:18:57 [main] DEBUG e.s.d.m.manager.ManagerTest.listAdaptabilityModels(52) - 	Model id: 22
2017-04-10 15:18:57 [main] DEBUG e.s.d.m.manager.ManagerTest.listAdaptabilityModels(52) - 	Model id: 23
2017-04-10 15:18:57 [main] DEBUG e.s.d.m.manager.ManagerTest.listAdaptabilityModels(52) - 	Model id: 24
2017-04-10 15:18:57 [main] DEBUG e.s.d.m.manager.ManagerTest.listAdaptabilityModels(52) - 	Model id: 25
2017-04-10 15:18:57 [main] DEBUG e.s.d.m.manager.ManagerTest.listAdaptabilityModels(52) - 	Model id: 26
2017-04-10 15:18:57 [main] DEBUG e.s.d.m.manager.ManagerTest.listAdaptabilityModels(52) - 	Model id: 27
2017-04-10 15:18:57 [main] DEBUG e.s.d.m.manager.ManagerTest.listAdaptabilityModels(52) - 	Model id: 28
2017-04-10 15:18:57 [main] DEBUG e.s.d.m.manager.ManagerTest.listAdaptabilityModels(52) - 	Model id: 29
2017-04-10 15:18:57 [main] DEBUG e.s.d.m.manager.ManagerTest.listAdaptabilityModels(52) - 	Model id: 30
2017-04-10 15:18:57 [main] DEBUG e.s.d.m.manager.ManagerTest.listAdaptabilityModels(52) - 	Model id: 31
2017-04-10 15:18:57 [main] DEBUG e.s.d.m.manager.ManagerTest.listAdaptabilityModels(52) - 	Model id: 32
2017-04-10 15:18:57 [main] DEBUG e.s.d.m.manager.ManagerTest.listAdaptabilityModels(52) - 	Model id: 33
2017-04-10 15:18:57 [main] DEBUG e.s.d.m.manager.ManagerTest.listAdaptabilityModels(52) - 	Model id: 34
2017-04-10 15:18:57 [main] DEBUG e.s.d.m.manager.ManagerTest.listAdaptabilityModels(52) - 	Model id: 35
2017-04-10 15:18:57 [main] DEBUG e.s.d.m.manager.ManagerTest.listAdaptabilityModels(52) - 	Model id: 36
2017-04-10 15:18:57 [main] DEBUG e.s.d.m.manager.ManagerTest.listAdaptabilityModels(52) - 	Model id: 37
2017-04-10 15:18:57 [main] DEBUG e.s.d.m.manager.ManagerTest.listAdaptabilityModels(52) - 	Model id: 38
2017-04-10 15:18:57 [main] DEBUG e.s.d.m.manager.ManagerTest.listAdaptabilityModels(52) - 	Model id: 39
2017-04-10 15:18:57 [main] DEBUG e.s.d.m.manager.ManagerTest.listAdaptabilityModels(52) - 	Model id: 40
2017-04-10 15:18:57 [main] DEBUG e.s.d.m.manager.ManagerTest.listAdaptabilityModels(52) - 	Model id: 41
2017-04-10 15:18:57 [main] DEBUG e.s.d.m.manager.ManagerTest.listAdaptabilityModels(52) - 	Model id: 42
2017-04-10 15:18:57 [main] DEBUG e.s.d.m.manager.ManagerTest.listAdaptabilityModels(52) - 	Model id: 43
2017-04-10 15:18:57 [main] DEBUG e.s.d.m.manager.ManagerTest.listAdaptabilityModels(52) - 	Model id: 44
2017-04-10 15:18:57 [main] DEBUG e.s.d.m.manager.ManagerTest.listAdaptabilityModels(52) - 	Model id: 76
2017-04-10 15:18:57 [main] DEBUG e.s.d.m.m.d.DatabaseConnection.init(40) - Connecting to DB...
2017-04-10 15:18:57 [main] DEBUG e.s.d.m.m.d.DatabaseConnection.init(44) - Database connection - SUCCESS
2017-04-10 15:18:57 [main] DEBUG e.s.d.m.m.d.DatabaseController.<init>(41) - Database connection - SUCCESS
2017-04-10 15:18:57 [main] DEBUG e.s.d.m.manager.Manager.<init>(26) - Model repository manager initialization - SUCCESS
2017-04-10 15:18:57 [main] DEBUG e.s.d.m.m.d.DatabaseConnection.init(40) - Connecting to DB...
2017-04-10 15:18:57 [main] DEBUG e.s.d.m.m.d.DatabaseConnection.init(44) - Database connection - SUCCESS
2017-04-10 15:18:57 [main] DEBUG e.s.d.m.m.d.DatabaseController.<init>(41) - Database connection - SUCCESS
2017-04-10 15:18:57 [main] DEBUG e.s.d.m.manager.Manager.<init>(26) - Model repository manager initialization - SUCCESS
2017-04-10 15:18:57 [main] DEBUG e.s.d.m.manager.ManagerTest.createAdaptabilityModel(72) - Model created successfully (id = 94)
2017-04-10 15:18:57 [main] DEBUG e.s.d.m.m.d.DatabaseConnection.init(40) - Connecting to DB...
2017-04-10 15:18:57 [main] DEBUG e.s.d.m.m.d.DatabaseConnection.init(44) - Database connection - SUCCESS
2017-04-10 15:18:57 [main] DEBUG e.s.d.m.m.d.DatabaseController.<init>(41) - Database connection - SUCCESS
2017-04-10 15:18:57 [main] DEBUG e.s.d.m.manager.Manager.<init>(26) - Model repository manager initialization - SUCCESS
2017-04-10 15:18:57 [main] DEBUG e.s.d.m.manager.ManagerTest.createAndGetBaseModel(191) - Model created and retrieved successfully (id = 91)
2017-04-10 15:18:57 [main] DEBUG e.s.d.m.m.d.DatabaseConnection.init(40) - Connecting to DB...
2017-04-10 15:18:57 [main] DEBUG e.s.d.m.m.d.DatabaseConnection.init(44) - Database connection - SUCCESS
2017-04-10 15:18:57 [main] DEBUG e.s.d.m.m.d.DatabaseController.<init>(41) - Database connection - SUCCESS
2017-04-10 15:18:57 [main] DEBUG e.s.d.m.manager.Manager.<init>(26) - Model repository manager initialization - SUCCESS
2017-04-10 15:18:57 [main] DEBUG e.s.d.m.manager.ManagerTest.createAndDeleteModel(137) - Model created and deleted successfully (id = 95)
2017-04-10 15:18:57 [main] DEBUG e.s.d.m.m.d.DatabaseConnection.init(40) - Connecting to DB...
2017-04-10 15:18:57 [main] DEBUG e.s.d.m.m.d.DatabaseConnection.init(44) - Database connection - SUCCESS
2017-04-10 15:18:57 [main] DEBUG e.s.d.m.m.d.DatabaseController.<init>(41) - Database connection - SUCCESS
2017-04-10 15:18:57 [main] DEBUG e.s.d.m.manager.Manager.<init>(26) - Model repository manager initialization - SUCCESS
2017-04-10 15:18:58 [main] DEBUG e.s.d.m.m.d.DatabaseConnection.init(40) - Connecting to DB...
2017-04-10 15:18:58 [main] DEBUG e.s.d.m.m.d.DatabaseConnection.init(44) - Database connection - SUCCESS
2017-04-10 15:18:58 [main] DEBUG e.s.d.m.m.d.DatabaseController.<init>(41) - Database connection - SUCCESS
2017-04-10 15:18:58 [main] DEBUG e.s.d.m.manager.Manager.<init>(26) - Model repository manager initialization - SUCCESS
2017-04-10 15:18:58 [main] DEBUG e.s.d.m.manager.ManagerTest.createAndUpdateModel(166) - Model created and updated successfully (id = 93)
2017-04-10 15:18:58 [main] DEBUG e.s.d.m.m.d.DatabaseConnection.init(40) - Connecting to DB...
2017-04-10 15:18:58 [main] DEBUG e.s.d.m.m.d.DatabaseConnection.init(44) - Database connection - SUCCESS
2017-04-10 15:18:58 [main] DEBUG e.s.d.m.m.d.DatabaseController.<init>(41) - Database connection - SUCCESS
2017-04-10 15:18:58 [main] DEBUG e.s.d.m.manager.Manager.<init>(26) - Model repository manager initialization - SUCCESS
2017-04-10 15:18:58 [main] DEBUG e.s.d.m.manager.ManagerTest.createAndGetAdaptabilityModel(121) - Model created and retrieved successfully (id = 96)
2017-04-10 15:18:58 [main] DEBUG e.s.d.m.m.d.DatabaseConnection.init(40) - Connecting to DB...
2017-04-10 15:18:58 [main] DEBUG e.s.d.m.m.d.DatabaseConnection.init(44) - Database connection - SUCCESS
2017-04-10 15:18:58 [main] DEBUG e.s.d.m.m.d.DatabaseController.<init>(41) - Database connection - SUCCESS
2017-04-10 15:18:58 [main] DEBUG e.s.d.m.manager.Manager.<init>(26) - Model repository manager initialization - SUCCESS
2017-04-10 15:18:58 [main] DEBUG e.s.d.m.m.d.DatabaseConnection.init(40) - Connecting to DB...
2017-04-10 15:18:58 [main] DEBUG e.s.d.m.m.d.DatabaseConnection.init(44) - Database connection - SUCCESS
2017-04-10 15:18:58 [main] DEBUG e.s.d.m.m.d.DatabaseController.<init>(41) - Database connection - SUCCESS
2017-04-10 15:18:58 [main] DEBUG e.s.d.m.manager.Manager.<init>(26) - Model repository manager initialization - SUCCESS
2017-04-10 15:19:57 [main] DEBUG e.s.d.m.m.d.DatabaseConnection.init(40) - Connecting to DB...
2017-04-10 15:19:57 [main] DEBUG e.s.d.m.m.d.DatabaseConnection.init(44) - Database connection - SUCCESS
2017-04-10 15:19:57 [main] DEBUG e.s.d.m.manager.Manager.<init>(26) - Model repository manager initialization - SUCCESS
2017-04-10 15:19:58 [main] DEBUG e.s.d.m.manager.ManagerTest.createSetOfAdaptabilityModels(98) - Models created successfully (id list = 97/98/)
2017-04-10 15:19:58 [main] DEBUG e.s.d.m.m.d.DatabaseConnection.init(40) - Connecting to DB...
2017-04-10 15:19:58 [main] DEBUG e.s.d.m.m.d.DatabaseConnection.init(44) - Database connection - SUCCESS
2017-04-10 15:19:58 [main] DEBUG e.s.d.m.manager.Manager.<init>(26) - Model repository manager initialization - SUCCESS
2017-04-10 15:19:58 [main] DEBUG e.s.d.m.manager.ManagerTest.listAdaptabilityModels(51) - Number of AdaptabilityModels: 27
2017-04-10 15:19:58 [main] DEBUG e.s.d.m.manager.ManagerTest.listAdaptabilityModels(52) - 	Model id: 19
2017-04-10 15:19:58 [main] DEBUG e.s.d.m.manager.ManagerTest.listAdaptabilityModels(52) - 	Model id: 20
2017-04-10 15:19:58 [main] DEBUG e.s.d.m.manager.ManagerTest.listAdaptabilityModels(52) - 	Model id: 21
2017-04-10 15:19:58 [main] DEBUG e.s.d.m.manager.ManagerTest.listAdaptabilityModels(52) - 	Model id: 22
2017-04-10 15:19:58 [main] DEBUG e.s.d.m.manager.ManagerTest.listAdaptabilityModels(52) - 	Model id: 23
2017-04-10 15:19:58 [main] DEBUG e.s.d.m.manager.ManagerTest.listAdaptabilityModels(52) - 	Model id: 24
2017-04-10 15:19:58 [main] DEBUG e.s.d.m.manager.ManagerTest.listAdaptabilityModels(52) - 	Model id: 25
2017-04-10 15:19:58 [main] DEBUG e.s.d.m.manager.ManagerTest.listAdaptabilityModels(52) - 	Model id: 26
2017-04-10 15:19:58 [main] DEBUG e.s.d.m.manager.ManagerTest.listAdaptabilityModels(52) - 	Model id: 27
2017-04-10 15:19:58 [main] DEBUG e.s.d.m.manager.ManagerTest.listAdaptabilityModels(52) - 	Model id: 28
2017-04-10 15:19:58 [main] DEBUG e.s.d.m.manager.ManagerTest.listAdaptabilityModels(52) - 	Model id: 29
2017-04-10 15:19:58 [main] DEBUG e.s.d.m.manager.ManagerTest.listAdaptabilityModels(52) - 	Model id: 30
2017-04-10 15:19:58 [main] DEBUG e.s.d.m.manager.ManagerTest.listAdaptabilityModels(52) - 	Model id: 31
2017-04-10 15:19:58 [main] DEBUG e.s.d.m.manager.ManagerTest.listAdaptabilityModels(52) - 	Model id: 32
2017-04-10 15:19:58 [main] DEBUG e.s.d.m.manager.ManagerTest.listAdaptabilityModels(52) - 	Model id: 33
2017-04-10 15:19:58 [main] DEBUG e.s.d.m.manager.ManagerTest.listAdaptabilityModels(52) - 	Model id: 34
2017-04-10 15:19:58 [main] DEBUG e.s.d.m.manager.ManagerTest.listAdaptabilityModels(52) - 	Model id: 35
2017-04-10 15:19:58 [main] DEBUG e.s.d.m.manager.ManagerTest.listAdaptabilityModels(52) - 	Model id: 36
2017-04-10 15:19:58 [main] DEBUG e.s.d.m.manager.ManagerTest.listAdaptabilityModels(52) - 	Model id: 37
2017-04-10 15:19:58 [main] DEBUG e.s.d.m.manager.ManagerTest.listAdaptabilityModels(52) - 	Model id: 38
2017-04-10 15:19:58 [main] DEBUG e.s.d.m.manager.ManagerTest.listAdaptabilityModels(52) - 	Model id: 39
2017-04-10 15:19:58 [main] DEBUG e.s.d.m.manager.ManagerTest.listAdaptabilityModels(52) - 	Model id: 40
2017-04-10 15:19:58 [main] DEBUG e.s.d.m.manager.ManagerTest.listAdaptabilityModels(52) - 	Model id: 41
2017-04-10 15:19:58 [main] DEBUG e.s.d.m.manager.ManagerTest.listAdaptabilityModels(52) - 	Model id: 42
2017-04-10 15:19:58 [main] DEBUG e.s.d.m.manager.ManagerTest.listAdaptabilityModels(52) - 	Model id: 43
2017-04-10 15:19:58 [main] DEBUG e.s.d.m.manager.ManagerTest.listAdaptabilityModels(52) - 	Model id: 44
2017-04-10 15:19:58 [main] DEBUG e.s.d.m.manager.ManagerTest.listAdaptabilityModels(52) - 	Model id: 76
2017-04-10 15:19:58 [main] DEBUG e.s.d.m.m.d.DatabaseConnection.init(40) - Connecting to DB...
2017-04-10 15:19:58 [main] DEBUG e.s.d.m.m.d.DatabaseConnection.init(44) - Database connection - SUCCESS
2017-04-10 15:19:58 [main] DEBUG e.s.d.m.manager.Manager.<init>(26) - Model repository manager initialization - SUCCESS
2017-04-10 15:19:58 [main] DEBUG e.s.d.m.m.d.DatabaseConnection.init(40) - Connecting to DB...
2017-04-10 15:19:58 [main] DEBUG e.s.d.m.m.d.DatabaseConnection.init(44) - Database connection - SUCCESS
2017-04-10 15:19:58 [main] DEBUG e.s.d.m.manager.Manager.<init>(26) - Model repository manager initialization - SUCCESS
2017-04-10 15:19:58 [main] DEBUG e.s.d.m.manager.ManagerTest.createAdaptabilityModel(72) - Model created successfully (id = 99)
2017-04-10 15:19:58 [main] DEBUG e.s.d.m.m.d.DatabaseConnection.init(40) - Connecting to DB...
2017-04-10 15:19:58 [main] DEBUG e.s.d.m.m.d.DatabaseConnection.init(44) - Database connection - SUCCESS
2017-04-10 15:19:58 [main] DEBUG e.s.d.m.manager.Manager.<init>(26) - Model repository manager initialization - SUCCESS
2017-04-10 15:19:58 [main] DEBUG e.s.d.m.manager.ManagerTest.createAndGetBaseModel(191) - Model created and retrieved successfully (id = 96)
2017-04-10 15:19:58 [main] DEBUG e.s.d.m.m.d.DatabaseConnection.init(40) - Connecting to DB...
2017-04-10 15:19:58 [main] DEBUG e.s.d.m.m.d.DatabaseConnection.init(44) - Database connection - SUCCESS
2017-04-10 15:19:58 [main] DEBUG e.s.d.m.manager.Manager.<init>(26) - Model repository manager initialization - SUCCESS
2017-04-10 15:19:58 [main] DEBUG e.s.d.m.manager.ManagerTest.createAndDeleteModel(137) - Model created and deleted successfully (id = 100)
2017-04-10 15:19:59 [main] DEBUG e.s.d.m.m.d.DatabaseConnection.init(40) - Connecting to DB...
2017-04-10 15:19:59 [main] DEBUG e.s.d.m.m.d.DatabaseConnection.init(44) - Database connection - SUCCESS
2017-04-10 15:19:59 [main] DEBUG e.s.d.m.manager.Manager.<init>(26) - Model repository manager initialization - SUCCESS
2017-04-10 15:19:59 [main] DEBUG e.s.d.m.m.d.DatabaseConnection.init(40) - Connecting to DB...
2017-04-10 15:19:59 [main] DEBUG e.s.d.m.m.d.DatabaseConnection.init(44) - Database connection - SUCCESS
2017-04-10 15:19:59 [main] DEBUG e.s.d.m.manager.Manager.<init>(26) - Model repository manager initialization - SUCCESS
2017-04-10 15:19:59 [main] DEBUG e.s.d.m.manager.ManagerTest.createAndUpdateModel(166) - Model created and updated successfully (id = 98)
2017-04-10 15:19:59 [main] DEBUG e.s.d.m.m.d.DatabaseConnection.init(40) - Connecting to DB...
2017-04-10 15:19:59 [main] DEBUG e.s.d.m.m.d.DatabaseConnection.init(44) - Database connection - SUCCESS
2017-04-10 15:19:59 [main] DEBUG e.s.d.m.manager.Manager.<init>(26) - Model repository manager initialization - SUCCESS
2017-04-10 15:19:59 [main] DEBUG e.s.d.m.manager.ManagerTest.createAndGetAdaptabilityModel(121) - Model created and retrieved successfully (id = 101)
2017-04-10 15:19:59 [main] DEBUG e.s.d.m.m.d.DatabaseConnection.init(40) - Connecting to DB...
2017-04-10 15:19:59 [main] DEBUG e.s.d.m.m.d.DatabaseConnection.init(44) - Database connection - SUCCESS
2017-04-10 15:19:59 [main] DEBUG e.s.d.m.manager.Manager.<init>(26) - Model repository manager initialization - SUCCESS
2017-04-10 15:19:59 [main] DEBUG e.s.d.m.m.d.DatabaseConnection.init(40) - Connecting to DB...
2017-04-10 15:19:59 [main] DEBUG e.s.d.m.m.d.DatabaseConnection.init(44) - Database connection - SUCCESS
2017-04-10 15:19:59 [main] DEBUG e.s.d.m.manager.Manager.<init>(26) - Model repository manager initialization - SUCCESS
2017-04-10 15:50:54 [main] DEBUG e.s.d.m.m.d.DatabaseConnection.init(37) - Connecting to DB...
2017-04-10 15:50:54 [main] DEBUG e.s.d.m.m.d.DatabaseConnection.init(41) - Database connection - SUCCESS
2017-04-10 15:50:54 [main] DEBUG e.s.d.m.manager.Manager.<init>(26) - Model repository manager initialization - SUCCESS
2017-04-10 15:50:55 [main] DEBUG e.s.d.m.m.d.DatabaseConnection.init(37) - Connecting to DB...
2017-04-10 15:50:55 [main] DEBUG e.s.d.m.m.d.DatabaseConnection.init(41) - Database connection - SUCCESS
2017-04-10 15:50:55 [main] DEBUG e.s.d.m.manager.Manager.<init>(26) - Model repository manager initialization - SUCCESS
2017-04-10 15:50:55 [main] DEBUG e.s.d.m.m.d.DatabaseConnection.init(37) - Connecting to DB...
2017-04-10 15:50:55 [main] DEBUG e.s.d.m.m.d.DatabaseConnection.init(41) - Database connection - SUCCESS
2017-04-10 15:50:55 [main] DEBUG e.s.d.m.manager.Manager.<init>(26) - Model repository manager initialization - SUCCESS
2017-04-10 15:50:55 [main] DEBUG e.s.d.m.m.d.DatabaseConnection.init(37) - Connecting to DB...
2017-04-10 15:50:55 [main] DEBUG e.s.d.m.m.d.DatabaseConnection.init(41) - Database connection - SUCCESS
2017-04-10 15:50:55 [main] DEBUG e.s.d.m.manager.Manager.<init>(26) - Model repository manager initialization - SUCCESS
2017-04-10 15:50:55 [main] DEBUG e.s.d.m.m.d.DatabaseConnection.init(37) - Connecting to DB...
2017-04-10 15:50:55 [main] DEBUG e.s.d.m.m.d.DatabaseConnection.init(41) - Database connection - SUCCESS
2017-04-10 15:50:55 [main] DEBUG e.s.d.m.manager.Manager.<init>(26) - Model repository manager initialization - SUCCESS
2017-04-10 15:50:55 [main] DEBUG e.s.d.m.m.d.DatabaseConnection.init(37) - Connecting to DB...
2017-04-10 15:50:55 [main] DEBUG e.s.d.m.m.d.DatabaseConnection.init(41) - Database connection - SUCCESS
2017-04-10 15:50:55 [main] DEBUG e.s.d.m.manager.Manager.<init>(26) - Model repository manager initialization - SUCCESS
2017-04-10 15:50:55 [main] DEBUG e.s.d.m.m.d.DatabaseConnection.init(37) - Connecting to DB...
2017-04-10 15:50:55 [main] DEBUG e.s.d.m.m.d.DatabaseConnection.init(41) - Database connection - SUCCESS
2017-04-10 15:50:55 [main] DEBUG e.s.d.m.manager.Manager.<init>(26) - Model repository manager initialization - SUCCESS
2017-04-10 15:50:55 [main] DEBUG e.s.d.m.m.d.DatabaseConnection.init(37) - Connecting to DB...
2017-04-10 15:50:55 [main] DEBUG e.s.d.m.m.d.DatabaseConnection.init(41) - Database connection - SUCCESS
2017-04-10 15:50:55 [main] DEBUG e.s.d.m.manager.Manager.<init>(26) - Model repository manager initialization - SUCCESS
2017-04-10 15:50:55 [main] DEBUG e.s.d.m.m.d.DatabaseConnection.init(37) - Connecting to DB...
2017-04-10 15:50:55 [main] DEBUG e.s.d.m.m.d.DatabaseConnection.init(41) - Database connection - SUCCESS
2017-04-10 15:50:55 [main] DEBUG e.s.d.m.manager.Manager.<init>(26) - Model repository manager initialization - SUCCESS
2017-04-10 15:50:55 [main] DEBUG e.s.d.m.m.d.DatabaseConnection.init(37) - Connecting to DB...
2017-04-10 15:50:55 [main] DEBUG e.s.d.m.m.d.DatabaseConnection.init(41) - Database connection - SUCCESS
2017-04-10 15:50:55 [main] DEBUG e.s.d.m.manager.Manager.<init>(26) - Model repository manager initialization - SUCCESS
2017-04-10 15:50:55 [main] DEBUG e.s.d.m.m.d.DatabaseConnection.init(37) - Connecting to DB...
2017-04-10 15:50:55 [main] DEBUG e.s.d.m.m.d.DatabaseConnection.init(41) - Database connection - SUCCESS
2017-04-10 15:50:55 [main] DEBUG e.s.d.m.manager.Manager.<init>(26) - Model repository manager initialization - SUCCESS
2017-04-10 15:51:18 [main] DEBUG e.s.d.m.m.d.DatabaseConnection.init(37) - Connecting to DB...
2017-04-10 15:51:19 [main] DEBUG e.s.d.m.m.d.DatabaseConnection.init(41) - Database connection - SUCCESS
2017-04-10 15:51:19 [main] DEBUG e.s.d.m.manager.Manager.<init>(26) - Model repository manager initialization - SUCCESS
2017-04-10 15:51:19 [main] DEBUG e.s.d.m.m.d.DatabaseConnection.init(37) - Connecting to DB...
2017-04-10 15:51:19 [main] DEBUG e.s.d.m.m.d.DatabaseConnection.init(41) - Database connection - SUCCESS
2017-04-10 15:51:19 [main] DEBUG e.s.d.m.manager.Manager.<init>(26) - Model repository manager initialization - SUCCESS
2017-04-10 15:51:19 [main] DEBUG e.s.d.m.m.d.DatabaseConnection.init(37) - Connecting to DB...
2017-04-10 15:51:19 [main] DEBUG e.s.d.m.m.d.DatabaseConnection.init(41) - Database connection - SUCCESS
2017-04-10 15:51:19 [main] DEBUG e.s.d.m.manager.Manager.<init>(26) - Model repository manager initialization - SUCCESS
2017-04-10 15:51:19 [main] DEBUG e.s.d.m.m.d.DatabaseConnection.init(37) - Connecting to DB...
2017-04-10 15:51:19 [main] DEBUG e.s.d.m.m.d.DatabaseConnection.init(41) - Database connection - SUCCESS
2017-04-10 15:51:19 [main] DEBUG e.s.d.m.manager.Manager.<init>(26) - Model repository manager initialization - SUCCESS
2017-04-10 15:51:19 [main] DEBUG e.s.d.m.m.d.DatabaseConnection.init(37) - Connecting to DB...
2017-04-10 15:51:19 [main] DEBUG e.s.d.m.m.d.DatabaseConnection.init(41) - Database connection - SUCCESS
2017-04-10 15:51:19 [main] DEBUG e.s.d.m.manager.Manager.<init>(26) - Model repository manager initialization - SUCCESS
2017-04-10 15:51:19 [main] DEBUG e.s.d.m.m.d.DatabaseConnection.init(37) - Connecting to DB...
2017-04-10 15:51:19 [main] DEBUG e.s.d.m.m.d.DatabaseConnection.init(41) - Database connection - SUCCESS
2017-04-10 15:51:19 [main] DEBUG e.s.d.m.manager.Manager.<init>(26) - Model repository manager initialization - SUCCESS
2017-04-10 15:51:19 [main] DEBUG e.s.d.m.m.d.DatabaseConnection.init(37) - Connecting to DB...
2017-04-10 15:51:19 [main] DEBUG e.s.d.m.m.d.DatabaseConnection.init(41) - Database connection - SUCCESS
2017-04-10 15:51:19 [main] DEBUG e.s.d.m.manager.Manager.<init>(26) - Model repository manager initialization - SUCCESS
2017-04-10 15:51:19 [main] DEBUG e.s.d.m.m.d.DatabaseConnection.init(37) - Connecting to DB...
2017-04-10 15:51:19 [main] DEBUG e.s.d.m.m.d.DatabaseConnection.init(41) - Database connection - SUCCESS
2017-04-10 15:51:19 [main] DEBUG e.s.d.m.manager.Manager.<init>(26) - Model repository manager initialization - SUCCESS
2017-04-10 15:51:19 [main] DEBUG e.s.d.m.m.d.DatabaseConnection.init(37) - Connecting to DB...
2017-04-10 15:51:19 [main] DEBUG e.s.d.m.m.d.DatabaseConnection.init(41) - Database connection - SUCCESS
2017-04-10 15:51:19 [main] DEBUG e.s.d.m.manager.Manager.<init>(26) - Model repository manager initialization - SUCCESS
2017-04-10 15:51:19 [main] DEBUG e.s.d.m.m.d.DatabaseConnection.init(37) - Connecting to DB...
2017-04-10 15:51:19 [main] DEBUG e.s.d.m.m.d.DatabaseConnection.init(41) - Database connection - SUCCESS
2017-04-10 15:51:19 [main] DEBUG e.s.d.m.manager.Manager.<init>(26) - Model repository manager initialization - SUCCESS
2017-04-10 15:52:20 [main] DEBUG e.s.d.m.m.d.DatabaseConnection.init(37) - Connecting to DB...
2017-04-10 15:52:20 [main] DEBUG e.s.d.m.m.d.DatabaseConnection.init(41) - Database connection - SUCCESS
2017-04-10 15:52:20 [main] DEBUG e.s.d.m.manager.Manager.<init>(26) - Model repository manager initialization - SUCCESS
2017-04-10 15:52:20 [main] DEBUG e.s.d.m.manager.ManagerTest.createSetOfAdaptabilityModels(98) - Models created successfully (id list = 110/111/)
2017-04-10 15:52:20 [main] DEBUG e.s.d.m.m.d.DatabaseConnection.init(37) - Connecting to DB...
2017-04-10 15:52:20 [main] DEBUG e.s.d.m.m.d.DatabaseConnection.init(41) - Database connection - SUCCESS
2017-04-10 15:52:20 [main] DEBUG e.s.d.m.manager.Manager.<init>(26) - Model repository manager initialization - SUCCESS
2017-04-10 15:52:20 [main] DEBUG e.s.d.m.m.d.DatabaseConnection.init(37) - Connecting to DB...
2017-04-10 15:52:20 [main] DEBUG e.s.d.m.m.d.DatabaseConnection.init(41) - Database connection - SUCCESS
2017-04-10 15:52:20 [main] DEBUG e.s.d.m.manager.Manager.<init>(26) - Model repository manager initialization - SUCCESS
2017-04-10 15:52:21 [main] DEBUG e.s.d.m.m.d.DatabaseConnection.init(37) - Connecting to DB...
2017-04-10 15:52:21 [main] DEBUG e.s.d.m.m.d.DatabaseConnection.init(41) - Database connection - SUCCESS
2017-04-10 15:52:21 [main] DEBUG e.s.d.m.manager.Manager.<init>(26) - Model repository manager initialization - SUCCESS
2017-04-10 15:52:21 [main] DEBUG e.s.d.m.manager.ManagerTest.createAdaptabilityModel(72) - Model created successfully (id = 112)
2017-04-10 15:52:21 [main] DEBUG e.s.d.m.m.d.DatabaseConnection.init(37) - Connecting to DB...
2017-04-10 15:52:21 [main] DEBUG e.s.d.m.m.d.DatabaseConnection.init(41) - Database connection - SUCCESS
2017-04-10 15:52:21 [main] DEBUG e.s.d.m.manager.Manager.<init>(26) - Model repository manager initialization - SUCCESS
2017-04-10 15:52:21 [main] DEBUG e.s.d.m.m.d.DatabaseConnection.init(37) - Connecting to DB...
2017-04-10 15:52:21 [main] DEBUG e.s.d.m.m.d.DatabaseConnection.init(41) - Database connection - SUCCESS
2017-04-10 15:52:21 [main] DEBUG e.s.d.m.manager.Manager.<init>(26) - Model repository manager initialization - SUCCESS
2017-04-10 15:52:21 [main] DEBUG e.s.d.m.m.d.DatabaseConnection.init(37) - Connecting to DB...
2017-04-10 15:52:21 [main] DEBUG e.s.d.m.m.d.DatabaseConnection.init(41) - Database connection - SUCCESS
2017-04-10 15:52:21 [main] DEBUG e.s.d.m.manager.Manager.<init>(26) - Model repository manager initialization - SUCCESS
2017-04-10 15:52:21 [main] DEBUG e.s.d.m.m.d.DatabaseConnection.init(37) - Connecting to DB...
2017-04-10 15:52:21 [main] DEBUG e.s.d.m.m.d.DatabaseConnection.init(41) - Database connection - SUCCESS
2017-04-10 15:52:21 [main] DEBUG e.s.d.m.manager.Manager.<init>(26) - Model repository manager initialization - SUCCESS
2017-04-10 15:52:21 [main] DEBUG e.s.d.m.m.d.DatabaseConnection.init(37) - Connecting to DB...
2017-04-10 15:52:21 [main] DEBUG e.s.d.m.m.d.DatabaseConnection.init(41) - Database connection - SUCCESS
2017-04-10 15:52:21 [main] DEBUG e.s.d.m.manager.Manager.<init>(26) - Model repository manager initialization - SUCCESS
2017-04-10 15:52:21 [main] DEBUG e.s.d.m.m.d.DatabaseConnection.init(37) - Connecting to DB...
2017-04-10 15:52:21 [main] DEBUG e.s.d.m.m.d.DatabaseConnection.init(41) - Database connection - SUCCESS
2017-04-10 15:52:21 [main] DEBUG e.s.d.m.manager.Manager.<init>(26) - Model repository manager initialization - SUCCESS
2017-04-10 15:53:01 [main] DEBUG e.s.d.m.m.d.DatabaseConnection.init(37) - Connecting to DB...
2017-04-10 15:53:01 [main] DEBUG e.s.d.m.m.d.DatabaseConnection.init(41) - Database connection - SUCCESS
2017-04-10 15:53:01 [main] DEBUG e.s.d.m.manager.Manager.<init>(26) - Model repository manager initialization - SUCCESS
2017-04-10 15:53:01 [main] DEBUG e.s.d.m.manager.ManagerTest.createSetOfAdaptabilityModels(98) - Models created successfully (id list = 115/116/)
2017-04-10 15:53:01 [main] DEBUG e.s.d.m.m.d.DatabaseConnection.init(37) - Connecting to DB...
2017-04-10 15:53:01 [main] DEBUG e.s.d.m.m.d.DatabaseConnection.init(41) - Database connection - SUCCESS
2017-04-10 15:53:01 [main] DEBUG e.s.d.m.manager.Manager.<init>(26) - Model repository manager initialization - SUCCESS
2017-04-10 15:53:01 [main] DEBUG e.s.d.m.m.d.DatabaseConnection.init(37) - Connecting to DB...
2017-04-10 15:53:01 [main] DEBUG e.s.d.m.m.d.DatabaseConnection.init(41) - Database connection - SUCCESS
2017-04-10 15:53:01 [main] DEBUG e.s.d.m.manager.Manager.<init>(26) - Model repository manager initialization - SUCCESS
2017-04-10 15:53:02 [main] DEBUG e.s.d.m.m.d.DatabaseConnection.init(37) - Connecting to DB...
2017-04-10 15:53:02 [main] DEBUG e.s.d.m.m.d.DatabaseConnection.init(41) - Database connection - SUCCESS
2017-04-10 15:53:02 [main] DEBUG e.s.d.m.manager.Manager.<init>(26) - Model repository manager initialization - SUCCESS
2017-04-10 15:53:02 [main] DEBUG e.s.d.m.manager.ManagerTest.createAdaptabilityModel(72) - Model created successfully (id = 117)
2017-04-10 15:53:02 [main] DEBUG e.s.d.m.m.d.DatabaseConnection.init(37) - Connecting to DB...
2017-04-10 15:53:02 [main] DEBUG e.s.d.m.m.d.DatabaseConnection.init(41) - Database connection - SUCCESS
2017-04-10 15:53:02 [main] DEBUG e.s.d.m.manager.Manager.<init>(26) - Model repository manager initialization - SUCCESS
2017-04-10 15:53:02 [main] DEBUG e.s.d.m.manager.ManagerTest.createAndGetBaseModel(191) - Model created and retrieved successfully (id = 116)
2017-04-10 15:53:02 [main] DEBUG e.s.d.m.m.d.DatabaseConnection.init(37) - Connecting to DB...
2017-04-10 15:53:02 [main] DEBUG e.s.d.m.m.d.DatabaseConnection.init(41) - Database connection - SUCCESS
2017-04-10 15:53:02 [main] DEBUG e.s.d.m.manager.Manager.<init>(26) - Model repository manager initialization - SUCCESS
2017-04-10 15:53:02 [main] DEBUG e.s.d.m.m.d.DatabaseConnection.init(37) - Connecting to DB...
2017-04-10 15:53:02 [main] DEBUG e.s.d.m.m.d.DatabaseConnection.init(41) - Database connection - SUCCESS
2017-04-10 15:53:02 [main] DEBUG e.s.d.m.manager.Manager.<init>(26) - Model repository manager initialization - SUCCESS
2017-04-10 15:53:02 [main] DEBUG e.s.d.m.m.d.DatabaseConnection.init(37) - Connecting to DB...
2017-04-10 15:53:02 [main] DEBUG e.s.d.m.m.d.DatabaseConnection.init(41) - Database connection - SUCCESS
2017-04-10 15:53:02 [main] DEBUG e.s.d.m.manager.Manager.<init>(26) - Model repository manager initialization - SUCCESS
2017-04-10 15:53:02 [main] DEBUG e.s.d.m.manager.ManagerTest.createAndUpdateModel(166) - Model created and updated successfully (id = 118)
2017-04-10 15:53:02 [main] DEBUG e.s.d.m.m.d.DatabaseConnection.init(37) - Connecting to DB...
2017-04-10 15:53:02 [main] DEBUG e.s.d.m.m.d.DatabaseConnection.init(41) - Database connection - SUCCESS
2017-04-10 15:53:02 [main] DEBUG e.s.d.m.manager.Manager.<init>(26) - Model repository manager initialization - SUCCESS
2017-04-10 15:53:02 [main] DEBUG e.s.d.m.manager.ManagerTest.createAndGetAdaptabilityModel(121) - Model created and retrieved successfully (id = 119)
2017-04-10 15:53:02 [main] DEBUG e.s.d.m.m.d.DatabaseConnection.init(37) - Connecting to DB...
2017-04-10 15:53:02 [main] DEBUG e.s.d.m.m.d.DatabaseConnection.init(41) - Database connection - SUCCESS
2017-04-10 15:53:02 [main] DEBUG e.s.d.m.manager.Manager.<init>(26) - Model repository manager initialization - SUCCESS
2017-04-10 15:53:27 [main] DEBUG e.s.d.m.m.d.DatabaseConnection.init(37) - Connecting to DB...
2017-04-10 15:53:28 [main] DEBUG e.s.d.m.m.d.DatabaseConnection.init(41) - Database connection - SUCCESS
2017-04-10 15:53:28 [main] DEBUG e.s.d.m.manager.Manager.<init>(26) - Model repository manager initialization - SUCCESS
2017-04-10 15:53:28 [main] DEBUG e.s.d.m.manager.ManagerTest.createSetOfAdaptabilityModels(98) - Models created successfully (id list = 120/121/)
2017-04-10 15:53:28 [main] DEBUG e.s.d.m.m.d.DatabaseConnection.init(37) - Connecting to DB...
2017-04-10 15:53:28 [main] DEBUG e.s.d.m.m.d.DatabaseConnection.init(41) - Database connection - SUCCESS
2017-04-10 15:53:28 [main] DEBUG e.s.d.m.manager.Manager.<init>(26) - Model repository manager initialization - SUCCESS
2017-04-10 15:53:28 [main] DEBUG e.s.d.m.manager.ManagerTest.listAdaptabilityModels(51) - Number of AdaptabilityModels: 47
2017-04-10 15:53:28 [main] DEBUG e.s.d.m.manager.ManagerTest.listAdaptabilityModels(52) - 	Model id: 19
2017-04-10 15:53:28 [main] DEBUG e.s.d.m.manager.ManagerTest.listAdaptabilityModels(52) - 	Model id: 20
2017-04-10 15:53:28 [main] DEBUG e.s.d.m.manager.ManagerTest.listAdaptabilityModels(52) - 	Model id: 21
2017-04-10 15:53:28 [main] DEBUG e.s.d.m.manager.ManagerTest.listAdaptabilityModels(52) - 	Model id: 22
2017-04-10 15:53:28 [main] DEBUG e.s.d.m.manager.ManagerTest.listAdaptabilityModels(52) - 	Model id: 23
2017-04-10 15:53:28 [main] DEBUG e.s.d.m.manager.ManagerTest.listAdaptabilityModels(52) - 	Model id: 24
2017-04-10 15:53:28 [main] DEBUG e.s.d.m.manager.ManagerTest.listAdaptabilityModels(52) - 	Model id: 25
2017-04-10 15:53:28 [main] DEBUG e.s.d.m.manager.ManagerTest.listAdaptabilityModels(52) - 	Model id: 26
2017-04-10 15:53:28 [main] DEBUG e.s.d.m.manager.ManagerTest.listAdaptabilityModels(52) - 	Model id: 27
2017-04-10 15:53:28 [main] DEBUG e.s.d.m.manager.ManagerTest.listAdaptabilityModels(52) - 	Model id: 28
2017-04-10 15:53:28 [main] DEBUG e.s.d.m.manager.ManagerTest.listAdaptabilityModels(52) - 	Model id: 29
2017-04-10 15:53:28 [main] DEBUG e.s.d.m.manager.ManagerTest.listAdaptabilityModels(52) - 	Model id: 30
2017-04-10 15:53:28 [main] DEBUG e.s.d.m.manager.ManagerTest.listAdaptabilityModels(52) - 	Model id: 31
2017-04-10 15:53:28 [main] DEBUG e.s.d.m.manager.ManagerTest.listAdaptabilityModels(52) - 	Model id: 32
2017-04-10 15:53:28 [main] DEBUG e.s.d.m.manager.ManagerTest.listAdaptabilityModels(52) - 	Model id: 33
2017-04-10 15:53:28 [main] DEBUG e.s.d.m.manager.ManagerTest.listAdaptabilityModels(52) - 	Model id: 34
2017-04-10 15:53:28 [main] DEBUG e.s.d.m.manager.ManagerTest.listAdaptabilityModels(52) - 	Model id: 35
2017-04-10 15:53:28 [main] DEBUG e.s.d.m.manager.ManagerTest.listAdaptabilityModels(52) - 	Model id: 36
2017-04-10 15:53:28 [main] DEBUG e.s.d.m.manager.ManagerTest.listAdaptabilityModels(52) - 	Model id: 37
2017-04-10 15:53:28 [main] DEBUG e.s.d.m.manager.ManagerTest.listAdaptabilityModels(52) - 	Model id: 38
2017-04-10 15:53:28 [main] DEBUG e.s.d.m.manager.ManagerTest.listAdaptabilityModels(52) - 	Model id: 39
2017-04-10 15:53:28 [main] DEBUG e.s.d.m.manager.ManagerTest.listAdaptabilityModels(52) - 	Model id: 40
2017-04-10 15:53:28 [main] DEBUG e.s.d.m.manager.ManagerTest.listAdaptabilityModels(52) - 	Model id: 41
2017-04-10 15:53:28 [main] DEBUG e.s.d.m.manager.ManagerTest.listAdaptabilityModels(52) - 	Model id: 42
2017-04-10 15:53:28 [main] DEBUG e.s.d.m.manager.ManagerTest.listAdaptabilityModels(52) - 	Model id: 43
2017-04-10 15:53:28 [main] DEBUG e.s.d.m.manager.ManagerTest.listAdaptabilityModels(52) - 	Model id: 44
2017-04-10 15:53:28 [main] DEBUG e.s.d.m.manager.ManagerTest.listAdaptabilityModels(52) - 	Model id: 76
2017-04-10 15:53:28 [main] DEBUG e.s.d.m.manager.ManagerTest.listAdaptabilityModels(52) - 	Model id: 102
2017-04-10 15:53:28 [main] DEBUG e.s.d.m.manager.ManagerTest.listAdaptabilityModels(52) - 	Model id: 103
2017-04-10 15:53:28 [main] DEBUG e.s.d.m.manager.ManagerTest.listAdaptabilityModels(52) - 	Model id: 104
2017-04-10 15:53:28 [main] DEBUG e.s.d.m.manager.ManagerTest.listAdaptabilityModels(52) - 	Model id: 105
2017-04-10 15:53:28 [main] DEBUG e.s.d.m.manager.ManagerTest.listAdaptabilityModels(52) - 	Model id: 106
2017-04-10 15:53:28 [main] DEBUG e.s.d.m.manager.ManagerTest.listAdaptabilityModels(52) - 	Model id: 107
2017-04-10 15:53:28 [main] DEBUG e.s.d.m.manager.ManagerTest.listAdaptabilityModels(52) - 	Model id: 108
2017-04-10 15:53:28 [main] DEBUG e.s.d.m.manager.ManagerTest.listAdaptabilityModels(52) - 	Model id: 109
2017-04-10 15:53:28 [main] DEBUG e.s.d.m.manager.ManagerTest.listAdaptabilityModels(52) - 	Model id: 110
2017-04-10 15:53:28 [main] DEBUG e.s.d.m.manager.ManagerTest.listAdaptabilityModels(52) - 	Model id: 111
2017-04-10 15:53:28 [main] DEBUG e.s.d.m.manager.ManagerTest.listAdaptabilityModels(52) - 	Model id: 112
2017-04-10 15:53:28 [main] DEBUG e.s.d.m.manager.ManagerTest.listAdaptabilityModels(52) - 	Model id: 113
2017-04-10 15:53:28 [main] DEBUG e.s.d.m.manager.ManagerTest.listAdaptabilityModels(52) - 	Model id: 114
2017-04-10 15:53:28 [main] DEBUG e.s.d.m.manager.ManagerTest.listAdaptabilityModels(52) - 	Model id: 115
2017-04-10 15:53:28 [main] DEBUG e.s.d.m.manager.ManagerTest.listAdaptabilityModels(52) - 	Model id: 116
2017-04-10 15:53:28 [main] DEBUG e.s.d.m.manager.ManagerTest.listAdaptabilityModels(52) - 	Model id: 117
2017-04-10 15:53:28 [main] DEBUG e.s.d.m.manager.ManagerTest.listAdaptabilityModels(52) - 	Model id: 118
2017-04-10 15:53:28 [main] DEBUG e.s.d.m.manager.ManagerTest.listAdaptabilityModels(52) - 	Model id: 119
2017-04-10 15:53:28 [main] DEBUG e.s.d.m.manager.ManagerTest.listAdaptabilityModels(52) - 	Model id: 120
2017-04-10 15:53:28 [main] DEBUG e.s.d.m.manager.ManagerTest.listAdaptabilityModels(52) - 	Model id: 121
2017-04-10 15:53:28 [main] DEBUG e.s.d.m.m.d.DatabaseConnection.init(37) - Connecting to DB...
2017-04-10 15:53:28 [main] DEBUG e.s.d.m.m.d.DatabaseConnection.init(41) - Database connection - SUCCESS
2017-04-10 15:53:28 [main] DEBUG e.s.d.m.manager.Manager.<init>(26) - Model repository manager initialization - SUCCESS
2017-04-10 15:53:28 [main] DEBUG e.s.d.m.m.d.DatabaseConnection.init(37) - Connecting to DB...
2017-04-10 15:53:28 [main] DEBUG e.s.d.m.m.d.DatabaseConnection.init(41) - Database connection - SUCCESS
2017-04-10 15:53:28 [main] DEBUG e.s.d.m.manager.Manager.<init>(26) - Model repository manager initialization - SUCCESS
2017-04-10 15:53:28 [main] DEBUG e.s.d.m.manager.ManagerTest.createAdaptabilityModel(72) - Model created successfully (id = 122)
2017-04-10 15:53:28 [main] DEBUG e.s.d.m.m.d.DatabaseConnection.init(37) - Connecting to DB...
2017-04-10 15:53:28 [main] DEBUG e.s.d.m.m.d.DatabaseConnection.init(41) - Database connection - SUCCESS
2017-04-10 15:53:28 [main] DEBUG e.s.d.m.manager.Manager.<init>(26) - Model repository manager initialization - SUCCESS
2017-04-10 15:53:28 [main] DEBUG e.s.d.m.manager.ManagerTest.createAndGetBaseModel(191) - Model created and retrieved successfully (id = 121)
2017-04-10 15:53:28 [main] DEBUG e.s.d.m.m.d.DatabaseConnection.init(37) - Connecting to DB...
2017-04-10 15:53:28 [main] DEBUG e.s.d.m.m.d.DatabaseConnection.init(41) - Database connection - SUCCESS
2017-04-10 15:53:28 [main] DEBUG e.s.d.m.manager.Manager.<init>(26) - Model repository manager initialization - SUCCESS
2017-04-10 15:53:29 [main] DEBUG e.s.d.m.m.d.DatabaseConnection.init(37) - Connecting to DB...
2017-04-10 15:53:29 [main] DEBUG e.s.d.m.m.d.DatabaseConnection.init(41) - Database connection - SUCCESS
2017-04-10 15:53:29 [main] DEBUG e.s.d.m.manager.Manager.<init>(26) - Model repository manager initialization - SUCCESS
2017-04-10 15:53:29 [main] DEBUG e.s.d.m.m.d.DatabaseConnection.init(37) - Connecting to DB...
2017-04-10 15:53:29 [main] DEBUG e.s.d.m.m.d.DatabaseConnection.init(41) - Database connection - SUCCESS
2017-04-10 15:53:29 [main] DEBUG e.s.d.m.manager.Manager.<init>(26) - Model repository manager initialization - SUCCESS
2017-04-10 15:53:29 [main] DEBUG e.s.d.m.manager.ManagerTest.createAndUpdateModel(166) - Model created and updated successfully (id = 123)
2017-04-10 15:53:29 [main] DEBUG e.s.d.m.m.d.DatabaseConnection.init(37) - Connecting to DB...
2017-04-10 15:53:29 [main] DEBUG e.s.d.m.m.d.DatabaseConnection.init(41) - Database connection - SUCCESS
2017-04-10 15:53:29 [main] DEBUG e.s.d.m.manager.Manager.<init>(26) - Model repository manager initialization - SUCCESS
2017-04-10 15:53:29 [main] DEBUG e.s.d.m.manager.ManagerTest.createAndGetAdaptabilityModel(121) - Model created and retrieved successfully (id = 124)
2017-04-10 15:53:29 [main] DEBUG e.s.d.m.m.d.DatabaseConnection.init(37) - Connecting to DB...
2017-04-10 15:53:29 [main] DEBUG e.s.d.m.m.d.DatabaseConnection.init(41) - Database connection - SUCCESS
2017-04-10 15:53:29 [main] DEBUG e.s.d.m.manager.Manager.<init>(26) - Model repository manager initialization - SUCCESS
2017-04-10 15:53:55 [main] DEBUG e.s.d.m.m.d.DatabaseConnection.init(37) - Connecting to DB...
2017-04-10 15:53:55 [main] DEBUG e.s.d.m.m.d.DatabaseConnection.init(41) - Database connection - SUCCESS
2017-04-10 15:53:55 [main] DEBUG e.s.d.m.manager.Manager.<init>(26) - Model repository manager initialization - SUCCESS
2017-04-10 15:53:56 [main] DEBUG e.s.d.m.manager.ManagerTest.createSetOfAdaptabilityModels(98) - Models created successfully (id list = 125/126/)
2017-04-10 15:53:56 [main] DEBUG e.s.d.m.m.d.DatabaseConnection.init(37) - Connecting to DB...
2017-04-10 15:53:56 [main] DEBUG e.s.d.m.m.d.DatabaseConnection.init(41) - Database connection - SUCCESS
2017-04-10 15:53:56 [main] DEBUG e.s.d.m.manager.Manager.<init>(26) - Model repository manager initialization - SUCCESS
2017-04-10 15:53:56 [main] DEBUG e.s.d.m.manager.ManagerTest.listAdaptabilityModels(51) - Number of AdaptabilityModels: 50
2017-04-10 15:53:56 [main] DEBUG e.s.d.m.manager.ManagerTest.listAdaptabilityModels(52) - 	Model id: 19
2017-04-10 15:53:56 [main] DEBUG e.s.d.m.manager.ManagerTest.listAdaptabilityModels(52) - 	Model id: 20
2017-04-10 15:53:56 [main] DEBUG e.s.d.m.manager.ManagerTest.listAdaptabilityModels(52) - 	Model id: 21
2017-04-10 15:53:56 [main] DEBUG e.s.d.m.manager.ManagerTest.listAdaptabilityModels(52) - 	Model id: 22
2017-04-10 15:53:56 [main] DEBUG e.s.d.m.manager.ManagerTest.listAdaptabilityModels(52) - 	Model id: 23
2017-04-10 15:53:56 [main] DEBUG e.s.d.m.manager.ManagerTest.listAdaptabilityModels(52) - 	Model id: 24
2017-04-10 15:53:56 [main] DEBUG e.s.d.m.manager.ManagerTest.listAdaptabilityModels(52) - 	Model id: 25
2017-04-10 15:53:56 [main] DEBUG e.s.d.m.manager.ManagerTest.listAdaptabilityModels(52) - 	Model id: 26
2017-04-10 15:53:56 [main] DEBUG e.s.d.m.manager.ManagerTest.listAdaptabilityModels(52) - 	Model id: 27
2017-04-10 15:53:56 [main] DEBUG e.s.d.m.manager.ManagerTest.listAdaptabilityModels(52) - 	Model id: 28
2017-04-10 15:53:56 [main] DEBUG e.s.d.m.manager.ManagerTest.listAdaptabilityModels(52) - 	Model id: 29
2017-04-10 15:53:56 [main] DEBUG e.s.d.m.manager.ManagerTest.listAdaptabilityModels(52) - 	Model id: 30
2017-04-10 15:53:56 [main] DEBUG e.s.d.m.manager.ManagerTest.listAdaptabilityModels(52) - 	Model id: 31
2017-04-10 15:53:56 [main] DEBUG e.s.d.m.manager.ManagerTest.listAdaptabilityModels(52) - 	Model id: 32
2017-04-10 15:53:56 [main] DEBUG e.s.d.m.manager.ManagerTest.listAdaptabilityModels(52) - 	Model id: 33
2017-04-10 15:53:56 [main] DEBUG e.s.d.m.manager.ManagerTest.listAdaptabilityModels(52) - 	Model id: 34
2017-04-10 15:53:56 [main] DEBUG e.s.d.m.manager.ManagerTest.listAdaptabilityModels(52) - 	Model id: 35
2017-04-10 15:53:56 [main] DEBUG e.s.d.m.manager.ManagerTest.listAdaptabilityModels(52) - 	Model id: 36
2017-04-10 15:53:56 [main] DEBUG e.s.d.m.manager.ManagerTest.listAdaptabilityModels(52) - 	Model id: 37
2017-04-10 15:53:56 [main] DEBUG e.s.d.m.manager.ManagerTest.listAdaptabilityModels(52) - 	Model id: 38
2017-04-10 15:53:56 [main] DEBUG e.s.d.m.manager.ManagerTest.listAdaptabilityModels(52) - 	Model id: 39
2017-04-10 15:53:56 [main] DEBUG e.s.d.m.manager.ManagerTest.listAdaptabilityModels(52) - 	Model id: 40
2017-04-10 15:53:56 [main] DEBUG e.s.d.m.manager.ManagerTest.listAdaptabilityModels(52) - 	Model id: 41
2017-04-10 15:53:56 [main] DEBUG e.s.d.m.manager.ManagerTest.listAdaptabilityModels(52) - 	Model id: 42
2017-04-10 15:53:56 [main] DEBUG e.s.d.m.manager.ManagerTest.listAdaptabilityModels(52) - 	Model id: 43
2017-04-10 15:53:56 [main] DEBUG e.s.d.m.manager.ManagerTest.listAdaptabilityModels(52) - 	Model id: 44
2017-04-10 15:53:56 [main] DEBUG e.s.d.m.manager.ManagerTest.listAdaptabilityModels(52) - 	Model id: 76
2017-04-10 15:53:56 [main] DEBUG e.s.d.m.manager.ManagerTest.listAdaptabilityModels(52) - 	Model id: 102
2017-04-10 15:53:56 [main] DEBUG e.s.d.m.manager.ManagerTest.listAdaptabilityModels(52) - 	Model id: 103
2017-04-10 15:53:56 [main] DEBUG e.s.d.m.manager.ManagerTest.listAdaptabilityModels(52) - 	Model id: 104
2017-04-10 15:53:56 [main] DEBUG e.s.d.m.manager.ManagerTest.listAdaptabilityModels(52) - 	Model id: 105
2017-04-10 15:53:56 [main] DEBUG e.s.d.m.manager.ManagerTest.listAdaptabilityModels(52) - 	Model id: 106
2017-04-10 15:53:56 [main] DEBUG e.s.d.m.manager.ManagerTest.listAdaptabilityModels(52) - 	Model id: 107
2017-04-10 15:53:56 [main] DEBUG e.s.d.m.manager.ManagerTest.listAdaptabilityModels(52) - 	Model id: 108
2017-04-10 15:53:56 [main] DEBUG e.s.d.m.manager.ManagerTest.listAdaptabilityModels(52) - 	Model id: 109
2017-04-10 15:53:56 [main] DEBUG e.s.d.m.manager.ManagerTest.listAdaptabilityModels(52) - 	Model id: 110
2017-04-10 15:53:56 [main] DEBUG e.s.d.m.manager.ManagerTest.listAdaptabilityModels(52) - 	Model id: 111
2017-04-10 15:53:56 [main] DEBUG e.s.d.m.manager.ManagerTest.listAdaptabilityModels(52) - 	Model id: 112
2017-04-10 15:53:56 [main] DEBUG e.s.d.m.manager.ManagerTest.listAdaptabilityModels(52) - 	Model id: 113
2017-04-10 15:53:56 [main] DEBUG e.s.d.m.manager.ManagerTest.listAdaptabilityModels(52) - 	Model id: 114
2017-04-10 15:53:56 [main] DEBUG e.s.d.m.manager.ManagerTest.listAdaptabilityModels(52) - 	Model id: 115
2017-04-10 15:53:56 [main] DEBUG e.s.d.m.manager.ManagerTest.listAdaptabilityModels(52) - 	Model id: 116
2017-04-10 15:53:56 [main] DEBUG e.s.d.m.manager.ManagerTest.listAdaptabilityModels(52) - 	Model id: 117
2017-04-10 15:53:56 [main] DEBUG e.s.d.m.manager.ManagerTest.listAdaptabilityModels(52) - 	Model id: 118
2017-04-10 15:53:56 [main] DEBUG e.s.d.m.manager.ManagerTest.listAdaptabilityModels(52) - 	Model id: 119
2017-04-10 15:53:56 [main] DEBUG e.s.d.m.manager.ManagerTest.listAdaptabilityModels(52) - 	Model id: 120
2017-04-10 15:53:56 [main] DEBUG e.s.d.m.manager.ManagerTest.listAdaptabilityModels(52) - 	Model id: 121
2017-04-10 15:53:56 [main] DEBUG e.s.d.m.manager.ManagerTest.listAdaptabilityModels(52) - 	Model id: 122
2017-04-10 15:53:56 [main] DEBUG e.s.d.m.manager.ManagerTest.listAdaptabilityModels(52) - 	Model id: 123
2017-04-10 15:53:56 [main] DEBUG e.s.d.m.manager.ManagerTest.listAdaptabilityModels(52) - 	Model id: 124
2017-04-10 15:53:56 [main] DEBUG e.s.d.m.m.d.DatabaseConnection.init(37) - Connecting to DB...
2017-04-10 15:53:56 [main] DEBUG e.s.d.m.m.d.DatabaseConnection.init(41) - Database connection - SUCCESS
2017-04-10 15:53:56 [main] DEBUG e.s.d.m.manager.Manager.<init>(26) - Model repository manager initialization - SUCCESS
2017-04-10 15:53:56 [main] DEBUG e.s.d.m.m.d.DatabaseConnection.init(37) - Connecting to DB...
2017-04-10 15:53:56 [main] DEBUG e.s.d.m.m.d.DatabaseConnection.init(41) - Database connection - SUCCESS
2017-04-10 15:53:56 [main] DEBUG e.s.d.m.manager.Manager.<init>(26) - Model repository manager initialization - SUCCESS
2017-04-10 15:53:56 [main] DEBUG e.s.d.m.manager.ManagerTest.createAdaptabilityModel(72) - Model created successfully (id = 127)
2017-04-10 15:53:56 [main] DEBUG e.s.d.m.m.d.DatabaseConnection.init(37) - Connecting to DB...
2017-04-10 15:53:56 [main] DEBUG e.s.d.m.m.d.DatabaseConnection.init(41) - Database connection - SUCCESS
2017-04-10 15:53:56 [main] DEBUG e.s.d.m.manager.Manager.<init>(26) - Model repository manager initialization - SUCCESS
2017-04-10 15:53:56 [main] DEBUG e.s.d.m.manager.ManagerTest.createAndGetBaseModel(191) - Model created and retrieved successfully (id = 126)
2017-04-10 15:53:56 [main] DEBUG e.s.d.m.m.d.DatabaseConnection.init(37) - Connecting to DB...
2017-04-10 15:53:56 [main] DEBUG e.s.d.m.m.d.DatabaseConnection.init(41) - Database connection - SUCCESS
2017-04-10 15:53:56 [main] DEBUG e.s.d.m.manager.Manager.<init>(26) - Model repository manager initialization - SUCCESS
2017-04-10 15:53:56 [main] DEBUG e.s.d.m.manager.ManagerTest.createAndDeleteModel(137) - Model created and deleted successfully (id = 128)
2017-04-10 15:53:56 [main] DEBUG e.s.d.m.m.d.DatabaseConnection.init(37) - Connecting to DB...
2017-04-10 15:53:56 [main] DEBUG e.s.d.m.m.d.DatabaseConnection.init(41) - Database connection - SUCCESS
2017-04-10 15:53:56 [main] DEBUG e.s.d.m.manager.Manager.<init>(26) - Model repository manager initialization - SUCCESS
2017-04-10 15:53:57 [main] DEBUG e.s.d.m.m.d.DatabaseConnection.init(37) - Connecting to DB...
2017-04-10 15:53:57 [main] DEBUG e.s.d.m.m.d.DatabaseConnection.init(41) - Database connection - SUCCESS
2017-04-10 15:53:57 [main] DEBUG e.s.d.m.manager.Manager.<init>(26) - Model repository manager initialization - SUCCESS
2017-04-10 15:53:57 [main] DEBUG e.s.d.m.manager.ManagerTest.createAndUpdateModel(166) - Model created and updated successfully (id = 128)
2017-04-10 15:53:57 [main] DEBUG e.s.d.m.m.d.DatabaseConnection.init(37) - Connecting to DB...
2017-04-10 15:53:57 [main] DEBUG e.s.d.m.m.d.DatabaseConnection.init(41) - Database connection - SUCCESS
2017-04-10 15:53:57 [main] DEBUG e.s.d.m.manager.Manager.<init>(26) - Model repository manager initialization - SUCCESS
2017-04-10 15:53:57 [main] DEBUG e.s.d.m.manager.ManagerTest.createAndGetAdaptabilityModel(121) - Model created and retrieved successfully (id = 129)
2017-04-10 15:53:57 [main] DEBUG e.s.d.m.m.d.DatabaseConnection.init(37) - Connecting to DB...
2017-04-10 15:53:57 [main] DEBUG e.s.d.m.m.d.DatabaseConnection.init(41) - Database connection - SUCCESS
2017-04-10 15:53:57 [main] DEBUG e.s.d.m.manager.Manager.<init>(26) - Model repository manager initialization - SUCCESS
2017-04-10 15:55:24 [main] DEBUG e.s.d.m.m.d.DatabaseConnection.init(37) - Connecting to DB...
2017-04-10 15:55:24 [main] DEBUG e.s.d.m.m.d.DatabaseConnection.init(41) - Database connection - SUCCESS
2017-04-10 15:55:24 [main] DEBUG e.s.d.m.manager.Manager.<init>(26) - Model repository manager initialization - SUCCESS
2017-04-10 15:55:24 [main] DEBUG e.s.d.m.manager.ManagerTest.createSetOfAdaptabilityModels(98) - Models created successfully (id list = 130/131/)
2017-04-10 15:55:25 [main] DEBUG e.s.d.m.m.d.DatabaseConnection.init(37) - Connecting to DB...
2017-04-10 15:55:25 [main] DEBUG e.s.d.m.m.d.DatabaseConnection.init(41) - Database connection - SUCCESS
2017-04-10 15:55:25 [main] DEBUG e.s.d.m.manager.Manager.<init>(26) - Model repository manager initialization - SUCCESS
2017-04-10 15:55:25 [main] DEBUG e.s.d.m.manager.ManagerTest.listAdaptabilityModels(51) - Number of AdaptabilityModels: 50
2017-04-10 15:55:25 [main] DEBUG e.s.d.m.manager.ManagerTest.listAdaptabilityModels(52) - 	Model id: 19
2017-04-10 15:55:25 [main] DEBUG e.s.d.m.manager.ManagerTest.listAdaptabilityModels(52) - 	Model id: 20
2017-04-10 15:55:25 [main] DEBUG e.s.d.m.manager.ManagerTest.listAdaptabilityModels(52) - 	Model id: 21
2017-04-10 15:55:25 [main] DEBUG e.s.d.m.manager.ManagerTest.listAdaptabilityModels(52) - 	Model id: 22
2017-04-10 15:55:25 [main] DEBUG e.s.d.m.manager.ManagerTest.listAdaptabilityModels(52) - 	Model id: 23
2017-04-10 15:55:25 [main] DEBUG e.s.d.m.manager.ManagerTest.listAdaptabilityModels(52) - 	Model id: 24
2017-04-10 15:55:25 [main] DEBUG e.s.d.m.manager.ManagerTest.listAdaptabilityModels(52) - 	Model id: 25
2017-04-10 15:55:25 [main] DEBUG e.s.d.m.manager.ManagerTest.listAdaptabilityModels(52) - 	Model id: 26
2017-04-10 15:55:25 [main] DEBUG e.s.d.m.manager.ManagerTest.listAdaptabilityModels(52) - 	Model id: 27
2017-04-10 15:55:25 [main] DEBUG e.s.d.m.manager.ManagerTest.listAdaptabilityModels(52) - 	Model id: 28
2017-04-10 15:55:25 [main] DEBUG e.s.d.m.manager.ManagerTest.listAdaptabilityModels(52) - 	Model id: 29
2017-04-10 15:55:25 [main] DEBUG e.s.d.m.manager.ManagerTest.listAdaptabilityModels(52) - 	Model id: 30
2017-04-10 15:55:25 [main] DEBUG e.s.d.m.manager.ManagerTest.listAdaptabilityModels(52) - 	Model id: 31
2017-04-10 15:55:25 [main] DEBUG e.s.d.m.manager.ManagerTest.listAdaptabilityModels(52) - 	Model id: 32
2017-04-10 15:55:25 [main] DEBUG e.s.d.m.manager.ManagerTest.listAdaptabilityModels(52) - 	Model id: 33
2017-04-10 15:55:25 [main] DEBUG e.s.d.m.manager.ManagerTest.listAdaptabilityModels(52) - 	Model id: 34
2017-04-10 15:55:25 [main] DEBUG e.s.d.m.manager.ManagerTest.listAdaptabilityModels(52) - 	Model id: 35
2017-04-10 15:55:25 [main] DEBUG e.s.d.m.manager.ManagerTest.listAdaptabilityModels(52) - 	Model id: 36
2017-04-10 15:55:25 [main] DEBUG e.s.d.m.manager.ManagerTest.listAdaptabilityModels(52) - 	Model id: 37
2017-04-10 15:55:25 [main] DEBUG e.s.d.m.manager.ManagerTest.listAdaptabilityModels(52) - 	Model id: 38
2017-04-10 15:55:25 [main] DEBUG e.s.d.m.manager.ManagerTest.listAdaptabilityModels(52) - 	Model id: 39
2017-04-10 15:55:25 [main] DEBUG e.s.d.m.manager.ManagerTest.listAdaptabilityModels(52) - 	Model id: 40
2017-04-10 15:55:25 [main] DEBUG e.s.d.m.manager.ManagerTest.listAdaptabilityModels(52) - 	Model id: 41
2017-04-10 15:55:25 [main] DEBUG e.s.d.m.manager.ManagerTest.listAdaptabilityModels(52) - 	Model id: 42
2017-04-10 15:55:25 [main] DEBUG e.s.d.m.manager.ManagerTest.listAdaptabilityModels(52) - 	Model id: 43
2017-04-10 15:55:25 [main] DEBUG e.s.d.m.manager.ManagerTest.listAdaptabilityModels(52) - 	Model id: 44
2017-04-10 15:55:25 [main] DEBUG e.s.d.m.manager.ManagerTest.listAdaptabilityModels(52) - 	Model id: 76
2017-04-10 15:55:25 [main] DEBUG e.s.d.m.manager.ManagerTest.listAdaptabilityModels(52) - 	Model id: 102
2017-04-10 15:55:25 [main] DEBUG e.s.d.m.manager.ManagerTest.listAdaptabilityModels(52) - 	Model id: 103
2017-04-10 15:55:25 [main] DEBUG e.s.d.m.manager.ManagerTest.listAdaptabilityModels(52) - 	Model id: 104
2017-04-10 15:55:25 [main] DEBUG e.s.d.m.manager.ManagerTest.listAdaptabilityModels(52) - 	Model id: 105
2017-04-10 15:55:25 [main] DEBUG e.s.d.m.manager.ManagerTest.listAdaptabilityModels(52) - 	Model id: 106
2017-04-10 15:55:25 [main] DEBUG e.s.d.m.manager.ManagerTest.listAdaptabilityModels(52) - 	Model id: 107
2017-04-10 15:55:25 [main] DEBUG e.s.d.m.manager.ManagerTest.listAdaptabilityModels(52) - 	Model id: 108
2017-04-10 15:55:25 [main] DEBUG e.s.d.m.manager.ManagerTest.listAdaptabilityModels(52) - 	Model id: 109
2017-04-10 15:55:25 [main] DEBUG e.s.d.m.manager.ManagerTest.listAdaptabilityModels(52) - 	Model id: 110
2017-04-10 15:55:25 [main] DEBUG e.s.d.m.manager.ManagerTest.listAdaptabilityModels(52) - 	Model id: 111
2017-04-10 15:55:25 [main] DEBUG e.s.d.m.manager.ManagerTest.listAdaptabilityModels(52) - 	Model id: 112
2017-04-10 15:55:25 [main] DEBUG e.s.d.m.manager.ManagerTest.listAdaptabilityModels(52) - 	Model id: 113
2017-04-10 15:55:25 [main] DEBUG e.s.d.m.manager.ManagerTest.listAdaptabilityModels(52) - 	Model id: 114
2017-04-10 15:55:25 [main] DEBUG e.s.d.m.manager.ManagerTest.listAdaptabilityModels(52) - 	Model id: 115
2017-04-10 15:55:25 [main] DEBUG e.s.d.m.manager.ManagerTest.listAdaptabilityModels(52) - 	Model id: 116
2017-04-10 15:55:25 [main] DEBUG e.s.d.m.manager.ManagerTest.listAdaptabilityModels(52) - 	Model id: 117
2017-04-10 15:55:25 [main] DEBUG e.s.d.m.manager.ManagerTest.listAdaptabilityModels(52) - 	Model id: 118
2017-04-10 15:55:25 [main] DEBUG e.s.d.m.manager.ManagerTest.listAdaptabilityModels(52) - 	Model id: 119
2017-04-10 15:55:25 [main] DEBUG e.s.d.m.manager.ManagerTest.listAdaptabilityModels(52) - 	Model id: 120
2017-04-10 15:55:25 [main] DEBUG e.s.d.m.manager.ManagerTest.listAdaptabilityModels(52) - 	Model id: 121
2017-04-10 15:55:25 [main] DEBUG e.s.d.m.manager.ManagerTest.listAdaptabilityModels(52) - 	Model id: 122
2017-04-10 15:55:25 [main] DEBUG e.s.d.m.manager.ManagerTest.listAdaptabilityModels(52) - 	Model id: 123
2017-04-10 15:55:25 [main] DEBUG e.s.d.m.manager.ManagerTest.listAdaptabilityModels(52) - 	Model id: 124
2017-04-10 15:55:25 [main] DEBUG e.s.d.m.m.d.DatabaseConnection.init(37) - Connecting to DB...
2017-04-10 15:55:25 [main] DEBUG e.s.d.m.m.d.DatabaseConnection.init(41) - Database connection - SUCCESS
2017-04-10 15:55:25 [main] DEBUG e.s.d.m.manager.Manager.<init>(26) - Model repository manager initialization - SUCCESS
2017-04-10 15:55:25 [main] DEBUG e.s.d.m.m.d.DatabaseConnection.init(37) - Connecting to DB...
2017-04-10 15:55:25 [main] DEBUG e.s.d.m.m.d.DatabaseConnection.init(41) - Database connection - SUCCESS
2017-04-10 15:55:25 [main] DEBUG e.s.d.m.manager.Manager.<init>(26) - Model repository manager initialization - SUCCESS
2017-04-10 15:55:25 [main] DEBUG e.s.d.m.manager.ManagerTest.createAdaptabilityModel(72) - Model created successfully (id = 132)
2017-04-10 15:55:25 [main] DEBUG e.s.d.m.m.d.DatabaseConnection.init(37) - Connecting to DB...
2017-04-10 15:55:25 [main] DEBUG e.s.d.m.m.d.DatabaseConnection.init(41) - Database connection - SUCCESS
2017-04-10 15:55:25 [main] DEBUG e.s.d.m.manager.Manager.<init>(26) - Model repository manager initialization - SUCCESS
2017-04-10 15:55:25 [main] DEBUG e.s.d.m.manager.ManagerTest.createAndGetBaseModel(191) - Model created and retrieved successfully (id = 131)
2017-04-10 15:55:25 [main] DEBUG e.s.d.m.m.d.DatabaseConnection.init(37) - Connecting to DB...
2017-04-10 15:55:25 [main] DEBUG e.s.d.m.m.d.DatabaseConnection.init(41) - Database connection - SUCCESS
2017-04-10 15:55:25 [main] DEBUG e.s.d.m.manager.Manager.<init>(26) - Model repository manager initialization - SUCCESS
2017-04-10 15:55:25 [main] DEBUG e.s.d.m.manager.ManagerTest.createAndDeleteModel(137) - Model created and deleted successfully (id = 133)
2017-04-10 15:55:25 [main] DEBUG e.s.d.m.m.d.DatabaseConnection.init(37) - Connecting to DB...
2017-04-10 15:55:25 [main] DEBUG e.s.d.m.m.d.DatabaseConnection.init(41) - Database connection - SUCCESS
2017-04-10 15:55:25 [main] DEBUG e.s.d.m.manager.Manager.<init>(26) - Model repository manager initialization - SUCCESS
2017-04-10 15:55:25 [main] DEBUG e.s.d.m.m.d.DatabaseConnection.init(37) - Connecting to DB...
2017-04-10 15:55:25 [main] DEBUG e.s.d.m.m.d.DatabaseConnection.init(41) - Database connection - SUCCESS
2017-04-10 15:55:25 [main] DEBUG e.s.d.m.manager.Manager.<init>(26) - Model repository manager initialization - SUCCESS
2017-04-10 15:55:26 [main] DEBUG e.s.d.m.manager.ManagerTest.createAndUpdateModel(166) - Model created and updated successfully (id = 133)
2017-04-10 15:55:26 [main] DEBUG e.s.d.m.m.d.DatabaseConnection.init(37) - Connecting to DB...
2017-04-10 15:55:26 [main] DEBUG e.s.d.m.m.d.DatabaseConnection.init(41) - Database connection - SUCCESS
2017-04-10 15:55:26 [main] DEBUG e.s.d.m.manager.Manager.<init>(26) - Model repository manager initialization - SUCCESS
2017-04-10 15:55:26 [main] DEBUG e.s.d.m.manager.ManagerTest.createAndGetAdaptabilityModel(121) - Model created and retrieved successfully (id = 134)
2017-04-10 15:55:26 [main] DEBUG e.s.d.m.m.d.DatabaseConnection.init(37) - Connecting to DB...
2017-04-10 15:55:26 [main] DEBUG e.s.d.m.m.d.DatabaseConnection.init(41) - Database connection - SUCCESS
2017-04-10 15:55:26 [main] DEBUG e.s.d.m.manager.Manager.<init>(26) - Model repository manager initialization - SUCCESS
2017-04-10 15:55:26 [main] DEBUG e.s.d.m.m.d.DatabaseConnection.init(37) - Connecting to DB...
2017-04-10 15:55:26 [main] DEBUG e.s.d.m.m.d.DatabaseConnection.init(41) - Database connection - SUCCESS
2017-04-10 15:55:26 [main] DEBUG e.s.d.m.manager.Manager.<init>(26) - Model repository manager initialization - SUCCESS
2017-04-10 16:44:08 [main] DEBUG e.s.d.m.m.d.DatabaseConnection.init(37) - Connecting to DB...
2017-04-10 16:44:09 [main] DEBUG e.s.d.m.m.d.DatabaseConnection.init(41) - Database connection - SUCCESS
2017-04-10 16:44:09 [main] DEBUG e.s.d.m.manager.Manager.<init>(25) - Model repository manager initialization - SUCCESS
2017-04-10 16:44:09 [main] DEBUG e.s.d.m.manager.ManagerTest.createSetOfAdaptabilityModels(97) - Models created successfully (id list = 135/136/)
2017-04-10 16:44:09 [main] DEBUG e.s.d.m.m.d.DatabaseConnection.init(37) - Connecting to DB...
2017-04-10 16:44:09 [main] DEBUG e.s.d.m.m.d.DatabaseConnection.init(41) - Database connection - SUCCESS
2017-04-10 16:44:09 [main] DEBUG e.s.d.m.manager.Manager.<init>(25) - Model repository manager initialization - SUCCESS
2017-04-10 16:44:09 [main] DEBUG e.s.d.m.manager.ManagerTest.listAdaptabilityModels(50) - Number of AdaptabilityModels: 0
2017-04-10 16:44:09 [main] DEBUG e.s.d.m.m.d.DatabaseConnection.init(37) - Connecting to DB...
2017-04-10 16:44:09 [main] DEBUG e.s.d.m.m.d.DatabaseConnection.init(41) - Database connection - SUCCESS
2017-04-10 16:44:09 [main] DEBUG e.s.d.m.manager.Manager.<init>(25) - Model repository manager initialization - SUCCESS
2017-04-10 16:44:09 [main] DEBUG e.s.d.m.m.d.DatabaseConnection.init(37) - Connecting to DB...
2017-04-10 16:44:09 [main] DEBUG e.s.d.m.m.d.DatabaseConnection.init(41) - Database connection - SUCCESS
2017-04-10 16:44:09 [main] DEBUG e.s.d.m.manager.Manager.<init>(25) - Model repository manager initialization - SUCCESS
2017-04-10 16:44:09 [main] DEBUG e.s.d.m.manager.ManagerTest.createAdaptabilityModel(71) - Model created successfully (id = 137)
2017-04-10 16:44:09 [main] DEBUG e.s.d.m.m.d.DatabaseConnection.init(37) - Connecting to DB...
2017-04-10 16:44:09 [main] DEBUG e.s.d.m.m.d.DatabaseConnection.init(41) - Database connection - SUCCESS
2017-04-10 16:44:09 [main] DEBUG e.s.d.m.manager.Manager.<init>(25) - Model repository manager initialization - SUCCESS
2017-04-10 16:44:10 [main] DEBUG e.s.d.m.manager.ManagerTest.createAndGetBaseModel(190) - Model created and retrieved successfully (id = 262)
2017-04-10 16:44:10 [main] DEBUG e.s.d.m.m.d.DatabaseConnection.init(37) - Connecting to DB...
2017-04-10 16:44:10 [main] DEBUG e.s.d.m.m.d.DatabaseConnection.init(41) - Database connection - SUCCESS
2017-04-10 16:44:10 [main] DEBUG e.s.d.m.manager.Manager.<init>(25) - Model repository manager initialization - SUCCESS
2017-04-10 16:44:10 [main] DEBUG e.s.d.m.manager.ManagerTest.createAndDeleteModel(136) - Model created and deleted successfully (id = 138)
2017-04-10 16:44:10 [main] DEBUG e.s.d.m.m.d.DatabaseConnection.init(37) - Connecting to DB...
2017-04-10 16:44:10 [main] DEBUG e.s.d.m.m.d.DatabaseConnection.init(41) - Database connection - SUCCESS
2017-04-10 16:44:10 [main] DEBUG e.s.d.m.manager.Manager.<init>(25) - Model repository manager initialization - SUCCESS
2017-04-10 16:44:10 [main] DEBUG e.s.d.m.m.d.DatabaseConnection.init(37) - Connecting to DB...
2017-04-10 16:44:10 [main] DEBUG e.s.d.m.m.d.DatabaseConnection.init(41) - Database connection - SUCCESS
2017-04-10 16:44:10 [main] DEBUG e.s.d.m.manager.Manager.<init>(25) - Model repository manager initialization - SUCCESS
2017-04-10 16:44:10 [main] DEBUG e.s.d.m.manager.ManagerTest.createAndUpdateModel(165) - Model created and updated successfully (id = 264)
2017-04-10 16:44:10 [main] DEBUG e.s.d.m.m.d.DatabaseConnection.init(37) - Connecting to DB...
2017-04-10 16:44:10 [main] DEBUG e.s.d.m.m.d.DatabaseConnection.init(41) - Database connection - SUCCESS
2017-04-10 16:44:10 [main] DEBUG e.s.d.m.manager.Manager.<init>(25) - Model repository manager initialization - SUCCESS
2017-04-10 16:44:10 [main] DEBUG e.s.d.m.manager.ManagerTest.createAndGetAdaptabilityModel(120) - Model created and retrieved successfully (id = 139)
2017-04-10 16:44:10 [main] DEBUG e.s.d.m.m.d.DatabaseConnection.init(37) - Connecting to DB...
2017-04-10 16:44:10 [main] DEBUG e.s.d.m.m.d.DatabaseConnection.init(41) - Database connection - SUCCESS
2017-04-10 16:44:10 [main] DEBUG e.s.d.m.manager.Manager.<init>(25) - Model repository manager initialization - SUCCESS
2017-04-10 16:44:26 [main] DEBUG e.s.d.m.m.d.DatabaseConnection.init(37) - Connecting to DB...
2017-04-10 16:44:26 [main] DEBUG e.s.d.m.m.d.DatabaseConnection.init(41) - Database connection - SUCCESS
2017-04-10 16:44:26 [main] DEBUG e.s.d.m.manager.Manager.<init>(25) - Model repository manager initialization - SUCCESS
2017-04-10 16:44:26 [main] DEBUG e.s.d.m.manager.ManagerTest.createSetOfAdaptabilityModels(97) - Models created successfully (id list = 140/141/)
2017-04-10 16:44:26 [main] DEBUG e.s.d.m.m.d.DatabaseConnection.init(37) - Connecting to DB...
2017-04-10 16:44:26 [main] DEBUG e.s.d.m.m.d.DatabaseConnection.init(41) - Database connection - SUCCESS
2017-04-10 16:44:26 [main] DEBUG e.s.d.m.manager.Manager.<init>(25) - Model repository manager initialization - SUCCESS
2017-04-10 16:44:26 [main] DEBUG e.s.d.m.manager.ManagerTest.listAdaptabilityModels(50) - Number of AdaptabilityModels: 0
2017-04-10 16:44:26 [main] DEBUG e.s.d.m.m.d.DatabaseConnection.init(37) - Connecting to DB...
2017-04-10 16:44:26 [main] DEBUG e.s.d.m.m.d.DatabaseConnection.init(41) - Database connection - SUCCESS
2017-04-10 16:44:26 [main] DEBUG e.s.d.m.manager.Manager.<init>(25) - Model repository manager initialization - SUCCESS
2017-04-10 16:44:26 [main] DEBUG e.s.d.m.m.d.DatabaseConnection.init(37) - Connecting to DB...
2017-04-10 16:44:26 [main] DEBUG e.s.d.m.m.d.DatabaseConnection.init(41) - Database connection - SUCCESS
2017-04-10 16:44:26 [main] DEBUG e.s.d.m.manager.Manager.<init>(25) - Model repository manager initialization - SUCCESS
2017-04-10 16:44:27 [main] DEBUG e.s.d.m.manager.ManagerTest.createAdaptabilityModel(71) - Model created successfully (id = 142)
2017-04-10 16:44:27 [main] DEBUG e.s.d.m.m.d.DatabaseConnection.init(37) - Connecting to DB...
2017-04-10 16:44:27 [main] DEBUG e.s.d.m.m.d.DatabaseConnection.init(41) - Database connection - SUCCESS
2017-04-10 16:44:27 [main] DEBUG e.s.d.m.manager.Manager.<init>(25) - Model repository manager initialization - SUCCESS
2017-04-10 16:44:27 [main] DEBUG e.s.d.m.manager.ManagerTest.createAndGetBaseModel(190) - Model created and retrieved successfully (id = 267)
2017-04-10 16:44:27 [main] DEBUG e.s.d.m.m.d.DatabaseConnection.init(37) - Connecting to DB...
2017-04-10 16:44:27 [main] DEBUG e.s.d.m.m.d.DatabaseConnection.init(41) - Database connection - SUCCESS
2017-04-10 16:44:27 [main] DEBUG e.s.d.m.manager.Manager.<init>(25) - Model repository manager initialization - SUCCESS
2017-04-10 16:44:27 [main] DEBUG e.s.d.m.manager.ManagerTest.createAndDeleteModel(136) - Model created and deleted successfully (id = 143)
2017-04-10 16:44:27 [main] DEBUG e.s.d.m.m.d.DatabaseConnection.init(37) - Connecting to DB...
2017-04-10 16:44:27 [main] DEBUG e.s.d.m.m.d.DatabaseConnection.init(41) - Database connection - SUCCESS
2017-04-10 16:44:27 [main] DEBUG e.s.d.m.manager.Manager.<init>(25) - Model repository manager initialization - SUCCESS
2017-04-10 16:44:27 [main] DEBUG e.s.d.m.m.d.DatabaseConnection.init(37) - Connecting to DB...
2017-04-10 16:44:27 [main] DEBUG e.s.d.m.m.d.DatabaseConnection.init(41) - Database connection - SUCCESS
2017-04-10 16:44:27 [main] DEBUG e.s.d.m.manager.Manager.<init>(25) - Model repository manager initialization - SUCCESS
2017-04-10 16:44:27 [main] DEBUG e.s.d.m.manager.ManagerTest.createAndUpdateModel(165) - Model created and updated successfully (id = 269)
2017-04-10 16:44:27 [main] DEBUG e.s.d.m.m.d.DatabaseConnection.init(37) - Connecting to DB...
2017-04-10 16:44:27 [main] DEBUG e.s.d.m.m.d.DatabaseConnection.init(41) - Database connection - SUCCESS
2017-04-10 16:44:27 [main] DEBUG e.s.d.m.manager.Manager.<init>(25) - Model repository manager initialization - SUCCESS
2017-04-10 16:44:27 [main] DEBUG e.s.d.m.manager.ManagerTest.createAndGetAdaptabilityModel(120) - Model created and retrieved successfully (id = 144)
2017-04-10 16:44:28 [main] DEBUG e.s.d.m.m.d.DatabaseConnection.init(37) - Connecting to DB...
2017-04-10 16:44:28 [main] DEBUG e.s.d.m.m.d.DatabaseConnection.init(41) - Database connection - SUCCESS
2017-04-10 16:44:28 [main] DEBUG e.s.d.m.manager.Manager.<init>(25) - Model repository manager initialization - SUCCESS
2017-04-10 16:44:28 [main] DEBUG e.s.d.m.m.d.DatabaseConnection.init(37) - Connecting to DB...
2017-04-10 16:44:28 [main] DEBUG e.s.d.m.m.d.DatabaseConnection.init(41) - Database connection - SUCCESS
2017-04-10 16:44:28 [main] DEBUG e.s.d.m.manager.Manager.<init>(25) - Model repository manager initialization - SUCCESS
